This file contains any messages produced by compilers while
running configure, to aid debugging if configure makes a mistake.

It was created by configure, which was
generated by GNU Autoconf 2.57.  Invocation command line was

  $ ./configure --with-parmfile=parms.ifc_mkl

## --------- ##
## Platform. ##
## --------- ##

hostname = futuna
uname -m = i686
uname -r = 2.4.21-99-default
uname -s = Linux
uname -v = #1 Wed Sep 24 13:30:51 UTC 2003

/usr/bin/uname -p = unknown
/bin/uname -X     = unknown

/bin/arch              = i686
/usr/bin/arch -k       = unknown
/usr/convex/getsysinfo = unknown
hostinfo               = unknown
/bin/machine           = unknown
/usr/bin/oslevel       = unknown
/bin/universe          = unknown

PATH: /opt2/adabas/bin
PATH: /opt2/adabas/pgm
PATH: /usr/local/dx/bin/
PATH: /home/ptpb/Tree/PAW//bin
PATH: /home/ptpb/Tree/PAW//bin/intel/
PATH: /usr/absoft/bin/
PATH: /opt2/adabas/bin
PATH: /opt2/adabas/pgm
PATH: /usr/local/dx/bin/
PATH: /home/ptpb/Tree/PAW//bin
PATH: /home/ptpb/Tree/PAW//bin/intel/
PATH: /usr/absoft/bin/
PATH: /opt2/adabas/bin
PATH: /opt2/adabas/pgm
PATH: /usr/local/dx/bin/
PATH: /home/ptpb/Tree/PAW//bin
PATH: /home/ptpb/Tree/PAW//bin/intel/
PATH: /usr/absoft/bin/
PATH: /usr/absoft/bin
PATH: /home/ptpb/bin
PATH: /usr/local/bin
PATH: /usr/bin
PATH: /usr/X11R6/bin
PATH: /bin
PATH: /usr/games
PATH: /opt/gnome/bin
PATH: /opt/kde3/bin
PATH: /usr/lib/java/jre/bin
PATH: /home/ptpb/bin
PATH: /home/ptpb/bin
PATH: /home/ptpb/bin


## ----------- ##
## Core tests. ##
## ----------- ##

configure:1484: checking for gmake
configure:1500: found /usr/bin/gmake
configure:1510: result: gmake
configure:1567: checking for cpp
configure:1583: found /usr/bin/cpp
configure:1594: result: cpp
configure:3609: creating ./config.status

## ---------------------- ##
## Running config.status. ##
## ---------------------- ##

This file was extended by config.status, which was
generated by GNU Autoconf 2.57.  Invocation command line was

  CONFIG_FILES    = 
  CONFIG_HEADERS  = 
  CONFIG_LINKS    = 
  CONFIG_COMMANDS = 
  $ ./config.status 

on futuna

config.status:629: creating Makefile
config.status:629: creating /home/ptpb/Tree/PAW/bin/f90pp
configure:4393: result: creating Makefile.none
configure:4403: result: creating Makefile.fast
configure:4415: result: creating Makefile.parallel
configure:4427: result: creating Makefile.debug
configure:4439: result: creating subdirectories and copying shell scripts
configure:4450: result: -------------------------------------
configure:4452: result: printing out of summary              
configure:4454: result: -------------------------------------
configure:4456: result: architecture                   : ifc
configure:4458: result: CPP command                    : cpp  -traditional
configure:4460: result: MAKE command                   : gmake
configure:4462: result: F90 compile command            : /opt/intel/compiler70/ia32/bin/ifc -c -mp  
configure:4464: result: F77 compile command            : /opt/intel/compiler70/ia32/bin/ifc -c -mp 
configure:4466: result: F90 optimize options           : -xW -tpp7
configure:4468: result: F77 optimize options           : -xW -tpp7
configure:4470: result: F90 debug flags                : -g -C -d4
configure:4472: result: F77 debug flags                : -g -C -d4
configure:4474: result: F90 linking flags              : -xW -tpp7 -static 
configure:4476: result: search directories (sequential): -L/homer/cfoerst/PAW/lib/fftw-intel/fftw/.libs/ -L/opt/intel/mkl/lib/32 
configure:4478: result: search directories (parallel)  : -L/homer/cfoerst/PAW/lib/fftw-intel/fftw/.libs/ -L/opt/intel/mkl/lib/32 -L/homer/cfoerst/ARCHIVE_PAW/libs/mpich-1.2.5_ifc/lib/
configure:4480: result: external libraries (sequential):  -Vaxlib -lfftw -lmkl_lapack -lmkl_p4 -lguide -lpthread 
configure:4482: result: external libraries (parallel)  :  -Vaxlib -lfftw -lmkl_lapack -lmkl_p4 -lguide -lpthread -lfmpich -lmpich  
configure:4484: result: preprocessor variables         : -DCPPVAR_FFT_FFTW -DCPPVAR_U77
configure:4486: result: F90 file extension             : f90
configure:4488: result: -------------------------------------
configure:4490: result: configuration completed successfully!

## ---------------- ##
## Cache variables. ##
## ---------------- ##

ac_cv_env_CC_set=
ac_cv_env_CC_value=
ac_cv_env_CFLAGS_set=
ac_cv_env_CFLAGS_value=
ac_cv_env_CPPFLAGS_set=
ac_cv_env_CPPFLAGS_value=
ac_cv_env_LDFLAGS_set=
ac_cv_env_LDFLAGS_value=
ac_cv_env_build_alias_set=
ac_cv_env_build_alias_value=
ac_cv_env_host_alias_set=
ac_cv_env_host_alias_value=
ac_cv_env_target_alias_set=
ac_cv_env_target_alias_value=
ac_cv_prog_CPP=cpp
ac_cv_prog_MAKE=gmake

## ----------------- ##
## Output variables. ##
## ----------------- ##

ARCH='ifc'
BINDIR='/home/ptpb/Tree/PAW/bin'
CC=''
CFLAGS=''
COMPILE77='/opt/intel/compiler70/ia32/bin/ifc -c -mp '
COMPILE='/opt/intel/compiler70/ia32/bin/ifc -c -mp  '
COMPILER='/opt/intel/compiler70/ia32/bin/ifc'
CPP='cpp  -traditional'
CPPFLAGS=''
CPPVAR='-DCPPVAR_FFT_FFTW -DCPPVAR_U77'
DEBUGDIR='debug'
DEFS='-DPACKAGE_NAME=\"\" -DPACKAGE_TARNAME=\"\" -DPACKAGE_VERSION=\"\" -DPACKAGE_STRING=\"\" -DPACKAGE_BUGREPORT=\"\" '
ECHO_C=''
ECHO_N='-n'
ECHO_T=''
EXEEXT=''
FASTDIR='fast'
FEXT='f90'
FFTW=''
FFTWDIR='notset'
LDFLAGS=''
LIBOBJS=''
LIBS=' -Vaxlib -lfftw -lmkl_lapack -lmkl_p4 -lguide -lpthread '
LINK='/opt/intel/compiler70/ia32/bin/ifc -xW -tpp7 -static '
LLIBS=' -Vaxlib -lfftw -lmkl_lapack -lmkl_p4 -lguide -lpthread '
LLIBSPARALLEL=' -Vaxlib -lfftw -lmkl_lapack -lmkl_p4 -lguide -lpthread -lfmpich -lmpich  '
LLINK='-L/homer/cfoerst/PAW/lib/fftw-intel/fftw/.libs/ -L/opt/intel/mkl/lib/32 '
LLINKPARALLEL='-L/homer/cfoerst/PAW/lib/fftw-intel/fftw/.libs/ -L/opt/intel/mkl/lib/32 -L/homer/cfoerst/ARCHIVE_PAW/libs/mpich-1.2.5_ifc/lib/'
LTLIBOBJS=''
MAKE='gmake'
MPICHDIR='notset'
NONEDIR='none'
OBJDIR='/home/ptpb/Tree/PAW/bin/ifc/Objects'
OBJEXT=''
PACKAGE_BUGREPORT=''
PACKAGE_NAME=''
PACKAGE_STRING=''
PACKAGE_TARNAME=''
PACKAGE_VERSION=''
PARALLELDIR='fast'
PARALLELNAME='parallel'
PATH_SEPARATOR=':'
PAWDIR='/home/ptpb/Tree/PAW'
PAWX='/home/ptpb/Tree/PAW/bin/ifc'
SHELL='/bin/sh'
SRCDIR='/home/ptpb/Tree/PAW/src'
TOOLCOMP='fast'
TOOLDIR='/home/ptpb/Tree/PAW/src/Tools'
absARCH='intel'
ac_ct_CC=''
bindir='${exec_prefix}/bin'
build_alias=''
datadir='${prefix}/share'
exec_prefix='${prefix}'
fortARCH='alpha'
host_alias=''
includedir='${prefix}/include'
infodir='${prefix}/info'
libdir='${exec_prefix}/lib'
libexecdir='${exec_prefix}/libexec'
localstatedir='${prefix}/var'
mandir='${prefix}/man'
oldincludedir='/usr/include'
prefix='/usr/local'
program_transform_name='s,x,x,'
sbindir='${exec_prefix}/sbin'
sharedstatedir='${prefix}/com'
sysconfdir='${prefix}/etc'
target_alias=''
xlf90ARCH='ibm'

## ----------- ##
## confdefs.h. ##
## ----------- ##

#define PACKAGE_BUGREPORT ""
#define PACKAGE_NAME ""
#define PACKAGE_STRING ""
#define PACKAGE_TARNAME ""
#define PACKAGE_VERSION ""

configure: exit 0
