   0.0001056000   0.05000 250   8 0.0014.00 0.524000000000
    0    1    0    1    2    0    1    2
+.71521745E+01+.20101453E+02+.13857415E+02+.91234576E+01+.12729127E+02
+.15291255E+02+.14612175E+02+.14678141E+02+.14703883E+02+.14726167E+02
+.14746400E+02+.14764702E+02+.14781264E+02+.14796249E+02+.14809809E+02
+.14822078E+02+.14833179E+02+.14843224E+02+.14852313E+02+.14860538E+02
+.14867979E+02+.14874713E+02+.14880805E+02+.14886318E+02+.14891306E+02
+.14895820E+02+.14899904E+02+.14903599E+02+.14906943E+02+.14909968E+02
+.14912705E+02+.14915182E+02+.14917423E+02+.14919451E+02+.14921285E+02
+.14922945E+02+.14924447E+02+.14925805E+02+.14927034E+02+.14928146E+02
+.14929152E+02+.14930061E+02+.14930884E+02+.14931628E+02+.14932301E+02
+.14932909E+02+.14933459E+02+.14933955E+02+.14934404E+02+.14934809E+02
+.14935174E+02+.14935504E+02+.14935801E+02+.14936068E+02+.14936308E+02
+.14936524E+02+.14936717E+02+.14936890E+02+.14937043E+02+.14937180E+02
+.14937300E+02+.14937406E+02+.14937498E+02+.14937577E+02+.14937643E+02
+.14937699E+02+.14937743E+02+.14937777E+02+.14937800E+02+.14937814E+02
+.14937817E+02+.14937811E+02+.14937794E+02+.14937767E+02+.14937730E+02
+.14937681E+02+.14937621E+02+.14937549E+02+.14937464E+02+.14937364E+02
+.14937250E+02+.14937120E+02+.14936972E+02+.14936805E+02+.14936617E+02
+.14936407E+02+.14936171E+02+.14935908E+02+.14935615E+02+.14935289E+02
+.14934926E+02+.14934523E+02+.14934075E+02+.14933579E+02+.14933028E+02
+.14932418E+02+.14931742E+02+.14930993E+02+.14930164E+02+.14929246E+02
+.14928230E+02+.14927105E+02+.14925861E+02+.14924485E+02+.14922963E+02
+.14921279E+02+.14919416E+02+.14917357E+02+.14915080E+02+.14912563E+02
+.14909780E+02+.14906703E+02+.14903302E+02+.14899544E+02+.14895390E+02
+.14890800E+02+.14885728E+02+.14880124E+02+.14873932E+02+.14867092E+02
+.14859537E+02+.14851192E+02+.14841976E+02+.14831798E+02+.14820561E+02
+.14808154E+02+.14794458E+02+.14779340E+02+.14762656E+02+.14744245E+02
+.14723933E+02+.14701526E+02+.14676814E+02+.14649563E+02+.14619520E+02
+.14586407E+02+.14549917E+02+.14509719E+02+.14465447E+02+.14416705E+02
+.14363060E+02+.14304040E+02+.14239135E+02+.14167789E+02+.14089401E+02
+.14003324E+02+.13908858E+02+.13805253E+02+.13691705E+02+.13567358E+02
+.13431299E+02+.13282566E+02+.13120146E+02+.12942981E+02+.12749972E+02
+.12539992E+02+.12311893E+02+.12064526E+02+.11796754E+02+.11507482E+02
+.11195680E+02+.10860423E+02+.10500925E+02+.10116594E+02+.97070780E+01
+.92723306E+01+.88126744E+01+.83288726E+01+.78222030E+01+.72945322E+01
+.67483868E+01+.61870176E+01+.56144503E+01+.50355173E+01+.44558617E+01
+.38819079E+01+.33207884E+01+.27802210E+01+.22683279E+01+.17933927E+01
+.13635504E+01+.98640778E+00+.66859260E+00+.41522887E+00+.22933279E+00
+.11111999E+00+.57207709E-01+.59663975E-01+.10413143E+00+.18581657E+00
+.21585294E+00+.88693109E-01-.32828332E-01-.44061588E-01-.28209557E-01
-.17882798E-01-.85090583E-02-.28904677E-02-.61229825E-03-.85421450E-04
-.46191642E-04-.40161614E-04-.28859840E-04-.23652909E-04-.20544289E-04
-.17455055E-04-.14715976E-04-.12441411E-04-.10505511E-04-.88875085E-05
-.75349456E-05+.00000000E+00+.00000000E+00+.00000000E+00+.00000000E+00
+.00000000E+00+.00000000E+00+.00000000E+00+.00000000E+00+.00000000E+00
+.00000000E+00+.00000000E+00+.00000000E+00+.00000000E+00+.00000000E+00
+.00000000E+00+.00000000E+00+.00000000E+00+.00000000E+00+.00000000E+00
+.00000000E+00+.00000000E+00+.00000000E+00+.00000000E+00+.00000000E+00
+.00000000E+00+.00000000E+00+.00000000E+00+.00000000E+00+.00000000E+00
+.00000000E+00+.00000000E+00+.00000000E+00+.00000000E+00+.00000000E+00
+.00000000E+00+.00000000E+00+.00000000E+00+.00000000E+00+.00000000E+00
+.66608426E+04+.66573584E+04+.66538760E+04+.66503954E+04+.66468566E+04
+.66431408E+04+.66392843E+04+.66352860E+04+.66311493E+04+.66268773E+04
+.66224720E+04+.66179349E+04+.66132667E+04+.66084678E+04+.66035376E+04
+.65984751E+04+.65932789E+04+.65879468E+04+.65824762E+04+.65768641E+04
+.65711069E+04+.65652006E+04+.65591406E+04+.65529218E+04+.65465389E+04
+.65399857E+04+.65332559E+04+.65263425E+04+.65192381E+04+.65119348E+04
+.65044239E+04+.64966967E+04+.64887435E+04+.64805543E+04+.64721185E+04
+.64634247E+04+.64544612E+04+.64452155E+04+.64356745E+04+.64258244E+04
+.64156508E+04+.64051384E+04+.63942714E+04+.63830330E+04+.63714059E+04
+.63593716E+04+.63469110E+04+.63340042E+04+.63206302E+04+.63067671E+04
+.62923921E+04+.62774814E+04+.62620101E+04+.62459523E+04+.62292809E+04
+.62119679E+04+.61939840E+04+.61752987E+04+.61558804E+04+.61356961E+04
+.61147117E+04+.60928918E+04+.60701997E+04+.60465973E+04+.60220453E+04
+.59965029E+04+.59699283E+04+.59422779E+04+.59135072E+04+.58835701E+04
+.58524194E+04+.58200066E+04+.57862820E+04+.57511946E+04+.57146926E+04
+.56767229E+04+.56372317E+04+.55961644E+04+.55534654E+04+.55090791E+04
+.54629491E+04+.54150191E+04+.53652327E+04+.53135339E+04+.52598673E+04
+.52041780E+04+.51464129E+04+.50865199E+04+.50244492E+04+.49601532E+04
+.48935873E+04+.48247101E+04+.47534843E+04+.46798769E+04+.46038603E+04
+.45254123E+04+.44445176E+04+.43611679E+04+.42753629E+04+.41871111E+04
+.40964306E+04+.40033502E+04+.39079095E+04+.38101606E+04+.37101685E+04
+.36080118E+04+.35037839E+04+.33975934E+04+.32895647E+04+.31798389E+04
+.30685740E+04+.29559452E+04+.28421454E+04+.27273847E+04+.26118906E+04
+.24959076E+04+.23796961E+04+.22635320E+04+.21477049E+04+.20325172E+04
+.19182814E+04+.18053188E+04+.16939564E+04+.15845240E+04+.14773515E+04
+.13727651E+04+.12710837E+04+.11726152E+04+.10776522E+04+.98646819E+03
+.89931332E+03+.81641054E+03+.73795184E+03+.66409478E+03+.59495948E+03
+.53062616E+03+.47113322E+03+.41647611E+03+.36660699E+03+.32143519E+03
+.28082865E+03+.24461622E+03+.21259086E+03+.18451363E+03+.16011854E+03
+.13911791E+03+.12120827E+03+.10607653E+03+.93406273E+02+.82883851E+02
+.74204200E+02+.67076088E+02+.61226699E+02+.56405471E+02+.52387144E+02
+.48973971E+02+.45997019E+02+.43316482E+02+.40821013E+02+.38426193E+02
+.36072273E+02+.33721406E+02+.31354499E+02+.28967873E+02+.26569871E+02
+.24177556E+02+.21813616E+02+.19503591E+02+.17273487E+02+.15147826E+02
+.13148143E+02+.11291945E+02+.95920798E+01+.80564890E+01+.66882829E+01
+.54860756E+01+.44445160E+01+.35549525E+01+.28061715E+01+.21851562E+01
+.16778240E+01+.12697047E+01+.94653030E+00+.69471957E+00+.50174359E+00
+.35637027E+00+.24879156E+00+.17064216E+00+.11493989E+00+.75991552E-01
+.49279419E-01+.31317996E-01+.19486296E-01+.11858440E-01+.70506443E-02
+.40912666E-02+.23143164E-02+.12747162E-02+.68280906E-03+.35524329E-03
+.17927216E-03+.87629495E-04+.41428169E-04+.18913456E-04+.83245081E-05
+.35261441E-05+.14347959E-05+.55973576E-06+.20891625E-06+.74439819E-07
+.25260833E-07+.81452921E-08+.24890780E-08+.71944717E-09+.19592868E-09
+.50121647E-10+.12006051E-10+.26839021E-11+.55794063E-12+.10745854E-12
+.19099042E-13+.31195549E-14+.46621107E-15+.63457877E-16+.78290784E-17
+.87110448E-18+.86951253E-19+.77434254E-20+.61168588E-21+.42487821E-22
+.25797635E-23+.13643008E-24+.62397064E-26+.24496331E-27+.81905527E-29
+.23132303E-30+.54708270E-32+.10736379E-33+.17317018E-35+.22726131E-37
+.24011401E-39+.20196991E-41+.13242146E-43+.16461705E-47+.00000000E+00
+.00000000E+00+.00000000E+00+.00000000E+00+.00000000E+00+.00000000E+00
+.20930017E-08+.23131168E-08+.25563804E-08+.28252267E-08+.31223461E-08
+.34507119E-08+.38136099E-08+.42146716E-08+.46579102E-08+.51477610E-08
+.56891256E-08+.62874211E-08+.69486343E-08+.76793814E-08+.84869741E-08
+.93794932E-08+.10365869E-07+.11455971E-07+.12660706E-07+.13992128E-07
+.15463558E-07+.17089718E-07+.18886877E-07+.20873015E-07+.23068004E-07
+.25493801E-07+.28174675E-07+.31137446E-07+.34411752E-07+.38030347E-07
+.42029429E-07+.46448999E-07+.51333267E-07+.56731085E-07+.62696443E-07
+.69289005E-07+.76574706E-07+.84626410E-07+.93524639E-07+.10335838E-06
+.11422596E-06+.12623606E-06+.13950877E-06+.15417678E-06+.17038675E-06
+.18830075E-06+.20809784E-06+.22997594E-06+.25415372E-06+.28087284E-06
+.31040035E-06+.34303132E-06+.37909184E-06+.41894223E-06+.46298063E-06
+.51164701E-06+.56542751E-06+.62485933E-06+.69053602E-06+.76311346E-06
+.84331636E-06+.93194546E-06+.10298855E-05+.11381141E-05+.12577114E-05
+.13898709E-05+.15359109E-05+.16972885E-05+.18756131E-05+.20726631E-05
+.22904029E-05+.25310032E-05+.27968617E-05+.30906276E-05+.34152271E-05
+.37738931E-05+.41701967E-05+.46080829E-05+.50919090E-05+.56264885E-05
+.62171379E-05+.68697294E-05+.75907490E-05+.83873599E-05+.92674737E-05
+.10239827E-04+.11314070E-04+.12500856E-04+.13811951E-04+.15260348E-04
+.16860392E-04+.18627921E-04+.20580420E-04+.22737196E-04+.25119557E-04
+.27751028E-04+.30657575E-04+.33867854E-04+.37413496E-04+.41329402E-04
+.45654088E-04+.50430050E-04+.55704175E-04+.61528186E-04+.67959138E-04
+.75059963E-04+.82900062E-04+.91555969E-04+.10111207E-03+.11166139E-03
+.12330648E-03+.13616036E-03+.15034759E-03+.16600540E-03+.18328496E-03
+.20235281E-03+.22339232E-03+.24660538E-03+.27221426E-03+.30046356E-03
+.33162240E-03+.36598685E-03+.40388249E-03+.44566727E-03+.49173462E-03
+.54251682E-03+.59848868E-03+.66017154E-03+.72813760E-03+.80301468E-03
+.88549122E-03+.97632192E-03+.10763336E-02+.11864317E-02+.13076070E-02
+.14409434E-02+.15876255E-02+.17489473E-02+.19263210E-02+.21212868E-02
+.23355231E-02+.25708568E-02+.28292745E-02+.31129345E-02+.34241782E-02
+.37655426E-02+.41397727E-02+.45498336E-02+.49989230E-02+.54904821E-02
+.60282072E-02+.66160582E-02+.72582669E-02+.79593415E-02+.87240692E-02
+.95575131E-02+.10465005E-01+.11452130E-01+.12524706E-01+.13688747E-01
+.14950420E-01+.16315979E-01+.17791690E-01+.19383721E-01+.21098014E-01
+.22940116E-01+.24914975E-01+.27026684E-01+.29278172E-01+.31670818E-01
+.34203990E-01+.36874487E-01+.39675859E-01+.42597600E-01+.45624167E-01
+.48733821E-01+.51897234E-01+.55075832E-01+.58219828E-01+.61265882E-01
+.64134332E-01+.66725912E-01+.68917875E-01+.70559411E-01+.71466246E-01
+.71414271E-01+.70132044E-01+.67291968E-01+.62499910E-01+.55283023E-01
+.45075425E-01+.31317996E-01+.19486296E-01+.11858440E-01+.70506443E-02
+.40912666E-02+.23143164E-02+.12747162E-02+.68280906E-03+.35524329E-03
+.17927216E-03+.87629495E-04+.41428169E-04+.18913456E-04+.83245081E-05
+.35261441E-05+.14347959E-05+.55973576E-06+.20891625E-06+.74439819E-07
+.25260833E-07+.81452921E-08+.24890780E-08+.71944717E-09+.19592868E-09
+.50121647E-10+.12006051E-10+.26839021E-11+.55794063E-12+.10745854E-12
+.19099042E-13+.31195549E-14+.46621107E-15+.63457877E-16+.78290784E-17
+.87110448E-18+.86951253E-19+.77434254E-20+.61168588E-21+.42487821E-22
+.25797635E-23+.13643008E-24+.62397064E-26+.24496331E-27+.81905527E-29
+.23132303E-30+.54708270E-32+.10736379E-33+.17317018E-35+.22726131E-37
+.24011401E-39+.20196991E-41+.13242146E-43+.16461705E-47+.00000000E+00
+.00000000E+00+.00000000E+00+.00000000E+00+.00000000E+00+.00000000E+00
+.12441076E+01+.00000000E+00-.55304177E-01+.00000000E+00+.00000000E+00
+.24723780E-01+.00000000E+00+.00000000E+00+.00000000E+00+.68537335E+00
+.00000000E+00+.16051899E-01+.00000000E+00+.00000000E+00-.14818196E-01
+.00000000E+00-.55304177E-01+.00000000E+00-.76452125E-03+.00000000E+00
+.00000000E+00+.17836315E-03+.00000000E+00+.00000000E+00+.00000000E+00
+.16051899E-01+.00000000E+00-.19215203E-03+.00000000E+00+.00000000E+00
-.98278950E-04+.00000000E+00+.00000000E+00+.00000000E+00+.00000000E+00
+.00000000E+00+.12924003E-01+.00000000E+00+.00000000E+00+.73814554E-02
+.24723780E-01+.00000000E+00+.17836315E-03+.00000000E+00+.00000000E+00
+.44995273E-03+.00000000E+00+.00000000E+00+.00000000E+00-.14818196E-01
+.00000000E+00-.98278950E-04+.00000000E+00+.00000000E+00+.28572768E-03
+.00000000E+00+.00000000E+00+.00000000E+00+.00000000E+00+.00000000E+00
+.73814554E-02+.00000000E+00+.00000000E+00+.41231376E-02
-.32781365E+00+.00000000E+00-.10347853E-01+.00000000E+00+.00000000E+00
+.19764748E-02+.00000000E+00+.00000000E+00+.00000000E+00-.42860048E-01
+.00000000E+00+.29537799E-02+.00000000E+00+.00000000E+00-.57757448E-03
+.00000000E+00-.10347853E-01+.00000000E+00-.75026745E-03+.00000000E+00
+.00000000E+00-.91138128E-04+.00000000E+00+.00000000E+00+.00000000E+00
+.29537799E-02+.00000000E+00-.95459664E-04+.00000000E+00+.00000000E+00
-.43504291E-04+.00000000E+00+.00000000E+00+.00000000E+00+.00000000E+00
+.00000000E+00+.34812971E-02+.00000000E+00+.00000000E+00+.12385525E-02
+.19764748E-02+.00000000E+00-.91138128E-04+.00000000E+00+.00000000E+00
+.16049249E-04+.00000000E+00+.00000000E+00+.00000000E+00-.57757448E-03
+.00000000E+00-.43504291E-04+.00000000E+00+.00000000E+00+.14253330E-04
+.00000000E+00+.00000000E+00+.00000000E+00+.00000000E+00+.00000000E+00
+.12385525E-02+.00000000E+00+.00000000E+00+.42153139E-03
+.23424293E+01+.23424293E+01+.23424293E+01+.23424293E+01+.23424293E+01
+.23424293E+01+.23424293E+01+.23424293E+01+.23424294E+01+.23424294E+01
+.23424294E+01+.23424294E+01+.23424294E+01+.23424294E+01+.23424294E+01
+.23424295E+01+.23424295E+01+.23424295E+01+.23424295E+01+.23424295E+01
+.23424295E+01+.23424295E+01+.23424295E+01+.23424295E+01+.23424295E+01
+.23424295E+01+.23424295E+01+.23424295E+01+.23424295E+01+.23424295E+01
+.23424295E+01+.23424295E+01+.23424295E+01+.23424295E+01+.23424294E+01
+.23424294E+01+.23424294E+01+.23424293E+01+.23424293E+01+.23424292E+01
+.23424292E+01+.23424291E+01+.23424290E+01+.23424289E+01+.23424288E+01
+.23424287E+01+.23424286E+01+.23424285E+01+.23424283E+01+.23424281E+01
+.23424279E+01+.23424277E+01+.23424275E+01+.23424272E+01+.23424269E+01
+.23424266E+01+.23424262E+01+.23424258E+01+.23424254E+01+.23424248E+01
+.23424243E+01+.23424237E+01+.23424230E+01+.23424222E+01+.23424214E+01
+.23424204E+01+.23424194E+01+.23424182E+01+.23424170E+01+.23424156E+01
+.23424140E+01+.23424123E+01+.23424104E+01+.23424083E+01+.23424060E+01
+.23424034E+01+.23424005E+01+.23423974E+01+.23423939E+01+.23423900E+01
+.23423858E+01+.23423811E+01+.23423759E+01+.23423701E+01+.23423637E+01
+.23423567E+01+.23423489E+01+.23423403E+01+.23423308E+01+.23423203E+01
+.23423087E+01+.23422959E+01+.23422817E+01+.23422660E+01+.23422486E+01
+.23422295E+01+.23422083E+01+.23421849E+01+.23421590E+01+.23421304E+01
+.23420988E+01+.23420639E+01+.23420253E+01+.23419827E+01+.23419355E+01
+.23418834E+01+.23418258E+01+.23417622E+01+.23416918E+01+.23416141E+01
+.23415282E+01+.23414332E+01+.23413283E+01+.23412123E+01+.23410842E+01
+.23409425E+01+.23407860E+01+.23406130E+01+.23404218E+01+.23402106E+01
+.23399771E+01+.23397191E+01+.23394340E+01+.23391189E+01+.23387707E+01
+.23383859E+01+.23379607E+01+.23374909E+01+.23369717E+01+.23363980E+01
+.23357641E+01+.23350636E+01+.23342897E+01+.23334346E+01+.23324898E+01
+.23314460E+01+.23302929E+01+.23290189E+01+.23276116E+01+.23260571E+01
+.23243400E+01+.23224435E+01+.23203490E+01+.23180360E+01+.23154819E+01
+.23126619E+01+.23095487E+01+.23061122E+01+.23023194E+01+.22981340E+01
+.22935162E+01+.22884223E+01+.22828045E+01+.22766104E+01+.22697829E+01
+.22622595E+01+.22539721E+01+.22448467E+01+.22348029E+01+.22237536E+01
+.22116046E+01+.21982544E+01+.21835938E+01+.21675060E+01+.21498662E+01
+.21305421E+01+.21093933E+01+.20862725E+01+.20610254E+01+.20334918E+01
+.20035061E+01+.19708986E+01+.19354970E+01+.18971271E+01+.18556145E+01
+.18107856E+01+.17624679E+01+.17104900E+01+.16546802E+01+.15948631E+01
+.15308545E+01+.14624536E+01+.13894320E+01+.13115225E+01+.12284072E+01
+.11397141E+01+.10450328E+01+.94397007E+00+.83628230E+00+.72212925E+00
+.60249841E+00+.47980286E+00+.35853486E+00+.24558184E+00+.14939271E+00
+.77364673E-01+.32233023E-01+.10020600E-01+.21017826E-02+.25981786E-03
+.15777686E-04+.36812034E-06+.23683873E-08+.26851943E-11+.29028319E-15
+.40112611E-19+.23487871E-17+.22227288E-17-.36091036E-18+.15551739E-17
-.17373205E-16-.15161040E-16+.00000000E+00+.00000000E+00+.00000000E+00
+.00000000E+00+.00000000E+00+.00000000E+00+.00000000E+00+.00000000E+00
+.00000000E+00+.00000000E+00+.00000000E+00+.00000000E+00+.00000000E+00
+.00000000E+00+.00000000E+00+.00000000E+00+.00000000E+00+.00000000E+00
+.00000000E+00+.00000000E+00+.00000000E+00+.00000000E+00+.00000000E+00
+.00000000E+00+.00000000E+00+.00000000E+00+.00000000E+00+.00000000E+00
+.00000000E+00+.00000000E+00+.00000000E+00+.00000000E+00+.00000000E+00
+.00000000E+00+.00000000E+00+.00000000E+00+.00000000E+00+.00000000E+00
+.80363798E+01+.80342776E+01+.80321760E+01+.80300749E+01+.80279380E+01
+.80256932E+01+.80233626E+01+.80209453E+01+.80184434E+01+.80158585E+01
+.80131918E+01+.80104443E+01+.80076162E+01+.80047075E+01+.80017180E+01
+.79986469E+01+.79954932E+01+.79922555E+01+.79889322E+01+.79855212E+01
+.79820202E+01+.79784267E+01+.79747376E+01+.79709499E+01+.79670601E+01
+.79630642E+01+.79589582E+01+.79547376E+01+.79503976E+01+.79459333E+01
+.79413391E+01+.79366094E+01+.79317379E+01+.79267183E+01+.79215435E+01
+.79162065E+01+.79106995E+01+.79050144E+01+.78991428E+01+.78930756E+01
+.78868035E+01+.78803164E+01+.78736038E+01+.78666549E+01+.78594580E+01
+.78520010E+01+.78442712E+01+.78362551E+01+.78279387E+01+.78193072E+01
+.78103452E+01+.78010364E+01+.77913639E+01+.77813097E+01+.77708552E+01
+.77599808E+01+.77486660E+01+.77368892E+01+.77246280E+01+.77118589E+01
+.76985571E+01+.76846968E+01+.76702512E+01+.76551919E+01+.76394896E+01
+.76231133E+01+.76060310E+01+.75882089E+01+.75696121E+01+.75502039E+01
+.75299461E+01+.75087989E+01+.74867209E+01+.74636688E+01+.74395977E+01
+.74144607E+01+.73882093E+01+.73607927E+01+.73321586E+01+.73022523E+01
+.72710174E+01+.72383953E+01+.72043253E+01+.71687447E+01+.71315888E+01
+.70927905E+01+.70522808E+01+.70099887E+01+.69658410E+01+.69197627E+01
+.68716767E+01+.68215041E+01+.67691643E+01+.67145749E+01+.66576522E+01
+.65983112E+01+.65364654E+01+.64720278E+01+.64049106E+01+.63350255E+01
+.62622842E+01+.61865990E+01+.61078825E+01+.60260490E+01+.59410140E+01
+.58526956E+01+.57610148E+01+.56658961E+01+.55672682E+01+.54650650E+01
+.53592266E+01+.52496995E+01+.51364385E+01+.50194072E+01+.48985793E+01
+.47739397E+01+.46454857E+01+.45132286E+01+.43771948E+01+.42374271E+01
+.40939864E+01+.39469528E+01+.37964276E+01+.36425340E+01+.34854193E+01
+.33252557E+01+.31622419E+01+.29966046E+01+.28285989E+01+.26585101E+01
+.24866538E+01+.23133772E+01+.21390588E+01+.19641090E+01+.17889695E+01
+.16141128E+01+.14400412E+01+.12672853E+01+.10964021E+01+.92797214E+00
+.76259702E+00+.60089535E+00+.44349867E+00+.29104663E+00+.14418158E+00
+.35425206E-02-.13024152E+00-.25655870E+00-.37482216E+00-.48447807E+00
-.58501372E+00-.67596499E+00-.75692289E+00-.82753923E+00-.88753218E+00
-.93669262E+00-.97489162E+00-.10020880E+01-.10183347E+01-.10237838E+01
-.10186885E+01-.10034038E+01-.97838527E+00-.94418533E+00-.90144804E+00
-.85090168E+00-.79334957E+00-.72965944E+00-.66075150E+00-.58758552E+00
-.51114737E+00-.43243520E+00-.35244561E+00-.27215996E+00-.19253113E+00
-.11447068E+00-.38836766E-01+.33577110E-01+.10205234E+00+.16595400E+00
+.22473793E+00+.27795579E+00+.32525805E+00+.36639566E+00+.40122148E+00
+.42969333E+00+.45187800E+00+.46794899E+00+.47816481E+00+.48282870E+00
+.48225943E+00+.47679806E+00+.46683186E+00+.45280443E+00+.43520946E+00
+.41457890E+00+.39146937E+00+.36644758E+00+.34007561E+00+.31289673E+00
+.28542267E+00+.25812272E+00+.23141505E+00+.20566047E+00+.18115872E+00
+.15814694E+00+.13680056E+00+.11723595E+00+.99514731E-01+.83649310E-01
+.69609320E-01+.57328519E-01+.46711859E-01+.37642433E-01+.29988081E-01
+.23607507E-01+.18355807E-01+.14089291E-01+.10669514E-01+.79664347E-02
+.58606893E-02+.42450237E-02+.30249795E-02+.21189679E-02+.14578659E-02
+.98426390E-03+.65139314E-03+.42219445E-03+.26719560E-03+.16495753E-03
+.99489786E-04+.58617873E-04+.33697430E-04+.18876650E-04+.10289082E-04
+.54487557E-05+.28017838E-05+.13959020E-05+.67265622E-06+.31277386E-06
+.13965008E-06+.58789469E-07+.21016250E-07+.55171029E-09+.00000000E+00
+.00000000E+00+.00000000E+00+.00000000E+00+.00000000E+00+.00000000E+00
+.12218648E+01+.12218648E+01+.12218648E+01+.12218648E+01+.12218648E+01
+.12218648E+01+.12218648E+01+.12218648E+01+.12218648E+01+.12218648E+01
+.12218649E+01+.12218649E+01+.12218649E+01+.12218649E+01+.12218649E+01
+.12218649E+01+.12218649E+01+.12218649E+01+.12218649E+01+.12218649E+01
+.12218649E+01+.12218649E+01+.12218649E+01+.12218649E+01+.12218649E+01
+.12218649E+01+.12218649E+01+.12218649E+01+.12218649E+01+.12218649E+01
+.12218649E+01+.12218649E+01+.12218649E+01+.12218649E+01+.12218649E+01
+.12218649E+01+.12218649E+01+.12218648E+01+.12218648E+01+.12218648E+01
+.12218647E+01+.12218647E+01+.12218647E+01+.12218646E+01+.12218646E+01
+.12218645E+01+.12218645E+01+.12218644E+01+.12218643E+01+.12218642E+01
+.12218641E+01+.12218640E+01+.12218639E+01+.12218637E+01+.12218636E+01
+.12218634E+01+.12218632E+01+.12218630E+01+.12218628E+01+.12218625E+01
+.12218622E+01+.12218619E+01+.12218615E+01+.12218611E+01+.12218607E+01
+.12218602E+01+.12218596E+01+.12218590E+01+.12218584E+01+.12218577E+01
+.12218568E+01+.12218559E+01+.12218549E+01+.12218538E+01+.12218526E+01
+.12218513E+01+.12218498E+01+.12218482E+01+.12218463E+01+.12218443E+01
+.12218421E+01+.12218397E+01+.12218369E+01+.12218339E+01+.12218306E+01
+.12218269E+01+.12218229E+01+.12218184E+01+.12218134E+01+.12218080E+01
+.12218019E+01+.12217952E+01+.12217878E+01+.12217796E+01+.12217706E+01
+.12217606E+01+.12217495E+01+.12217373E+01+.12217238E+01+.12217089E+01
+.12216924E+01+.12216742E+01+.12216541E+01+.12216318E+01+.12216072E+01
+.12215801E+01+.12215500E+01+.12215168E+01+.12214801E+01+.12214396E+01
+.12213948E+01+.12213452E+01+.12212905E+01+.12212300E+01+.12211632E+01
+.12210893E+01+.12210076E+01+.12209174E+01+.12208177E+01+.12207075E+01
+.12205857E+01+.12204511E+01+.12203024E+01+.12201380E+01+.12199564E+01
+.12197557E+01+.12195339E+01+.12192888E+01+.12190180E+01+.12187188E+01
+.12183881E+01+.12180227E+01+.12176190E+01+.12171730E+01+.12166802E+01
+.12161357E+01+.12155342E+01+.12148697E+01+.12141357E+01+.12133248E+01
+.12124292E+01+.12114400E+01+.12103476E+01+.12091412E+01+.12078091E+01
+.12063383E+01+.12047147E+01+.12029226E+01+.12009447E+01+.11987622E+01
+.11963544E+01+.11936987E+01+.11907701E+01+.11875415E+01+.11839834E+01
+.11800633E+01+.11757463E+01+.11709941E+01+.11657655E+01+.11600161E+01
+.11536978E+01+.11467593E+01+.11391459E+01+.11307994E+01+.11216587E+01
+.11116595E+01+.11007355E+01+.10888185E+01+.10758396E+01+.10617302E+01
+.10464238E+01+.10298578E+01+.10119757E+01+.99273008E+00+.97208592E+00
+.95002436E+00+.92654697E+00+.90168042E+00+.87548140E+00+.84804142E+00
+.81949130E+00+.79000481E+00+.75980064E+00+.72914212E+00+.69833338E+00
+.66771086E+00+.63762866E+00+.60843610E+00+.58044585E+00+.55389122E+00
+.52887167E+00+.50528747E+00+.48278711E+00+.46080378E+00+.43869006E+00
+.41584379E+00+.39183781E+00+.36653289E+00+.34009348E+00+.31290073E+00
+.28542323E+00+.25812262E+00+.23141501E+00+.20566056E+00+.18115886E+00
+.15814711E+00+.13680072E+00+.11723607E+00+.99514810E-01+.83649346E-01
+.69609320E-01+.57328519E-01+.46711859E-01+.37642433E-01+.29988081E-01
+.23607507E-01+.18355807E-01+.14089291E-01+.10669514E-01+.79664347E-02
+.58606893E-02+.42450237E-02+.30249795E-02+.21189679E-02+.14578659E-02
+.98426390E-03+.65139314E-03+.42219445E-03+.26719560E-03+.16495753E-03
+.99489786E-04+.58617873E-04+.33697430E-04+.18876650E-04+.10289082E-04
+.54487557E-05+.28017838E-05+.13959020E-05+.67265622E-06+.31277386E-06
+.13965008E-06+.58789469E-07+.21016250E-07+.55171029E-09+.00000000E+00
+.00000000E+00+.00000000E+00+.00000000E+00+.00000000E+00+.00000000E+00
+.42711372E-03+.44901231E-03+.47203366E-03+.49623535E-03+.52167800E-03
+.54842514E-03+.57654364E-03+.60610381E-03+.63717957E-03+.66984863E-03
+.70419267E-03+.74029758E-03+.77825363E-03+.81815574E-03+.86010369E-03
+.90420236E-03+.95056204E-03+.99929863E-03+.10505340E-02+.11043963E-02
+.11610202E-02+.12205473E-02+.12831264E-02+.13489140E-02+.14180746E-02
+.14907812E-02+.15672155E-02+.16475688E-02+.17320418E-02+.18208459E-02
+.19142031E-02+.20123469E-02+.21155226E-02+.22239882E-02+.23380151E-02
+.24578882E-02+.25839074E-02+.27163878E-02+.28556605E-02+.30020740E-02
+.31559943E-02+.33178063E-02+.34879145E-02+.36667444E-02+.38547432E-02
+.40523808E-02+.42601516E-02+.44785750E-02+.47081973E-02+.49495925E-02
+.52033643E-02+.54701473E-02+.57506085E-02+.60454492E-02+.63554067E-02
+.66812559E-02+.70238118E-02+.73839308E-02+.77625133E-02+.81605060E-02
+.85789040E-02+.90187536E-02+.94811544E-02+.99672627E-02+.10478294E-01
+.11015526E-01+.11580301E-01+.12174033E-01+.12798205E-01+.13454378E-01
+.14144193E-01+.14869374E-01+.15631734E-01+.16433179E-01+.17275713E-01
+.18161442E-01+.19092581E-01+.20071456E-01+.21100516E-01+.22182331E-01
+.23319607E-01+.24515186E-01+.25772055E-01+.27093357E-01+.28482393E-01
+.29942634E-01+.31477729E-01+.33091514E-01+.34788021E-01+.36571486E-01
+.38446366E-01+.40417343E-01+.42489339E-01+.44667528E-01+.46957347E-01
+.49364513E-01+.51895032E-01+.54555220E-01+.57351711E-01+.60291480E-01
+.63381856E-01+.66630544E-01+.70045636E-01+.73635639E-01+.77409491E-01
+.81376583E-01+.85546783E-01+.89930457E-01+.94538495E-01+.99382338E-01
+.10447400E+00+.10982611E+00+.11545191E+00+.12136532E+00+.12758095E+00
+.13411415E+00+.14098101E+00+.14819843E+00+.15578414E+00+.16375674E+00
+.17213574E+00+.18094158E+00+.19019570E+00+.19992058E+00+.21013975E+00
+.22087785E+00+.23216068E+00+.24401523E+00+.25646971E+00+.26955362E+00
+.28329775E+00+.29773424E+00+.31289660E+00+.32881974E+00+.34553999E+00
+.36309510E+00+.38152428E+00+.40086815E+00+.42116873E+00+.44246946E+00
+.46481506E+00+.48825153E+00+.51282599E+00+.53858659E+00+.56558234E+00
+.59386285E+00+.62347815E+00+.65447830E+00+.68691304E+00+.72083133E+00
+.75628078E+00+.79330704E+00+.83195296E+00+.87225776E+00+.91425592E+00
+.95797599E+00+.10034392E+01+.10506576E+01+.10996326E+01+.11503525E+01
+.12027900E+01+.12568997E+01+.13126148E+01+.13698437E+01+.14284659E+01
+.14883279E+01+.15492384E+01+.16109629E+01+.16732178E+01+.17356647E+01
+.17979031E+01+.18594629E+01+.19197970E+01+.19782717E+01+.20341574E+01
+.20866174E+01+.21346951E+01+.21772996E+01+.22131874E+01+.22409415E+01
+.22589452E+01+.22653516E+01+.22580501E+01+.22346314E+01+.21923640E+01
+.21281990E+01+.20388406E+01+.19209470E+01+.17715597E+01+.15888961E+01
+.13736395E+01+.11307447E+01+.87145913E+00+.61452941E+00+.38442387E+00
+.20464990E+00+.87692955E-01+.28070723E-01+.60721686E-02+.77558748E-03
+.48761778E-04+.11803570E-05+.78962467E-08+.93302687E-11+.99283396E-15
-.53190607E-16-.31757150E-16+.87356347E-17-.49606052E-17+.42382296E-18
+.12370984E-16+.13242404E-16+.00000000E+00+.00000000E+00+.00000000E+00
+.00000000E+00+.00000000E+00+.00000000E+00+.00000000E+00+.00000000E+00
+.00000000E+00+.00000000E+00+.00000000E+00+.00000000E+00+.00000000E+00
+.00000000E+00+.00000000E+00+.00000000E+00+.00000000E+00+.00000000E+00
+.00000000E+00+.00000000E+00+.00000000E+00+.00000000E+00+.00000000E+00
+.00000000E+00+.00000000E+00+.00000000E+00+.00000000E+00+.00000000E+00
+.00000000E+00+.00000000E+00+.00000000E+00+.00000000E+00+.00000000E+00
+.00000000E+00+.00000000E+00+.00000000E+00+.00000000E+00+.00000000E+00
-.41560754E-02-.42961974E-02-.44410436E-02-.45907734E-02-.47472099E-02
-.49138093E-02-.50897964E-02-.52754586E-02-.54709695E-02-.56765461E-02
-.58924467E-02-.61189707E-02-.63564564E-02-.66052805E-02-.68658579E-02
-.71386406E-02-.74241189E-02-.77228204E-02-.80353116E-02-.83621977E-02
-.87041241E-02-.90617772E-02-.94358854E-02-.98272209E-02-.10236601E-01
-.10664890E-01-.11113001E-01-.11581897E-01-.12072595E-01-.12586166E-01
-.13123740E-01-.13686504E-01-.14275712E-01-.14892679E-01-.15538793E-01
-.16215511E-01-.16924365E-01-.17666966E-01-.18445007E-01-.19260266E-01
-.20114613E-01-.21010008E-01-.21948512E-01-.22932286E-01-.23963599E-01
-.25044833E-01-.26178484E-01-.27367171E-01-.28613640E-01-.29920771E-01
-.31291578E-01-.32729224E-01-.34237020E-01-.35818433E-01-.37477094E-01
-.39216803E-01-.41041536E-01-.42955455E-01-.44962909E-01-.47068447E-01
-.49276824E-01-.51593007E-01-.54022183E-01-.56569769E-01-.59241417E-01
-.62043026E-01-.64980744E-01-.68060981E-01-.71290413E-01-.74675995E-01
-.78224961E-01-.81944837E-01-.85843446E-01-.89928913E-01-.94209675E-01
-.98694482E-01-.10339240E+00-.10831283E+00-.11346548E+00-.11886040E+00
-.12450797E+00-.13041888E+00-.13660416E+00-.14307516E+00-.14984352E+00
-.15692120E+00-.16432046E+00-.17205381E+00-.18013405E+00-.18857418E+00
-.19738742E+00-.20658719E+00-.21618702E+00-.22620055E+00-.23664148E+00
-.24752351E+00-.25886026E+00-.27066524E+00-.28295174E+00-.29573277E+00
-.30902093E+00-.32282835E+00-.33716653E+00-.35204625E+00-.36747740E+00
-.38346884E+00-.40002826E+00-.41716194E+00-.43487462E+00-.45316923E+00
-.47204674E+00-.49150586E+00-.51154282E+00-.53215106E+00-.55332102E+00
-.57503977E+00-.59729075E+00-.62005344E+00-.64330300E+00-.66700996E+00
-.69113990E+00-.71565305E+00-.74050399E+00-.76564128E+00-.79100717E+00
-.81653726E+00-.84216023E+00-.86779758E+00-.89336338E+00-.91876416E+00
-.94389872E+00-.96865813E+00-.99292573E+00-.10165772E+01-.10394810E+01
-.10614982E+01-.10824836E+01-.11022856E+01-.11207476E+01-.11377083E+01
-.11530032E+01-.11664653E+01-.11779271E+01-.11872216E+01-.11941845E+01
-.11986559E+01-.12004829E+01-.11995217E+01-.11956402E+01-.11887205E+01
-.11786606E+01-.11653754E+01-.11487965E+01-.11288729E+01-.11055715E+01
-.10788802E+01-.10488115E+01-.10154077E+01-.97874280E+00-.93892518E+00
-.89609749E+00-.85043656E+00-.80215224E+00-.75148580E+00-.69870753E+00
-.64411383E+00-.58802379E+00-.53077529E+00-.47272090E+00-.41422359E+00
-.35565237E+00-.29737799E+00-.23976872E+00-.18318630E+00-.12798190E+00
-.74492351E-01-.23036390E-01+.26088919E-01+.72611566E-01+.11628762E+00
+.15690372E+00+.19427894E+00+.22826598E+00+.25875214E+00+.28566102E+00
+.30895609E+00+.32864594E+00+.34478588E+00+.35746610E+00+.36678607E+00
+.37283623E+00+.37570626E+00+.37550748E+00+.37238624E+00+.36652540E+00
+.35814160E+00+.34748086E+00+.33481294E+00+.32042479E+00+.30461354E+00
+.28767942E+00+.26991899E+00+.25161893E+00+.23305063E+00+.21446571E+00
+.19609244E+00+.17813327E+00+.16076320E+00+.14412916E+00+.12835019E+00
+.11351827E+00+.99699740E-01+.86937017E-01+.75250589E-01+.64641144E-01
+.55091827E-01+.46570669E-01+.39033166E-01+.32424932E-01+.26684279E-01
+.21744583E-01+.17536301E-01+.13988630E-01+.11030856E-01+.85935104E-02
+.66094214E-02+.50142555E-02+.37500879E-02+.27565773E-02+.19921012E-02
+.14189059E-02+.99645169E-03+.68942681E-03+.46956949E-03+.31456893E-03
+.20707247E-03+.13379487E-03+.84730345E-04+.52478619E-04+.31639118E-04
+.18404314E-04+.99414219E-05+.47427630E-05+.11635911E-06+.00000000E+00
+.00000000E+00+.00000000E+00+.00000000E+00+.00000000E+00+.00000000E+00
+.72657977E-04+.76383231E-04+.80299483E-04+.84416525E-04+.88744675E-04
+.93294734E-04+.98078081E-04+.10310668E-03+.10839310E-03+.11395056E-03
+.11979295E-03+.12593490E-03+.13239175E-03+.13917966E-03+.14631559E-03
+.15381738E-03+.16170381E-03+.16999458E-03+.17871043E-03+.18787315E-03
+.19750566E-03+.20763204E-03+.21827762E-03+.22946900E-03+.24123419E-03
+.25360259E-03+.26660513E-03+.28027433E-03+.29464437E-03+.30975119E-03
+.32563254E-03+.34232816E-03+.35987978E-03+.37833129E-03+.39772884E-03
+.41812093E-03+.43955854E-03+.46209529E-03+.48578753E-03+.51069449E-03
+.53687847E-03+.56440493E-03+.59334271E-03+.62376416E-03+.65574536E-03
+.68936627E-03+.72471097E-03+.76186783E-03+.80092976E-03+.84199444E-03
+.88516455E-03+.93054804E-03+.97825838E-03+.10284149E-02+.10811430E-02
+.11365744E-02+.11948480E-02+.12561092E-02+.13205113E-02+.13882154E-02
+.14593907E-02+.15342153E-02+.16128761E-02+.16955698E-02+.17825033E-02
+.18738939E-02+.19699701E-02+.20709721E-02+.21771525E-02+.22887766E-02
+.24061237E-02+.25294870E-02+.26591751E-02+.27955121E-02+.29388388E-02
+.30895136E-02+.32479132E-02+.34144335E-02+.35894908E-02+.37735227E-02
+.39669891E-02+.41703736E-02+.43841846E-02+.46089564E-02+.48452507E-02
+.50936580E-02+.53547990E-02+.56293262E-02+.59179255E-02+.62213178E-02
+.65402610E-02+.68755515E-02+.72280268E-02+.75985670E-02+.79880971E-02
+.83975894E-02+.88280659E-02+.92806007E-02+.97563226E-02+.10256418E-01
+.10782134E-01+.11334781E-01+.11915736E-01+.12526445E-01+.13168430E-01
+.13843287E-01+.14552696E-01+.15298420E-01+.16082311E-01+.16906316E-01
+.17772479E-01+.18682946E-01+.19639973E-01+.20645926E-01+.21703292E-01
+.22814680E-01+.23982828E-01+.25210612E-01+.26501047E-01+.27857297E-01
+.29282680E-01+.30780675E-01+.32354931E-01+.34009268E-01+.35747690E-01
+.37574391E-01+.39493757E-01+.41510380E-01+.43629060E-01+.45854815E-01
+.48192882E-01+.50648730E-01+.53228058E-01+.55936806E-01+.58781153E-01
+.61767523E-01+.64902583E-01+.68193244E-01+.71646658E-01+.75270210E-01
+.79071512E-01+.83058385E-01+.87238850E-01+.91621097E-01+.96213463E-01
+.10102439E+00+.10606240E+00+.11133599E+00+.11685365E+00+.12262371E+00
+.12865428E+00+.13495313E+00+.14152758E+00+.14838433E+00+.15552928E+00
+.16296736E+00+.17070224E+00+.17873612E+00+.18706938E+00+.19570025E+00
+.20462442E+00+.21383463E+00+.22332015E+00+.23306625E+00+.24305372E+00
+.25325815E+00+.26364941E+00+.27419094E+00+.28483920E+00+.29554301E+00
+.30624312E+00+.31687182E+00+.32735276E+00+.33760107E+00+.34752381E+00
+.35702091E+00+.36598661E+00+.37431170E+00+.38188638E+00+.38860402E+00
+.39436578E+00+.39908590E+00+.40269758E+00+.40515895E+00+.40645852E+00
+.40661917E+00+.40569935E+00+.40378970E+00+.40100307E+00+.39745518E+00
+.39323331E+00+.38835006E+00+.38269643E+00+.37604999E+00+.36814749E+00
+.35874195E+00+.34765871E+00+.33485436E+00+.32043316E+00+.30461513E+00
+.28767933E+00+.26991855E+00+.25161854E+00+.23305033E+00+.21446548E+00
+.19609229E+00+.17813317E+00+.16076314E+00+.14412913E+00+.12835018E+00
+.11351827E+00+.99699740E-01+.86937017E-01+.75250589E-01+.64641144E-01
+.55091827E-01+.46570669E-01+.39033166E-01+.32424932E-01+.26684279E-01
+.21744583E-01+.17536301E-01+.13988630E-01+.11030856E-01+.85935104E-02
+.66094214E-02+.50142555E-02+.37500879E-02+.27565773E-02+.19921012E-02
+.14189059E-02+.99645169E-03+.68942681E-03+.46956949E-03+.31456893E-03
+.20707247E-03+.13379487E-03+.84730345E-04+.52478619E-04+.31639118E-04
+.18404314E-04+.99414219E-05+.47427630E-05+.11635911E-06+.00000000E+00
+.00000000E+00+.00000000E+00+.00000000E+00+.00000000E+00+.00000000E+00
+.41806284E+02+.41806284E+02+.41806284E+02+.41806284E+02+.41806284E+02
+.41806284E+02+.41806285E+02+.41806285E+02+.41806285E+02+.41806285E+02
+.41806286E+02+.41806286E+02+.41806286E+02+.41806286E+02+.41806286E+02
+.41806286E+02+.41806287E+02+.41806287E+02+.41806287E+02+.41806287E+02
+.41806287E+02+.41806287E+02+.41806287E+02+.41806286E+02+.41806286E+02
+.41806286E+02+.41806285E+02+.41806285E+02+.41806285E+02+.41806284E+02
+.41806283E+02+.41806282E+02+.41806281E+02+.41806280E+02+.41806279E+02
+.41806278E+02+.41806276E+02+.41806274E+02+.41806272E+02+.41806270E+02
+.41806268E+02+.41806265E+02+.41806262E+02+.41806258E+02+.41806254E+02
+.41806250E+02+.41806245E+02+.41806239E+02+.41806233E+02+.41806226E+02
+.41806219E+02+.41806211E+02+.41806201E+02+.41806191E+02+.41806180E+02
+.41806167E+02+.41806153E+02+.41806138E+02+.41806121E+02+.41806102E+02
+.41806081E+02+.41806058E+02+.41806032E+02+.41806004E+02+.41805973E+02
+.41805938E+02+.41805900E+02+.41805857E+02+.41805810E+02+.41805758E+02
+.41805701E+02+.41805637E+02+.41805567E+02+.41805490E+02+.41805404E+02
+.41805309E+02+.41805204E+02+.41805088E+02+.41804960E+02+.41804818E+02
+.41804661E+02+.41804488E+02+.41804297E+02+.41804085E+02+.41803851E+02
+.41803593E+02+.41803307E+02+.41802991E+02+.41802642E+02+.41802257E+02
+.41801830E+02+.41801359E+02+.41800838E+02+.41800263E+02+.41799626E+02
+.41798923E+02+.41798146E+02+.41797287E+02+.41796338E+02+.41795289E+02
+.41794129E+02+.41792848E+02+.41791432E+02+.41789866E+02+.41788137E+02
+.41786225E+02+.41784112E+02+.41781777E+02+.41779197E+02+.41776345E+02
+.41773193E+02+.41769710E+02+.41765861E+02+.41761607E+02+.41756906E+02
+.41751711E+02+.41745970E+02+.41739625E+02+.41732614E+02+.41724865E+02
+.41716303E+02+.41706841E+02+.41696385E+02+.41684831E+02+.41672063E+02
+.41657955E+02+.41642365E+02+.41625139E+02+.41606106E+02+.41585075E+02
+.41561839E+02+.41536166E+02+.41507802E+02+.41476466E+02+.41441847E+02
+.41403604E+02+.41361359E+02+.41314696E+02+.41263155E+02+.41206230E+02
+.41143364E+02+.41073942E+02+.40997286E+02+.40912652E+02+.40819218E+02
+.40716084E+02+.40602256E+02+.40476644E+02+.40338051E+02+.40185165E+02
+.40016544E+02+.39830613E+02+.39625644E+02+.39399753E+02+.39150881E+02
+.38876783E+02+.38575018E+02+.38242935E+02+.37877659E+02+.37476082E+02
+.37034852E+02+.36550362E+02+.36018749E+02+.35435885E+02+.34797384E+02
+.34098603E+02+.33334658E+02+.32500445E+02+.31590666E+02+.30599878E+02
+.29522542E+02+.28353096E+02+.27086049E+02+.25716089E+02+.24238232E+02
+.22647990E+02+.20941599E+02+.19116299E+02+.17170703E+02+.15105281E+02
+.12923033E+02+.10630416E+02+.82386619E+01+.57656544E+01+.32385923E+01
+.69767631E+00-.17990019E+01-.41695095E+01-.63020142E+01-.80512814E+01
-.92433464E+01-.96977578E+01-.92788925E+01-.79799537E+01-.60113353E+01
-.38173262E+01-.19367641E+01-.72965642E+00-.18484936E+00-.27540019E-01
-.20130699E-02-.56507188E-04-.43743337E-06-.59711077E-09-.77607779E-13
-.56462019E-15-.74377937E-15-.13421403E-14-.99755948E-15-.81711003E-15
+.30686458E-14+.37016346E-14+.00000000E+00+.00000000E+00+.00000000E+00
+.00000000E+00+.00000000E+00+.00000000E+00+.00000000E+00+.00000000E+00
+.00000000E+00+.00000000E+00+.00000000E+00+.00000000E+00+.00000000E+00
+.00000000E+00+.00000000E+00+.00000000E+00+.00000000E+00+.00000000E+00
+.00000000E+00+.00000000E+00+.00000000E+00+.00000000E+00+.00000000E+00
+.00000000E+00+.00000000E+00+.00000000E+00+.00000000E+00+.00000000E+00
+.00000000E+00+.00000000E+00+.00000000E+00+.00000000E+00+.00000000E+00
+.00000000E+00+.00000000E+00+.00000000E+00+.00000000E+00+.00000000E+00
-.10641158E+00-.10638375E+00-.10635592E+00-.10632810E+00-.10629980E+00
-.10627008E+00-.10623923E+00-.10620722E+00-.10617410E+00-.10613988E+00
-.10610459E+00-.10606822E+00-.10603078E+00-.10599229E+00-.10595272E+00
-.10591207E+00-.10587033E+00-.10582749E+00-.10578351E+00-.10573837E+00
-.10569204E+00-.10564449E+00-.10559568E+00-.10554556E+00-.10549409E+00
-.10544122E+00-.10538690E+00-.10533106E+00-.10527365E+00-.10521459E+00
-.10515382E+00-.10509126E+00-.10502682E+00-.10496043E+00-.10489199E+00
-.10482141E+00-.10474858E+00-.10467340E+00-.10459576E+00-.10451553E+00
-.10443261E+00-.10434684E+00-.10425810E+00-.10416624E+00-.10407111E+00
-.10397254E+00-.10387038E+00-.10376444E+00-.10365455E+00-.10354049E+00
-.10342208E+00-.10329910E+00-.10317133E+00-.10303853E+00-.10290045E+00
-.10275684E+00-.10260744E+00-.10245195E+00-.10229009E+00-.10212154E+00
-.10194598E+00-.10176308E+00-.10157248E+00-.10137382E+00-.10116671E+00
-.10095074E+00-.10072551E+00-.10049056E+00-.10024545E+00-.99989695E-01
-.99722802E-01-.99444255E-01-.99153516E-01-.98850024E-01-.98533199E-01
-.98202435E-01-.97857105E-01-.97496557E-01-.97120116E-01-.96727080E-01
-.96316726E-01-.95888302E-01-.95441035E-01-.94974124E-01-.94486745E-01
-.93978047E-01-.93447156E-01-.92893175E-01-.92315181E-01-.91712233E-01
-.91083366E-01-.90427594E-01-.89743916E-01-.89031314E-01-.88288754E-01
-.87515192E-01-.86709578E-01-.85870852E-01-.84997956E-01-.84089835E-01
-.83145441E-01-.82163739E-01-.81143712E-01-.80084371E-01-.78984758E-01
-.77843953E-01-.76661088E-01-.75435350E-01-.74165994E-01-.72852352E-01
-.71493845E-01-.70089994E-01-.68640432E-01-.67144919E-01-.65603351E-01
-.64015778E-01-.62382419E-01-.60703670E-01-.58980126E-01-.57212590E-01
-.55402093E-01-.53549899E-01-.51657526E-01-.49726754E-01-.47759639E-01
-.45758514E-01-.43726007E-01-.41665037E-01-.39578818E-01-.37470859E-01
-.35344958E-01-.33205190E-01-.31055898E-01-.28901669E-01-.26747310E-01
-.24597822E-01-.22458358E-01-.20334184E-01-.18230629E-01-.16153028E-01
-.14106662E-01-.12096692E-01-.10128083E-01-.82055344E-02-.63333964E-02
-.45155928E-02-.27555404E-02-.10560712E-02+.58064272E-03+.21531563E-02
+.36608075E-02+.51037531E-02+.64829761E-02+.78002615E-02+.90581437E-02
+.10259835E-01+.11409141E-01+.12510354E-01+.13568121E-01+.14587261E-01
+.15572546E-01+.16528442E-01+.17458803E-01+.18366538E-01+.19253249E-01
+.20118835E-01+.20961088E-01+.21775272E-01+.22553710E-01+.23285386E-01
+.23955574E-01+.24545518E-01+.25032170E-01+.25388014E-01+.25580981E-01
+.25574481E-01+.25327552E-01+.24795154E-01+.23928582E-01+.22676026E-01
+.20983275E-01+.18794560E-01+.16053587E-01+.12704747E-01+.86945423E-02
+.39731086E-02-.15043584E-02-.77764763E-02-.14874474E-01-.22819856E-01
-.31620702E-01-.41268344E-01-.51735924E-01-.62978129E-01-.74931079E-01
-.87512437E-01-.10062197E+00-.11414257E+00-.12794161E+00-.14187272E+00
-.15577777E+00-.16948923E+00-.18283259E+00-.19562917E+00-.20769892E+00
-.21886331E+00-.22894847E+00-.23778820E+00-.24522712E+00-.25112387E+00
-.25535433E+00-.25781467E+00-.25842429E+00-.25712813E+00-.25389838E+00
-.24873544E+00-.24166853E+00-.12919822E-01-.97839010E-02-.73051880E-02
-.53742280E-02-.38926694E-02-.27738938E-02-.19430848E-02-.13368571E-02
-.90256597E-03-.59732485E-03-.38715058E-03-.24501727E-03-.15126538E-03
-.91231726E-04-.53752349E-04-.30900405E-04-.17309811E-04-.94350464E-05
-.49964867E-05-.25692243E-05-.12800364E-05-.61682300E-06-.28681235E-06
-.12805855E-06-.53909702E-07-.19271815E-07-.50591608E-09+.00000000E+00
+.00000000E+00+.00000000E+00+.00000000E+00+.00000000E+00+.00000000E+00
+.93283284E-01+.93283284E-01+.93283284E-01+.93283284E-01+.93283285E-01
+.93283285E-01+.93283286E-01+.93283287E-01+.93283287E-01+.93283288E-01
+.93283289E-01+.93283289E-01+.93283289E-01+.93283290E-01+.93283290E-01
+.93283291E-01+.93283291E-01+.93283291E-01+.93283291E-01+.93283291E-01
+.93283291E-01+.93283291E-01+.93283291E-01+.93283290E-01+.93283290E-01
+.93283289E-01+.93283288E-01+.93283287E-01+.93283286E-01+.93283285E-01
+.93283283E-01+.93283281E-01+.93283279E-01+.93283277E-01+.93283274E-01
+.93283271E-01+.93283267E-01+.93283264E-01+.93283259E-01+.93283254E-01
+.93283248E-01+.93283242E-01+.93283235E-01+.93283227E-01+.93283218E-01
+.93283208E-01+.93283197E-01+.93283185E-01+.93283172E-01+.93283157E-01
+.93283140E-01+.93283121E-01+.93283101E-01+.93283078E-01+.93283053E-01
+.93283025E-01+.93282994E-01+.93282959E-01+.93282921E-01+.93282879E-01
+.93282833E-01+.93282781E-01+.93282724E-01+.93282660E-01+.93282591E-01
+.93282513E-01+.93282427E-01+.93282333E-01+.93282228E-01+.93282112E-01
+.93281984E-01+.93281842E-01+.93281686E-01+.93281512E-01+.93281321E-01
+.93281109E-01+.93280875E-01+.93280616E-01+.93280330E-01+.93280014E-01
+.93279665E-01+.93279278E-01+.93278851E-01+.93278379E-01+.93277857E-01
+.93277281E-01+.93276643E-01+.93275938E-01+.93275160E-01+.93274299E-01
+.93273347E-01+.93272296E-01+.93271134E-01+.93269849E-01+.93268430E-01
+.93266861E-01+.93265127E-01+.93263210E-01+.93261092E-01+.93258751E-01
+.93256164E-01+.93253305E-01+.93250145E-01+.93246652E-01+.93242793E-01
+.93238527E-01+.93233813E-01+.93228603E-01+.93222845E-01+.93216482E-01
+.93209449E-01+.93201678E-01+.93193089E-01+.93183597E-01+.93173107E-01
+.93161515E-01+.93148705E-01+.93134548E-01+.93118903E-01+.93101614E-01
+.93082508E-01+.93061396E-01+.93038065E-01+.93012284E-01+.92983795E-01
+.92952315E-01+.92917530E-01+.92879093E-01+.92836624E-01+.92789698E-01
+.92737850E-01+.92680566E-01+.92617277E-01+.92547356E-01+.92470111E-01
+.92384780E-01+.92290519E-01+.92186399E-01+.92071397E-01+.91944383E-01
+.91804112E-01+.91649213E-01+.91478177E-01+.91289339E-01+.91080872E-01
+.90850762E-01+.90596797E-01+.90316547E-01+.90007343E-01+.89666258E-01
+.89290085E-01+.88875310E-01+.88418091E-01+.87914231E-01+.87359152E-01
+.86747867E-01+.86074955E-01+.85334535E-01+.84520237E-01+.83625190E-01
+.82641991E-01+.81562702E-01+.80378836E-01+.79081366E-01+.77660731E-01
+.76106871E-01+.74409267E-01+.72557008E-01+.70538878E-01+.68343472E-01
+.65959340E-01+.63375160E-01+.60579940E-01+.57563247E-01+.54315457E-01
+.50827995E-01+.47093576E-01+.43106377E-01+.38862123E-01+.34358014E-01
+.29592420E-01+.24564251E-01+.19271904E-01+.13711679E-01+.78755760E-02
+.17484454E-02-.46954274E-02-.11496015E-01-.18710862E-01-.26416796E-01
-.34707972E-01-.43687041E-01-.53447331E-01-.64050977E-01-.75510081E-01
-.87771273E-01-.10071348E+00-.11416770E+00-.12794817E+00-.14187550E+00
-.15577955E+00-.16949057E+00-.18283373E+00-.19563014E+00-.20769970E+00
-.21886392E+00-.22894891E+00-.23778848E+00-.24522727E+00-.25112394E+00
-.25535433E+00-.25781467E+00-.25842429E+00-.25712813E+00-.25389838E+00
-.24873544E+00-.24166853E+00-.12919822E-01-.97839010E-02-.73051880E-02
-.53742280E-02-.38926694E-02-.27738938E-02-.19430848E-02-.13368571E-02
-.90256597E-03-.59732485E-03-.38715058E-03-.24501727E-03-.15126538E-03
-.91231726E-04-.53752349E-04-.30900405E-04-.17309811E-04-.94350464E-05
-.49964867E-05-.25692243E-05-.12800364E-05-.61682300E-06-.28681235E-06
-.12805855E-06-.53909702E-07-.19271815E-07-.50591608E-09+.00000000E+00
+.00000000E+00+.00000000E+00+.00000000E+00+.00000000E+00+.00000000E+00
-.11184728E-01-.11758181E-01-.12361036E-01-.12994800E-01-.13661061E-01
-.14361482E-01-.15097814E-01-.15871900E-01-.16685673E-01-.17541170E-01
-.18440530E-01-.19386001E-01-.20379947E-01-.21424854E-01-.22523335E-01
-.23678137E-01-.24892147E-01-.26168401E-01-.27510090E-01-.28920569E-01
-.30403366E-01-.31962187E-01-.33600931E-01-.35323696E-01-.37134789E-01
-.39038739E-01-.41040307E-01-.43144498E-01-.45356574E-01-.47682066E-01
-.50126789E-01-.52696855E-01-.55398693E-01-.58239057E-01-.61225050E-01
-.64364138E-01-.67664171E-01-.71133402E-01-.74780503E-01-.78614596E-01
-.82645268E-01-.86882596E-01-.91337177E-01-.96020150E-01-.10094322E+00
-.10611871E+00-.11155955E+00-.11727934E+00-.12329239E+00-.12961374E+00
-.13625919E+00-.14324536E+00-.15058971E+00-.15831061E+00-.16642737E+00
-.17496028E+00-.18393067E+00-.19336098E+00-.20327478E+00-.21369687E+00
-.22465330E+00-.23617146E+00-.24828015E+00-.26100965E+00-.27439179E+00
-.28846001E+00-.30324950E+00-.31879722E+00-.33514205E+00-.35232485E+00
-.37038857E+00-.38937837E+00-.40934172E+00-.43032851E+00-.45239122E+00
-.47558497E+00-.49996775E+00-.52560049E+00-.55254724E+00-.58087535E+00
-.61065559E+00-.64196239E+00-.67487394E+00-.70947248E+00-.74584442E+00
-.78408060E+00-.82427651E+00-.86653252E+00-.91095412E+00-.95765219E+00
-.10067433E+01-.10583499E+01-.11126007E+01-.11696311E+01-.12295832E+01
-.12926064E+01-.13588579E+01-.14285026E+01-.15017138E+01-.15786739E+01
-.16595742E+01-.17446157E+01-.18340099E+01-.19279786E+01-.20267549E+01
-.21305837E+01-.22397220E+01-.23544399E+01-.24750209E+01-.26017624E+01
-.27349769E+01-.28749922E+01-.30221521E+01-.31768175E+01-.33393668E+01
-.35101968E+01-.36897234E+01-.38783824E+01-.40766304E+01-.42849456E+01
-.45038282E+01-.47338019E+01-.49754141E+01-.52292369E+01-.54958676E+01
-.57759298E+01-.60700733E+01-.63789755E+01-.67033408E+01-.70439018E+01
-.74014185E+01-.77766788E+01-.81704979E+01-.85837176E+01-.90172051E+01
-.94718518E+01-.99485710E+01-.10448295E+02-.10971974E+02-.11520566E+02
-.12095040E+02-.12696362E+02-.13325493E+02-.13983374E+02-.14670921E+02
-.15389006E+02-.16138446E+02-.16919979E+02-.17734250E+02-.18581775E+02
-.19462922E+02-.20377868E+02-.21326562E+02-.22308679E+02-.23323564E+02
-.24370175E+02-.25447007E+02-.26552017E+02-.27682533E+02-.28835147E+02
-.30005608E+02-.31188688E+02-.32378045E+02-.33566063E+02-.34743685E+02
-.35900228E+02-.37023188E+02-.38098031E+02-.39107979E+02-.40033797E+02
-.40853577E+02-.41542544E+02-.42072879E+02-.42413592E+02-.42530460E+02
-.42386060E+02-.41939949E+02-.41149048E+02-.39968318E+02-.38351868E+02
-.36254687E+02-.33635270E+02-.30459553E+02-.26706713E+02-.22377554E+02
-.17506339E+02-.12176806E+02-.65424263E+01-.84904672E+00+.45461850E+01
+.91731384E+01+.12487931E+02+.13984022E+02+.13392710E+02+.10924162E+02
+.73838940E+01+.39447721E+01+.15542176E+01+.41000348E+00+.63436588E-01
+.48076088E-02+.13979049E-03+.11205671E-05+.15840957E-08+.21514847E-12
-.25453531E-13-.53266421E-14+.48353919E-14-.54910894E-15+.17055541E-16
+.65368207E-14+.65854386E-14+.00000000E+00+.00000000E+00+.00000000E+00
+.00000000E+00+.00000000E+00+.00000000E+00+.00000000E+00+.00000000E+00
+.00000000E+00+.00000000E+00+.00000000E+00+.00000000E+00+.00000000E+00
+.00000000E+00+.00000000E+00+.00000000E+00+.00000000E+00+.00000000E+00
+.00000000E+00+.00000000E+00+.00000000E+00+.00000000E+00+.00000000E+00
+.00000000E+00+.00000000E+00+.00000000E+00+.00000000E+00+.00000000E+00
+.00000000E+00+.00000000E+00+.00000000E+00+.00000000E+00+.00000000E+00
+.00000000E+00+.00000000E+00+.00000000E+00+.00000000E+00+.00000000E+00
-.35279558E-05-.36469008E-05-.37698560E-05-.38969567E-05-.40297460E-05
-.41711490E-05-.43205094E-05-.44780708E-05-.46439801E-05-.48184211E-05
-.50016127E-05-.51938085E-05-.53952951E-05-.56063916E-05-.58274492E-05
-.60588512E-05-.63010126E-05-.65543806E-05-.68194348E-05-.70966881E-05
-.73866872E-05-.76900135E-05-.80072842E-05-.83391536E-05-.86863141E-05
-.90494980E-05-.94294789E-05-.98270731E-05-.10243142E-04-.10678594E-04
-.11134386E-04-.11611525E-04-.12111074E-04-.12634147E-04-.13181922E-04
-.13755633E-04-.14356581E-04-.14986132E-04-.15645722E-04-.16336860E-04
-.17061131E-04-.17820201E-04-.18615818E-04-.19449819E-04-.20324129E-04
-.21240773E-04-.22201871E-04-.23209650E-04-.24266445E-04-.25374705E-04
-.26536996E-04-.27756011E-04-.29034568E-04-.30375624E-04-.31782274E-04
-.33257761E-04-.34805480E-04-.36428985E-04-.38131998E-04-.39918412E-04
-.41792300E-04-.43757925E-04-.45819741E-04-.47982407E-04-.50250794E-04
-.52629988E-04-.55125307E-04-.57742302E-04-.60486771E-04-.63364766E-04
-.66382604E-04-.69546875E-04-.72864453E-04-.76342506E-04-.79988509E-04
-.83810251E-04-.87815851E-04-.92013765E-04-.96412803E-04-.10102214E-03
-.10585133E-03-.11091031E-03-.11620945E-03-.12175952E-03-.12757174E-03
-.13365779E-03-.14002985E-03-.14670056E-03-.15368315E-03-.16099136E-03
-.16863953E-03-.17664266E-03-.18501636E-03-.19377700E-03-.20294171E-03
-.21252842E-03-.22255599E-03-.23304425E-03-.24401412E-03-.25548769E-03
-.26748840E-03-.28004113E-03-.29317242E-03-.30691065E-03-.32128630E-03
-.33633218E-03-.35208379E-03-.36857966E-03-.38586179E-03-.40397611E-03
-.42297307E-03-.44290827E-03-.46384317E-03-.48584599E-03-.50899261E-03
-.53336770E-03-.55906594E-03-.58619341E-03-.61486923E-03-.64522723E-03
-.67741806E-03-.71161131E-03-.74799807E-03-.78679362E-03-.82824046E-03
-.87261167E-03-.92021454E-03-.97139450E-03-.10265394E-02-.10860843E-02
-.11505159E-02-.12203782E-02-.12962779E-02-.13788899E-02-.14689628E-02
-.15673255E-02-.16748923E-02-.17926687E-02-.19217569E-02-.20633601E-02
-.22187866E-02-.23894527E-02-.25768842E-02-.27827163E-02-.30086914E-02
-.32566548E-02-.35285478E-02-.38263976E-02-.41523035E-02-.45084184E-02
-.48969234E-02-.53199920E-02-.57797437E-02-.62781854E-02-.68171466E-02
-.73982116E-02-.80226537E-02-.86913660E-02-.94047832E-02-.10162791E-01
-.10964625E-01-.11808756E-01-.12692766E-01-.13613224E-01-.14565541E-01
-.15543826E-01-.16540733E-01-.17547301E-01-.18552793E-01-.19544530E-01
-.20507740E-01-.21425399E-01-.22278103E-01-.23043954E-01-.23698473E-01
-.24214549E-01-.24562424E-01-.24709723E-01-.24621511E-01-.24260392E-01
-.23586651E-01-.22558432E-01-.21131998E-01-.19262104E-01-.16902520E-01
-.14006703E-01-.10528461E-01-.64223041E-02-.16434471E-02+.38517510E-02
+.10103994E-01+.17148479E-01+.25013024E-01+.33717143E-01+.43271411E-01
+.53676896E-01+.64924749E-01+.76995921E-01+.89861003E-01+.10348013E+00
+.11780296E+00+.13276866E+00+.14830600E+00+.16433340E+00+.18075910E+00
+.19748129E+00+.21438845E+00+.23135965E+00+.24826516E+00+.26496727E+00
+.28132152E+00+.29717821E+00+.31238435E+00+.32678565E+00+.34022850E+00
+.35256194E+00+.36363993E+00+.83612987E-01+.69457481E-01+.57160423E-01
+.46579095E-01+.37564528E-01+.29965058E-01+.23629209E-01+.18408168E-01
+.14158049E-01+.10741042E-01+.80330673E-02+.59048671E-02+.42672820E-02
+.30394399E-02+.21345002E-02+.14768219E-02+.10058653E-02+.67383844E-03
+.44357015E-03+.28660214E-03+.18150096E-03+.11241451E-03+.67774188E-04
+.39423900E-04+.21295530E-04+.10159478E-04+.24925298E-06+.00000000E+00
+.00000000E+00+.00000000E+00+.00000000E+00+.00000000E+00+.00000000E+00
-.79025164E-05-.83076870E-05-.87336313E-05-.91814141E-05-.96521576E-05
-.10147037E-04-.10667289E-04-.11214215E-04-.11789183E-04-.12393631E-04
-.13029069E-04-.13697087E-04-.14399355E-04-.15137629E-04-.15913756E-04
-.16729675E-04-.17587428E-04-.18489159E-04-.19437123E-04-.20433691E-04
-.21481354E-04-.22582731E-04-.23740578E-04-.24957789E-04-.26237409E-04
-.27582636E-04-.28996834E-04-.30483540E-04-.32046472E-04-.33689537E-04
-.35416844E-04-.37232713E-04-.39141683E-04-.41148529E-04-.43258268E-04
-.45476176E-04-.47807799E-04-.50258967E-04-.52835809E-04-.55544770E-04
-.58392621E-04-.61386486E-04-.64533849E-04-.67842581E-04-.71320955E-04
-.74977669E-04-.78821867E-04-.82863160E-04-.87111654E-04-.91577973E-04
-.96273283E-04-.10120933E-03-.10639844E-03-.11185361E-03-.11758847E-03
-.12361735E-03-.12995534E-03-.13661828E-03-.14362283E-03-.15098651E-03
-.15872772E-03-.16686582E-03-.17542116E-03-.18441513E-03-.19387021E-03
-.20381005E-03-.21425949E-03-.22524466E-03-.23679302E-03-.24893345E-03
-.26169629E-03-.27511344E-03-.28921845E-03-.30404657E-03-.31963487E-03
-.33602230E-03-.35324984E-03-.37136053E-03-.39039963E-03-.41041472E-03
-.43145581E-03-.45357548E-03-.47682898E-03-.50127441E-03-.52697283E-03
-.55398842E-03-.58238866E-03-.61224444E-03-.64363031E-03-.67662461E-03
-.71130968E-03-.74777208E-03-.78610274E-03-.82639728E-03-.86875616E-03
-.91328495E-03-.96009460E-03-.10093017E-02-.10610288E-02-.11154045E-02
-.11725642E-02-.12326500E-02-.12958110E-02-.13622041E-02-.14319940E-02
-.15053538E-02-.15824650E-02-.16635183E-02-.17487142E-02-.18382629E-02
-.19323850E-02-.20313121E-02-.21352872E-02-.22445653E-02-.23594138E-02
-.24801129E-02-.26069565E-02-.27402527E-02-.28803239E-02-.30275079E-02
-.31821584E-02-.33446453E-02-.35153552E-02-.36946925E-02-.38830792E-02
-.40809557E-02-.42887815E-02-.45070348E-02-.47362137E-02-.49768354E-02
-.52294371E-02-.54945755E-02-.57728266E-02-.60647850E-02-.63710636E-02
-.66922921E-02-.70291159E-02-.73821939E-02-.77521965E-02-.81398022E-02
-.85456945E-02-.89705565E-02-.94150666E-02-.98798907E-02-.10365675E-01
-.10873037E-01-.11402553E-01-.11954747E-01-.12530072E-01-.13128896E-01
-.13751479E-01-.14397948E-01-.15068269E-01-.15762215E-01-.16479328E-01
-.17218878E-01-.17979810E-01-.18760692E-01-.19559652E-01-.20374306E-01
-.21201682E-01-.22038130E-01-.22879231E-01-.23719689E-01-.24553221E-01
-.25372439E-01-.26168724E-01-.26932105E-01-.27651128E-01-.28312736E-01
-.28902164E-01-.29402847E-01-.29796355E-01-.30062364E-01-.30178684E-01
-.30121326E-01-.29864651E-01-.29381584E-01-.28643893E-01-.27622532E-01
-.26288021E-01-.24610809E-01-.22561563E-01-.20111302E-01-.17231234E-01
-.13892204E-01-.10063629E-01-.57118778E-02-.79822203E-03+.47232394E-02
+.10906758E-01+.17813510E-01+.25505844E-01+.34038591E-01+.43451004E-01
+.53759633E-01+.64954692E-01+.77004196E-01+.89863098E-01+.10348102E+00
+.11780357E+00+.13276916E+00+.14830644E+00+.16433378E+00+.18075941E+00
+.19748154E+00+.21438863E+00+.23135977E+00+.24826523E+00+.26496730E+00
+.28132152E+00+.29717821E+00+.31238435E+00+.32678565E+00+.34022850E+00
+.35256194E+00+.36363993E+00+.83612987E-01+.69457481E-01+.57160423E-01
+.46579095E-01+.37564528E-01+.29965058E-01+.23629209E-01+.18408168E-01
+.14158049E-01+.10741042E-01+.80330673E-02+.59048671E-02+.42672820E-02
+.30394399E-02+.21345002E-02+.14768219E-02+.10058653E-02+.67383844E-03
+.44357015E-03+.28660214E-03+.18150096E-03+.11241451E-03+.67774188E-04
+.39423900E-04+.21295530E-04+.10159478E-04+.24925298E-06+.00000000E+00
+.00000000E+00+.00000000E+00+.00000000E+00+.00000000E+00+.00000000E+00
+.97491444E-07+.10774471E-06+.11907632E-06+.13159968E-06+.14544040E-06
+.16073679E-06+.17764193E-06+.19632505E-06+.21697311E-06+.23979279E-06
+.26501249E-06+.29288461E-06+.32368811E-06+.35773131E-06+.39535493E-06
+.43693554E-06+.48288929E-06+.53367613E-06+.58980437E-06+.65183577E-06
+.72039119E-06+.79615677E-06+.87989084E-06+.97243146E-06+.10747048E-05
+.11877346E-05+.13126520E-05+.14507073E-05+.16032823E-05+.17719041E-05
+.19582602E-05+.21642160E-05+.23918327E-05+.26433885E-05+.29214012E-05
+.32286532E-05+.35682198E-05+.39434995E-05+.43582484E-05+.48166176E-05
+.53231948E-05+.58830502E-05+.65017870E-05+.71855981E-05+.79413275E-05
+.87765390E-05+.96995920E-05+.10719725E-04+.11847148E-04+.13093145E-04
+.14470187E-04+.15992056E-04+.17673984E-04+.19532805E-04+.21587122E-04
+.23857498E-04+.26366654E-04+.29139705E-04+.32204404E-04+.35591424E-04
+.39334665E-04+.43471592E-04+.48043608E-04+.53096472E-04+.58680757E-04
+.64852352E-04+.71673024E-04+.79211039E-04+.87541840E-04+.96748803E-04
+.10692408E-03+.11816949E-03+.13059760E-03+.14433279E-03+.15951252E-03
+.17628870E-03+.19482923E-03+.21531968E-03+.23796509E-03+.26299211E-03
+.29065118E-03+.32121912E-03+.35500183E-03+.39233738E-03+.43359940E-03
+.47920078E-03+.52959787E-03+.58529495E-03+.64684936E-03+.71487702E-03
+.79005860E-03+.87314634E-03+.96497156E-03+.10664530E-02+.11786058E-02
+.13025521E-02+.14395317E-02+.15909148E-02+.17582157E-02+.19431077E-02
+.21474398E-02+.23732555E-02+.26228127E-02+.28986066E-02+.32033945E-02
+.35402229E-02+.39124585E-02+.43238211E-02+.47784209E-02+.52807993E-02
+.58359740E-02+.64494890E-02+.71274690E-02+.78766808E-02+.87045999E-02
+.96194842E-02+.10630456E-01+.11747592E-01+.12982020E-01+.14346034E-01
+.15853208E-01+.17518534E-01+.19358563E-01+.21391572E-01+.23637738E-01
+.26119334E-01+.28860940E-01+.31889686E-01+.35235505E-01+.38931420E-01
+.43013854E-01+.47522976E-01+.52503070E-01+.58002950E-01+.64076402E-01
+.70782676E-01+.78187018E-01+.86361246E-01+.95384381E-01+.10534332E+00
+.11633359E+00+.12846011E+00+.14183806E+00+.15659381E+00+.17286584E+00
+.19080579E+00+.21057958E+00+.23236845E+00+.25637022E+00+.28280043E+00
+.31189356E+00+.34390424E+00+.37910836E+00+.41780423E+00+.46031343E+00
+.50698166E+00+.55817916E+00+.61430093E+00+.67576635E+00+.74301827E+00
+.81652129E+00+.89675909E+00+.98423051E+00+.10794442E+01+.11829112E+01
+.12951357E+01+.14166029E+01+.15477631E+01+.16890134E+01+.18406727E+01
+.20029536E+01+.21759259E+01+.23594736E+01+.25532429E+01+.27565788E+01
+.29684501E+01+.31873584E+01+.34112296E+01+.36372840E+01+.38618819E+01
+.40803404E+01+.42867223E+01+.44735972E+01+.46317915E+01+.47501572E+01
+.48154286E+01+.48122939E+01+.47239011E+01+.45331414E+01+.42251841E+01
+.37917755E+01+.32375297E+01+.25875403E+01+.18934465E+01+.12312209E+01
+.68329817E+00+.30646304E+00+.10318138E+00+.23603698E-01+.32064356E-02
+.21564739E-03+.56170377E-05+.40676854E-07+.52348302E-10+.75763817E-14
-.63669738E-15+.49473806E-16-.42601533E-15+.15537950E-15-.49427908E-15
+.65444833E-15+.29975076E-15+.00000000E+00+.00000000E+00+.00000000E+00
+.00000000E+00+.00000000E+00+.00000000E+00+.00000000E+00+.00000000E+00
+.00000000E+00+.00000000E+00+.00000000E+00+.00000000E+00+.00000000E+00
+.00000000E+00+.00000000E+00+.00000000E+00+.00000000E+00+.00000000E+00
+.00000000E+00+.00000000E+00+.00000000E+00+.00000000E+00+.00000000E+00
+.00000000E+00+.00000000E+00+.00000000E+00+.00000000E+00+.00000000E+00
+.00000000E+00+.00000000E+00+.00000000E+00+.00000000E+00+.00000000E+00
+.00000000E+00+.00000000E+00+.00000000E+00+.00000000E+00+.00000000E+00
+.43273477E-07+.46872703E-07+.50771291E-07+.54994140E-07+.59601917E-07
+.64692743E-07+.70286295E-07+.76426682E-07+.83159925E-07+.90537428E-07
+.98616332E-07+.10746001E-06+.11713857E-06+.12772946E-06+.13931812E-06
+.15199875E-06+.16587512E-06+.18106154E-06+.19768385E-06+.21588060E-06
+.23580431E-06+.25762285E-06+.28152103E-06+.30770232E-06+.33639069E-06
+.36783280E-06+.40230022E-06+.44009206E-06+.48153774E-06+.52700014E-06
+.57687904E-06+.63161489E-06+.69169304E-06+.75764831E-06+.83007015E-06
+.90960826E-06+.99697879E-06+.10929712E-05+.11984558E-05+.13143922E-05
+.14418385E-05+.15819613E-05+.17360470E-05+.19055144E-05+.20919280E-05
+.22970133E-05+.25226731E-05+.27710062E-05+.30443273E-05+.33451894E-05
+.36764084E-05+.40410898E-05+.44426590E-05+.48848939E-05+.53719613E-05
+.59084567E-05+.64994481E-05+.71505252E-05+.78678520E-05+.86582259E-05
+.95291428E-05+.10488868E-04+.11546514E-04+.12712130E-04+.13996793E-04
+.15412713E-04+.16973352E-04+.18693546E-04+.20589647E-04+.22679674E-04
+.24983481E-04+.27522946E-04+.30322166E-04+.33407687E-04+.36808744E-04
+.40557531E-04+.44689493E-04+.49243651E-04+.54262951E-04+.59794658E-04
+.65890770E-04+.72608489E-04+.80010726E-04+.88166650E-04+.97152303E-04
+.10705125E-03+.11795531E-03+.12996533E-03+.14319205E-03+.15775705E-03
+.17379372E-03+.19144842E-03+.21088162E-03+.23226924E-03+.25580404E-03
+.28169714E-03+.31017968E-03+.34150459E-03+.37594849E-03+.41381378E-03
+.45543085E-03+.50116044E-03+.55139625E-03+.60656759E-03+.66714237E-03
+.73363012E-03+.80658539E-03+.88661113E-03+.97436247E-03+.10705506E-02
+.11759467E-02+.12913865E-02+.14177745E-02+.15560887E-02+.17073854E-02
+.18728038E-02+.20535715E-02+.22510093E-02+.24665361E-02+.27016742E-02
+.29580544E-02+.32374205E-02+.35416341E-02+.38726787E-02+.42326637E-02
+.46238277E-02+.50485411E-02+.55093077E-02+.60087663E-02+.65496895E-02
+.71349834E-02+.77676835E-02+.84509511E-02+.91880663E-02+.99824201E-02
+.10837504E-01+.11756896E-01+.12744246E-01+.13803260E-01+.14937676E-01
+.16151242E-01+.17447689E-01+.18830706E-01+.20303905E-01+.21870789E-01
+.23534723E-01+.25298899E-01+.27166307E-01+.29139709E-01+.31221604E-01
+.33414187E-01+.35719278E-01+.38138221E-01+.40671763E-01+.43319948E-01
+.46082063E-01+.48956656E-01+.51941596E-01+.55034146E-01+.58231011E-01
+.61528384E-01+.64921980E-01+.68407087E-01+.71978610E-01+.75631116E-01
+.79358884E-01+.83155934E-01+.87016050E-01+.90932800E-01+.94899538E-01
+.98909413E-01+.10295537E+00+.10703016E+00+.11112641E+00+.11523663E+00
+.11935336E+00+.12346922E+00+.12757709E+00+.13167016E+00+.13574197E+00
+.13978637E+00+.14379733E+00+.14776884E+00+.15169490E+00+.15557030E+00
+.15939239E+00+.16316367E+00+.16689261E+00+.17058845E+00+.17425013E+00
+.17785907E+00+.18138402E+00+.18479203E+00+.18805540E+00+.19115366E+00
+.19407390E+00+.19681093E+00+.19936696E+00+.20175113E+00+.20397873E+00
+.20607036E+00+.20805089E+00+.20994853E+00+.21179379E+00+.21361854E+00
+.21545509E+00+.21733542E+00+.21929047E+00+.22134961E+00+.22354029E+00
+.22588792E+00+.22841593E+00+.23114589E+00+.23409767E+00+.23728936E+00
+.24073722E+00+.24445572E+00+.00000000E+00+.00000000E+00+.00000000E+00
+.00000000E+00+.00000000E+00+.00000000E+00+.00000000E+00+.00000000E+00
+.00000000E+00+.00000000E+00+.00000000E+00+.00000000E+00+.00000000E+00
+.00000000E+00+.00000000E+00+.00000000E+00+.00000000E+00+.00000000E+00
+.00000000E+00+.00000000E+00+.00000000E+00+.00000000E+00+.00000000E+00
+.00000000E+00+.00000000E+00+.00000000E+00+.00000000E+00+.00000000E+00
+.00000000E+00+.00000000E+00+.00000000E+00+.00000000E+00+.00000000E+00
+.26862830E-08+.29688018E-08+.32810334E-08+.36261027E-08+.40074703E-08
+.44289475E-08+.48947527E-08+.54095478E-08+.59784854E-08+.66072598E-08
+.73021642E-08+.80701536E-08+.89189147E-08+.98569423E-08+.10893625E-07
+.12039339E-07+.13305550E-07+.14704933E-07+.16251492E-07+.17960708E-07
+.19849686E-07+.21937334E-07+.24244546E-07+.26794414E-07+.29612458E-07
+.32726884E-07+.36168864E-07+.39972845E-07+.44176903E-07+.48823113E-07
+.53957978E-07+.59632891E-07+.65904651E-07+.72836029E-07+.80496400E-07
+.88962434E-07+.98318864E-07+.10865934E-06+.12008734E-06+.13271727E-06
+.14667551E-06+.16210179E-06+.17915049E-06+.19799225E-06+.21881564E-06
+.24182909E-06+.26726293E-06+.29537171E-06+.32643677E-06+.36076902E-06
+.39871209E-06+.44064573E-06+.48698963E-06+.53820765E-06+.59481240E-06
+.65737041E-06+.72650780E-06+.80291654E-06+.88736137E-06+.98068746E-06
+.10838289E-05+.11978179E-05+.13237954E-05+.14630222E-05+.16168918E-05
+.17869442E-05+.19748813E-05+.21825840E-05+.24121312E-05+.26658202E-05
+.29461901E-05+.32560468E-05+.35984914E-05+.39769512E-05+.43952139E-05
+.48574655E-05+.53683322E-05+.59329266E-05+.65568992E-05+.72464946E-05
+.80086139E-05+.88508840E-05+.97817341E-05+.10810479E-04+.11947414E-04
+.13203917E-04+.14592560E-04+.16127239E-04+.17823312E-04+.19697749E-04
+.21769305E-04+.24058708E-04+.26588863E-04+.29385086E-04+.32475349E-04
+.35890570E-04+.39664911E-04+.43836128E-04+.48445944E-04+.53540464E-04
+.59170639E-04+.65392772E-04+.72269081E-04+.79868318E-04+.88266454E-04
+.97547438E-04+.10780403E-03+.11913873E-03+.13166479E-03+.14550735E-03
+.16080465E-03+.17770947E-03+.19639055E-03+.21703436E-03+.23984688E-03
+.26505564E-03+.29291199E-03+.32369359E-03+.35770709E-03+.39529118E-03
+.43681991E-03+.48270635E-03+.53340658E-03+.58942420E-03+.65131515E-03
+.71969312E-03+.79523545E-03+.87868963E-03+.97088045E-03+.10727178E-02
+.11852054E-02+.13094499E-02+.14466716E-02+.15982155E-02+.17655637E-02
+.19503486E-02+.21543682E-02+.23796012E-02+.26282251E-02+.29026343E-02
+.32054607E-02+.35395955E-02+.39082126E-02+.43147935E-02+.47631544E-02
+.52574739E-02+.58023233E-02+.64026975E-02+.70640474E-02+.77923124E-02
+.85939547E-02+.94759914E-02+.10446027E-01+.11512284E-01+.12683629E-01
+.13969592E-01+.15380387E-01+.16926913E-01+.18620748E-01+.20474128E-01
+.22499904E-01+.24711477E-01+.27122699E-01+.29747745E-01+.32600931E-01
+.35696493E-01+.39048300E-01+.42669500E-01+.46572102E-01+.50766463E-01
+.55260708E-01+.60060048E-01+.65166036E-01+.70575747E-01+.76280917E-01
+.82267077E-01+.88512728E-01+.94988634E-01+.10165732E+00+.10847289E+00
+.11538130E+00+.12232116E+00+.12922538E+00+.13602353E+00+.14264516E+00
+.14902394E+00+.15510245E+00+.16083707E+00+.16620216E+00+.17119212E+00
+.17581892E+00+.18010180E+00+.18405176E+00+.18767283E+00+.19098223E+00
+.19401101E+00+.19679406E+00+.19936511E+00+.20175261E+00+.20398052E+00
+.20607191E+00+.20805214E+00+.20994948E+00+.21179450E+00+.21361904E+00
+.21545544E+00+.21733565E+00+.21929061E+00+.22134968E+00+.22354031E+00
+.22588792E+00+.22841593E+00+.23114589E+00+.23409767E+00+.23728936E+00
+.24073722E+00+.24445572E+00+.00000000E+00+.00000000E+00+.00000000E+00
+.00000000E+00+.00000000E+00+.00000000E+00+.00000000E+00+.00000000E+00
+.00000000E+00+.00000000E+00+.00000000E+00+.00000000E+00+.00000000E+00
+.00000000E+00+.00000000E+00+.00000000E+00+.00000000E+00+.00000000E+00
+.00000000E+00+.00000000E+00+.00000000E+00+.00000000E+00+.00000000E+00
+.00000000E+00+.00000000E+00+.00000000E+00+.00000000E+00+.00000000E+00
+.00000000E+00+.00000000E+00+.00000000E+00+.00000000E+00+.00000000E+00
+.73077295E+03+.73077295E+03+.73077295E+03+.73077295E+03+.73077295E+03
+.73077296E+03+.73077296E+03+.73077297E+03+.73077297E+03+.73077297E+03
+.73077298E+03+.73077298E+03+.73077298E+03+.73077298E+03+.73077299E+03
+.73077299E+03+.73077298E+03+.73077298E+03+.73077298E+03+.73077298E+03
+.73077297E+03+.73077297E+03+.73077296E+03+.73077295E+03+.73077294E+03
+.73077293E+03+.73077291E+03+.73077290E+03+.73077288E+03+.73077286E+03
+.73077283E+03+.73077281E+03+.73077277E+03+.73077274E+03+.73077270E+03
+.73077266E+03+.73077261E+03+.73077255E+03+.73077249E+03+.73077242E+03
+.73077234E+03+.73077226E+03+.73077216E+03+.73077205E+03+.73077193E+03
+.73077180E+03+.73077166E+03+.73077149E+03+.73077132E+03+.73077112E+03
+.73077090E+03+.73077065E+03+.73077038E+03+.73077008E+03+.73076975E+03
+.73076938E+03+.73076897E+03+.73076852E+03+.73076802E+03+.73076747E+03
+.73076686E+03+.73076618E+03+.73076544E+03+.73076461E+03+.73076370E+03
+.73076269E+03+.73076157E+03+.73076034E+03+.73075897E+03+.73075746E+03
+.73075579E+03+.73075394E+03+.73075190E+03+.73074965E+03+.73074715E+03
+.73074440E+03+.73074135E+03+.73073798E+03+.73073426E+03+.73073015E+03
+.73072560E+03+.73072057E+03+.73071501E+03+.73070887E+03+.73070208E+03
+.73069458E+03+.73068629E+03+.73067713E+03+.73066700E+03+.73065580E+03
+.73064343E+03+.73062975E+03+.73061464E+03+.73059794E+03+.73057948E+03
+.73055908E+03+.73053653E+03+.73051161E+03+.73048407E+03+.73045364E+03
+.73042000E+03+.73038282E+03+.73034174E+03+.73029634E+03+.73024616E+03
+.73019070E+03+.73012942E+03+.73006169E+03+.72998685E+03+.72990413E+03
+.72981273E+03+.72971171E+03+.72960008E+03+.72947672E+03+.72934039E+03
+.72918975E+03+.72902328E+03+.72883932E+03+.72863604E+03+.72841141E+03
+.72816321E+03+.72788895E+03+.72758590E+03+.72725106E+03+.72688110E+03
+.72647234E+03+.72602073E+03+.72552179E+03+.72497059E+03+.72436166E+03
+.72368900E+03+.72294598E+03+.72212527E+03+.72121881E+03+.72021770E+03
+.71911215E+03+.71789136E+03+.71654344E+03+.71505528E+03+.71341250E+03
+.71159924E+03+.70959808E+03+.70738989E+03+.70495366E+03+.70226632E+03
+.69930260E+03+.69603483E+03+.69243272E+03+.68846316E+03+.68409003E+03
+.67927397E+03+.67397213E+03+.66813797E+03+.66172109E+03+.65466696E+03
+.64691680E+03+.63840742E+03+.62907113E+03+.61883573E+03+.60762459E+03
+.59535677E+03+.58194740E+03+.56730815E+03+.55134796E+03+.53397401E+03
+.51509306E+03+.49461316E+03+.47244579E+03+.44850862E+03+.42272886E+03
+.39504731E+03+.36542335E+03+.33384079E+03+.30031484E+03+.26490032E+03
+.22770117E+03+.18888165E+03+.14867923E+03+.10741966E+03+.65534655E+02
+.23582625E+02-.17726659E+02-.57502956E+02-.94641755E+02-.12778735E+03
-.15529875E+03-.17523412E+03-.18538907E+03-.18345793E+03-.16743477E+03
-.13640810E+03-.91846565E+02-.39148900E+02+.11553635E+02+.47321691E+02
+.58541598E+02+.46616023E+02+.24988206E+02+.85011215E+01+.16352757E+01
+.14991016E+00+.51590433E-02+.48067629E-04+.77748343E-07+.11944116E-10
-.10064019E-12+.98640516E-12-.84162796E-13+.86903972E-12+.10130158E-12
-.63452385E-12-.94177241E-12+.00000000E+00+.00000000E+00+.00000000E+00
+.00000000E+00+.00000000E+00+.00000000E+00+.00000000E+00+.00000000E+00
+.00000000E+00+.00000000E+00+.00000000E+00+.00000000E+00+.00000000E+00
+.00000000E+00+.00000000E+00+.00000000E+00+.00000000E+00+.00000000E+00
+.00000000E+00+.00000000E+00+.00000000E+00+.00000000E+00+.00000000E+00
+.00000000E+00+.00000000E+00+.00000000E+00+.00000000E+00+.00000000E+00
+.00000000E+00+.00000000E+00+.00000000E+00+.00000000E+00+.00000000E+00
+.00000000E+00+.00000000E+00+.00000000E+00+.00000000E+00+.00000000E+00
+.16130045E+00+.16125825E+00+.16121607E+00+.16117390E+00+.16113101E+00
+.16108595E+00+.16103918E+00+.16099066E+00+.16094044E+00+.16088855E+00
+.16083503E+00+.16077988E+00+.16072312E+00+.16066474E+00+.16060473E+00
+.16054309E+00+.16047979E+00+.16041480E+00+.16034809E+00+.16027963E+00
+.16020935E+00+.16013722E+00+.16006318E+00+.15998715E+00+.15990907E+00
+.15982886E+00+.15974644E+00+.15966172E+00+.15957461E+00+.15948500E+00
+.15939278E+00+.15929784E+00+.15920006E+00+.15909930E+00+.15899543E+00
+.15888830E+00+.15877775E+00+.15866364E+00+.15854577E+00+.15842398E+00
+.15829808E+00+.15816786E+00+.15803312E+00+.15789363E+00+.15774916E+00
+.15759947E+00+.15744430E+00+.15728338E+00+.15711643E+00+.15694316E+00
+.15676325E+00+.15657638E+00+.15638221E+00+.15618037E+00+.15597050E+00
+.15575219E+00+.15552504E+00+.15528862E+00+.15504247E+00+.15478611E+00
+.15451906E+00+.15424080E+00+.15395078E+00+.15364844E+00+.15333319E+00
+.15300440E+00+.15266142E+00+.15230360E+00+.15193021E+00+.15154052E+00
+.15113377E+00+.15070916E+00+.15026585E+00+.14980297E+00+.14931961E+00
+.14881485E+00+.14828770E+00+.14773713E+00+.14716211E+00+.14656152E+00
+.14593423E+00+.14527907E+00+.14459481E+00+.14388019E+00+.14313391E+00
+.14235462E+00+.14154092E+00+.14069139E+00+.13980456E+00+.13887890E+00
+.13791288E+00+.13690489E+00+.13585332E+00+.13475650E+00+.13361274E+00
+.13242033E+00+.13117752E+00+.12988256E+00+.12853366E+00+.12712905E+00
+.12566695E+00+.12414556E+00+.12256314E+00+.12091793E+00+.11920823E+00
+.11743237E+00+.11558875E+00+.11367583E+00+.11169216E+00+.10963640E+00
+.10750730E+00+.10530378E+00+.10302490E+00+.10066990E+00+.98238235E-01
+.95729567E-01+.93143820E-01+.90481190E-01+.87742180E-01+.84927627E-01
+.82038727E-01+.79077071E-01+.76044669E-01+.72943985E-01+.69777963E-01
+.66550060E-01+.63264269E-01+.59925150E-01+.56537851E-01+.53108132E-01
+.49642382E-01+.46147633E-01+.42631569E-01+.39102533E-01+.35569519E-01
+.32042168E-01+.28530745E-01+.25046116E-01+.21599707E-01+.18203461E-01
+.14869776E-01+.11611433E-01+.84415173E-02+.53733194E-02+.24202268E-02
-.40439713E-03-.30873489E-02-.56157336E-02-.79771260E-02-.10159740E-01
-.12152600E-01-.13945704E-01-.15530166E-01-.16898353E-01-.18044015E-01
-.18962444E-01-.19650652E-01-.20107566E-01-.20334193E-01-.20333763E-01
-.20111828E-01-.19676322E-01-.19037593E-01-.18208397E-01-.17203846E-01
-.16041325E-01-.14740371E-01-.13322516E-01-.11811092E-01-.10231017E-01
-.86085389E-02-.69709602E-02-.53463207E-02-.37630489E-02-.22495645E-02
-.83382727E-03+.45718137E-03+.15980559E-02+.25656561E-02+.33399014E-02
+.39046865E-02+.42489342E-02+.43678107E-02+.42641310E-02+.39499811E-02
+.34485681E-02+.27962631E-02+.20447528E-02+.12632510E-02+.54087250E-03
-.10745742E-04-.25487011E-03-.27659825E-04+.86298208E-03+.26375285E-02
+.55436038E-02+.98529791E-02+.15856282E-01+.23854855E-01+.34149137E-01
+.47022964E-01+.62723219E-01+.81434496E-01+.10324874E+00+.12813040E+00
+.15587840E+00+.18608737E+00+.21811214E+00+.25104079E+00+.28368387E+00
+.31458864E+00+.34208817E+00+.36439459E+00+.37974302E+00+.38658673E+00
+.38383424E+00+.37110541E+00+.12293026E-01+.93092414E-02+.69507816E-02
+.51135009E-02+.37038191E-02+.26393201E-02+.18488174E-02+.12720003E-02
+.85877857E-03+.56834602E-03+.36836822E-03+.23313042E-03+.14392684E-03
+.86805678E-04+.51144589E-04+.29401292E-04+.16470037E-04+.89773113E-05
+.47540854E-05+.24445801E-05+.12179363E-05+.58689824E-06+.27289783E-06
+.12184588E-06+.51294308E-07+.18336855E-07+.48137189E-09+.00000000E+00
+.00000000E+00+.00000000E+00+.00000000E+00+.00000000E+00+.00000000E+00
+.66091891E-02+.66091891E-02+.66091891E-02+.66091891E-02+.66091892E-02
+.66091892E-02+.66091893E-02+.66091893E-02+.66091893E-02+.66091894E-02
+.66091894E-02+.66091894E-02+.66091895E-02+.66091895E-02+.66091895E-02
+.66091895E-02+.66091895E-02+.66091895E-02+.66091894E-02+.66091894E-02
+.66091894E-02+.66091893E-02+.66091892E-02+.66091892E-02+.66091891E-02
+.66091890E-02+.66091888E-02+.66091887E-02+.66091885E-02+.66091883E-02
+.66091881E-02+.66091879E-02+.66091876E-02+.66091873E-02+.66091869E-02
+.66091865E-02+.66091860E-02+.66091855E-02+.66091850E-02+.66091843E-02
+.66091836E-02+.66091829E-02+.66091820E-02+.66091810E-02+.66091800E-02
+.66091788E-02+.66091775E-02+.66091760E-02+.66091744E-02+.66091726E-02
+.66091706E-02+.66091684E-02+.66091659E-02+.66091632E-02+.66091602E-02
+.66091569E-02+.66091532E-02+.66091491E-02+.66091446E-02+.66091396E-02
+.66091341E-02+.66091280E-02+.66091212E-02+.66091137E-02+.66091055E-02
+.66090963E-02+.66090862E-02+.66090751E-02+.66090627E-02+.66090491E-02
+.66090340E-02+.66090173E-02+.66089988E-02+.66089784E-02+.66089559E-02
+.66089309E-02+.66089034E-02+.66088729E-02+.66088392E-02+.66088020E-02
+.66087609E-02+.66087154E-02+.66086652E-02+.66086096E-02+.66085482E-02
+.66084804E-02+.66084054E-02+.66083225E-02+.66082309E-02+.66081297E-02
+.66080178E-02+.66078941E-02+.66077574E-02+.66076063E-02+.66074394E-02
+.66072549E-02+.66070509E-02+.66068256E-02+.66065765E-02+.66063012E-02
+.66059970E-02+.66056608E-02+.66052892E-02+.66048786E-02+.66044248E-02
+.66039233E-02+.66033690E-02+.66027565E-02+.66020796E-02+.66013315E-02
+.66005048E-02+.65995912E-02+.65985816E-02+.65974659E-02+.65962330E-02
+.65948705E-02+.65933649E-02+.65917012E-02+.65898627E-02+.65878312E-02
+.65855864E-02+.65831059E-02+.65803652E-02+.65773368E-02+.65739909E-02
+.65702940E-02+.65662096E-02+.65616971E-02+.65567120E-02+.65512048E-02
+.65451212E-02+.65384012E-02+.65309787E-02+.65227806E-02+.65137265E-02
+.65037279E-02+.64926870E-02+.64804963E-02+.64670375E-02+.64521801E-02
+.64357811E-02+.64176828E-02+.63977121E-02+.63756792E-02+.63513755E-02
+.63245725E-02+.62950199E-02+.62624441E-02+.62265458E-02+.61869985E-02
+.61434465E-02+.60955027E-02+.60427469E-02+.59847238E-02+.59209413E-02
+.58508690E-02+.57739370E-02+.56895355E-02+.55970142E-02+.54956836E-02
+.53848165E-02+.52636512E-02+.51313965E-02+.49872381E-02+.48303484E-02
+.46598983E-02+.44750732E-02+.42750923E-02+.40592333E-02+.38268610E-02
+.35774627E-02+.33106886E-02+.30263979E-02+.27247120E-02+.24060709E-02
+.20712954E-02+.17216508E-02+.13589124E-02+.98542983E-03+.60419027E-03
+.21888279E-03-.16602886E-03-.54520719E-03-.91228026E-03-.12595557E-02
-.15775005E-02-.18538118E-02-.20718101E-02-.22077727E-02-.22267130E-02
-.20760777E-02-.16770564E-02-.91401410E-03+.37587851E-03+.24093378E-02
+.54558341E-02+.98253848E-02+.15847595E-01+.23850407E-01+.34145825E-01
+.47020378E-01+.62721216E-01+.81433023E-01+.10324776E+00+.12812983E+00
+.15587814E+00+.18608732E+00+.21811220E+00+.25104087E+00+.28368392E+00
+.31458864E+00+.34208817E+00+.36439459E+00+.37974302E+00+.38658673E+00
+.38383424E+00+.37110541E+00+.12293026E-01+.93092414E-02+.69507816E-02
+.51135009E-02+.37038191E-02+.26393201E-02+.18488174E-02+.12720003E-02
+.85877857E-03+.56834602E-03+.36836822E-03+.23313042E-03+.14392684E-03
+.86805678E-04+.51144589E-04+.29401292E-04+.16470037E-04+.89773113E-05
+.47540854E-05+.24445801E-05+.12179363E-05+.58689824E-06+.27289783E-06
+.12184588E-06+.51294308E-07+.18336855E-07+.48137189E-09+.00000000E+00
+.00000000E+00+.00000000E+00+.00000000E+00+.00000000E+00+.00000000E+00
-.18132231E+00-.19061891E+00-.20039215E+00-.21066647E+00-.22146763E+00
-.23282257E+00-.24475970E+00-.25730886E+00-.27050143E+00-.28437041E+00
-.29895046E+00-.31427805E+00-.33039151E+00-.34733113E+00-.36513926E+00
-.38386044E+00-.40354148E+00-.42423159E+00-.44598251E+00-.46884863E+00
-.49288713E+00-.51815811E+00-.54472476E+00-.57265353E+00-.60201424E+00
-.63288030E+00-.66532891E+00-.69944121E+00-.73530248E+00-.77300240E+00
-.81263525E+00-.85430012E+00-.89810120E+00-.94414802E+00-.99255571E+00
-.10434453E+01-.10969441E+01-.11531858E+01-.12123111E+01-.12744678E+01
-.13398114E+01-.14085052E+01-.14807209E+01-.15566393E+01-.16364501E+01
-.17203528E+01-.18085573E+01-.19012841E+01-.19987650E+01-.21012439E+01
-.22089769E+01-.23222335E+01-.24412967E+01-.25664644E+01-.26980494E+01
-.28363808E+01-.29818044E+01-.31346839E+01-.32954014E+01-.34643588E+01
-.36419786E+01-.38287047E+01-.40250040E+01-.42313673E+01-.44483104E+01
-.46763757E+01-.49161333E+01-.51681826E+01-.54331536E+01-.57117086E+01
-.60045439E+01-.63123913E+01-.66360202E+01-.69762395E+01-.73338993E+01
-.77098933E+01-.81051610E+01-.85206900E+01-.89575182E+01-.94167369E+01
-.98994930E+01-.10406992E+02-.10940502E+02-.11501353E+02-.12090947E+02
-.12710755E+02-.13362323E+02-.14047276E+02-.14767324E+02-.15524262E+02
-.16319976E+02-.17156448E+02-.18035764E+02-.18960112E+02-.19931792E+02
-.20953222E+02-.22026941E+02-.23155618E+02-.24342054E+02-.25589193E+02
-.26900128E+02-.28278104E+02-.29726533E+02-.31248993E+02-.32849244E+02
-.34531229E+02-.36299091E+02-.38157171E+02-.40110030E+02-.42162445E+02
-.44319431E+02-.46586242E+02-.48968385E+02-.51471629E+02-.54102016E+02
-.56865870E+02-.59769810E+02-.62820754E+02-.66025936E+02-.69392910E+02
-.72929562E+02-.76644113E+02-.80545132E+02-.84641537E+02-.88942597E+02
-.93457941E+02-.98197549E+02-.10317175E+03-.10839122E+03-.11386696E+03
-.11961028E+03-.12563278E+03-.13194633E+03-.13856298E+03-.14549499E+03
-.15275468E+03-.16035441E+03-.16830647E+03-.17662295E+03-.18531562E+03
-.19439577E+03-.20387400E+03-.21375999E+03-.22406226E+03-.23478781E+03
-.24594177E+03-.25752699E+03-.26954352E+03-.28198801E+03-.29485310E+03
-.30812660E+03-.32179067E+03-.33582078E+03-.35018459E+03-.36484070E+03
-.37973721E+03-.39481008E+03-.40998142E+03-.42515751E+03-.44022666E+03
-.45505698E+03-.46949391E+03-.48335770E+03-.49644084E+03-.50850556E+03
-.51928138E+03-.52846311E+03-.53570924E+03-.54064124E+03-.54284390E+03
-.54186739E+03-.53723135E+03-.52843192E+03-.51495253E+03-.49627942E+03
-.47192330E+03-.44144859E+03-.40451216E+03-.36091357E+03-.31065914E+03
-.25404214E+03-.19174079E+03-.12493426E+03-.55433223E+02+.14185996E+02
+.80468707E+02+.13903983E+03+.18472033E+03+.21194133E+03+.21564321E+03
+.19283591E+03+.14480104E+03+.79350821E+02+.11530527E+02-.39758909E+02
-.60466853E+02-.51239671E+02-.28235089E+02-.97602391E+01-.19006627E+01
-.17631779E+00-.61465262E-02-.58108994E-04-.95571192E-07-.17953081E-10
+.35821096E-11+.36442359E-12-.64359667E-13+.68056624E-13-.67966718E-12
-.52832746E-12-.66797274E-12+.00000000E+00+.00000000E+00+.00000000E+00
+.00000000E+00+.00000000E+00+.00000000E+00+.00000000E+00+.00000000E+00
+.00000000E+00+.00000000E+00+.00000000E+00+.00000000E+00+.00000000E+00
+.00000000E+00+.00000000E+00+.00000000E+00+.00000000E+00+.00000000E+00
+.00000000E+00+.00000000E+00+.00000000E+00+.00000000E+00+.00000000E+00
+.00000000E+00+.00000000E+00+.00000000E+00+.00000000E+00+.00000000E+00
+.00000000E+00+.00000000E+00+.00000000E+00+.00000000E+00+.00000000E+00
+.00000000E+00+.00000000E+00+.00000000E+00+.00000000E+00+.00000000E+00
+.91900086E-04+.94998496E-04+.98201368E-04+.10151223E-03+.10497139E-03
+.10865527E-03+.11254674E-03+.11665214E-03+.12097533E-03+.12552109E-03
+.13029513E-03+.13530408E-03+.14055542E-03+.14605748E-03+.15181943E-03
+.15785127E-03+.16416384E-03+.17076880E-03+.17767868E-03+.18490687E-03
+.19246763E-03+.20037614E-03+.20864851E-03+.21730182E-03+.22635414E-03
+.23582458E-03+.24573332E-03+.25610167E-03+.26695211E-03+.27830832E-03
+.29019528E-03+.30263927E-03+.31566798E-03+.32931053E-03+.34359756E-03
+.35856132E-03+.37423567E-03+.39065626E-03+.40786051E-03+.42588774E-03
+.44477927E-03+.46457848E-03+.48533091E-03+.50708438E-03+.52988905E-03
+.55379757E-03+.57886515E-03+.60514970E-03+.63271195E-03+.66161555E-03
+.69192719E-03+.72371679E-03+.75705755E-03+.79202615E-03+.82870287E-03
+.86717174E-03+.90752070E-03+.94984174E-03+.99423105E-03+.10407892E-02
+.10896214E-02+.11408373E-02+.11945518E-02+.12508846E-02+.13099607E-02
+.13719105E-02+.14368699E-02+.15049808E-02+.15763907E-02+.16512533E-02
+.17297287E-02+.18119832E-02+.18981900E-02+.19885285E-02+.20831853E-02
+.21823540E-02+.22862350E-02+.23950360E-02+.25089720E-02+.26282649E-02
+.27531442E-02+.28838465E-02+.30206155E-02+.31637020E-02+.33133637E-02
+.34698649E-02+.36334765E-02+.38044754E-02+.39831440E-02+.41697701E-02
+.43646461E-02+.45680681E-02+.47803355E-02+.50017499E-02+.52326139E-02
+.54732302E-02+.57239000E-02+.59849217E-02+.62565889E-02+.65391888E-02
+.68330001E-02+.71382901E-02+.74553131E-02+.77843067E-02+.81254890E-02
+.84790555E-02+.88451749E-02+.92239857E-02+.96155912E-02+.10020056E-01
+.10437399E-01+.10867590E-01+.11310545E-01+.11766117E-01+.12234092E-01
+.12714181E-01+.13206015E-01+.13709137E-01+.14222995E-01+.14746933E-01
+.15280184E-01+.15821864E-01+.16370962E-01+.16926335E-01+.17486697E-01
+.18050618E-01+.18616509E-01+.19182625E-01+.19747054E-01+.20307717E-01
+.20862363E-01+.21408566E-01+.21943731E-01+.22465093E-01+.22969720E-01
+.23454523E-01+.23916267E-01+.24351580E-01+.24756972E-01+.25128854E-01
+.25463564E-01+.25757388E-01+.26006596E-01+.26207481E-01+.26356390E-01
+.26449781E-01+.26484267E-01+.26456676E-01+.26364109E-01+.26203993E-01
+.25974131E-01+.25672721E-01+.25298369E-01+.24850097E-01+.24327375E-01
+.23730192E-01+.23059154E-01+.22315594E-01+.21501652E-01+.20620327E-01
+.19675506E-01+.18671974E-01+.17615410E-01+.16512376E-01+.15370281E-01
+.14197347E-01+.13002551E-01+.11795564E-01+.10586676E-01+.93867187E-02
+.82069752E-02+.70590802E-02+.59549092E-02+.49064495E-02+.39256487E-02
+.30242313E-02+.22134762E-02+.15039432E-02+.90513717E-03+.42509722E-03
+.69894840E-04-.15697591E-03-.25533903E-03-.22923330E-03-.87991393E-04
+.15247786E-03+.46819285E-03+.82537371E-03+.11784356E-02+.14676303E-02
+.16163802E-02+.15285152E-02+.10855725E-02+.14418824E-03-.14663269E-02
-.39459932E-02-.75254411E-02-.12466085E-01-.19058707E-01-.27619842E-01
-.38485281E-01-.51999858E-01-.68502721E-01-.88307254E-01-.11167506E+00
-.13878369E+00-.16968857E+00-.20428041E+00-.24224086E+00-.28300101E+00
-.32570935E+00-.36921808E+00-.41209835E+00-.45269585E+00-.48923685E+00
-.51999091E+00-.54348828E+00-.10434780E+00-.86681934E-01-.71335383E-01
-.58130038E-01-.46879989E-01-.37395960E-01-.29488911E-01-.22973128E-01
-.17669040E-01-.13404665E-01-.10025152E-01-.73691889E-02-.53255063E-02
-.37931771E-02-.26638255E-02-.18430524E-02-.12553054E-02-.84094064E-03
-.55356914E-03-.35767533E-03-.22651058E-03-.14029168E-03-.84581209E-04
-.49200457E-04-.26576515E-04-.12678881E-04-.31106412E-06+.00000000E+00
+.00000000E+00+.00000000E+00+.00000000E+00+.00000000E+00+.00000000E+00
-.11410780E-05-.11995823E-05-.12610862E-05-.13257435E-05-.13937161E-05
-.14651738E-05-.15402953E-05-.16192683E-05-.17022904E-05-.17895691E-05
-.18813227E-05-.19777807E-05-.20791841E-05-.21857867E-05-.22978549E-05
-.24156690E-05-.25395236E-05-.26697284E-05-.28066089E-05-.29505075E-05
-.31017840E-05-.32608166E-05-.34280030E-05-.36037613E-05-.37885309E-05
-.39827739E-05-.41869760E-05-.44016478E-05-.46273261E-05-.48645751E-05
-.51139883E-05-.53761892E-05-.56518334E-05-.59416102E-05-.62462442E-05
-.65664972E-05-.69031699E-05-.72571043E-05-.76291852E-05-.80203431E-05
-.84315561E-05-.88638524E-05-.93183129E-05-.97960741E-05-.10298331E-04
-.10826338E-04-.11381417E-04-.11964955E-04-.12578412E-04-.13223321E-04
-.13901295E-04-.14614029E-04-.15363305E-04-.16150996E-04-.16979073E-04
-.17849605E-04-.18764769E-04-.19726854E-04-.20738264E-04-.21801528E-04
-.22919306E-04-.24094390E-04-.25329720E-04-.26628383E-04-.27993626E-04
-.29428862E-04-.30937679E-04-.32523848E-04-.34191335E-04-.35944307E-04
-.37787146E-04-.39724458E-04-.41761085E-04-.43902116E-04-.46152902E-04
-.48519067E-04-.51006523E-04-.53621485E-04-.56370485E-04-.59260390E-04
-.62298419E-04-.65492158E-04-.68849581E-04-.72379072E-04-.76089441E-04
-.79989947E-04-.84090324E-04-.88400801E-04-.92932129E-04-.97695606E-04
-.10270311E-03-.10796711E-03-.11350072E-03-.11931772E-03-.12543260E-03
-.13186055E-03-.13861757E-03-.14572043E-03-.15318678E-03-.16103514E-03
-.16928497E-03-.17795671E-03-.18707180E-03-.19665279E-03-.20672331E-03
-.21730820E-03-.22843351E-03-.24012659E-03-.25241610E-03-.26533214E-03
-.27890625E-03-.29317150E-03-.30816255E-03-.32391569E-03-.34046896E-03
-.35786215E-03-.37613690E-03-.39533677E-03-.41550728E-03-.43669596E-03
-.45895243E-03-.48232845E-03-.50687792E-03-.53265697E-03-.55972394E-03
-.58813941E-03-.61796620E-03-.64926930E-03-.68211590E-03-.71657522E-03
-.75271846E-03-.79061864E-03-.83035037E-03-.87198961E-03-.91561337E-03
-.96129928E-03-.10091251E-02-.10591681E-02-.11115045E-02-.11662084E-02
-.12233506E-02-.12829981E-02-.13452117E-02-.14100449E-02-.14775420E-02
-.15477353E-02-.16206426E-02-.16962643E-02-.17745796E-02-.18555420E-02
-.19390752E-02-.20250670E-02-.21133633E-02-.22037611E-02-.22960004E-02
-.23897554E-02-.24846242E-02-.25801181E-02-.26756496E-02-.27705187E-02
-.28638993E-02-.29548245E-02-.30421704E-02-.31246414E-02-.32007547E-02
-.32688263E-02-.33269594E-02-.33730362E-02-.34047148E-02-.34194331E-02
-.34144235E-02-.33867390E-02-.33332972E-02-.32509431E-02-.31365382E-02
-.29870779E-02-.27998436E-02-.25725930E-02-.23037931E-02-.19928986E-02
-.16406789E-02-.12495958E-02-.82423545E-03-.37180393E-03+.97294368E-04
+.56875723E-03+.10234923E-02+.14364115E-02+.17747283E-02+.19955046E-02
+.20421598E-02+.18397329E-02+.12890896E-02+.26102153E-03-.14085434E-02
-.39211395E-02-.75148278E-02-.12459936E-01-.19053659E-01-.27615317E-01
-.38481284E-01-.51996414E-01-.68499853E-01-.88304971E-01-.11167334E+00
-.13878248E+00-.16968780E+00-.20427998E+00-.24224067E+00-.28300096E+00
-.32570935E+00-.36921808E+00-.41209835E+00-.45269585E+00-.48923685E+00
-.51999091E+00-.54348828E+00-.10434780E+00-.86681934E-01-.71335383E-01
-.58130038E-01-.46879989E-01-.37395960E-01-.29488911E-01-.22973128E-01
-.17669040E-01-.13404665E-01-.10025152E-01-.73691889E-02-.53255063E-02
-.37931771E-02-.26638255E-02-.18430524E-02-.12553054E-02-.84094064E-03
-.55356914E-03-.35767533E-03-.22651058E-03-.14029168E-03-.84581209E-04
-.49200457E-04-.26576515E-04-.12678881E-04-.31106412E-06+.00000000E+00
+.00000000E+00+.00000000E+00+.00000000E+00+.00000000E+00+.00000000E+00
+.12689231E-05+.14023769E-05+.15498662E-05+.17128670E-05+.18930141E-05
+.20921079E-05+.23121409E-05+.25553154E-05+.28240652E-05+.31210802E-05
+.34493331E-05+.38121093E-05+.42130397E-05+.46561370E-05+.51458362E-05
+.56870384E-05+.62851604E-05+.69461886E-05+.76767390E-05+.84841234E-05
+.93764227E-05+.10362568E-04+.11452428E-04+.12656913E-04+.13988076E-04
+.15459241E-04+.17085134E-04+.18882025E-04+.20867901E-04+.23062637E-04
+.25488200E-04+.28168866E-04+.31131465E-04+.34405648E-04+.38024187E-04
+.42023297E-04+.46443005E-04+.51327546E-04+.56725807E-04+.62691818E-04
+.69285290E-04+.76572216E-04+.84625527E-04+.93525827E-04+.10336219E-03
+.11423308E-03+.12624728E-03+.13952505E-03+.15419928E-03+.17041683E-03
+.18834002E-03+.20814823E-03+.23003973E-03+.25423360E-03+.28097200E-03
+.31052254E-03+.34318097E-03+.37927416E-03+.41916334E-03+.46324775E-03
+.51196860E-03+.56581351E-03+.62532137E-03+.69108777E-03+.76377091E-03
+.84409822E-03+.93287365E-03+.10309857E-02+.11394162E-02+.12592504E-02
+.13916876E-02+.15380532E-02+.16998120E-02+.18785829E-02+.20761549E-02
+.22945053E-02+.25358192E-02+.28025114E-02+.30972508E-02+.34229869E-02
+.37829793E-02+.41808302E-02+.46205207E-02+.51064505E-02+.56434817E-02
+.62369876E-02+.68929065E-02+.76178007E-02+.84189225E-02+.93042864E-02
+.10282749E-01+.11364099E-01+.12559151E-01+.13879859E-01+.15339431E-01
+.16952463E-01+.18735085E-01+.20705120E-01+.22882264E-01+.25288279E-01
+.27947215E-01+.30885642E-01+.34132921E-01+.37721493E-01+.41687200E-01
+.46069646E-01+.50912581E-01+.56264344E-01+.62178333E-01+.68713542E-01
+.75935132E-01+.83915086E-01+.92732906E-01+.10247640E+00+.11324255E+00
+.12513844E+00+.13828232E+00+.15280475E+00+.16884988E+00+.18657682E+00
+.20616119E+00+.22779679E+00+.25169748E+00+.27809919E+00+.30726215E+00
+.33947335E+00+.37504921E+00+.41433848E+00+.45772549E+00+.50563360E+00
+.55852904E+00+.61692500E+00+.68138618E+00+.75253360E+00+.83104988E+00
+.91768494E+00+.10132620E+01+.11186842E+01+.12349414E+01+.13631176E+01
+.15043986E+01+.16600803E+01+.18315765E+01+.20204282E+01+.22283113E+01
+.24570459E+01+.27086039E+01+.29851169E+01+.32888823E+01+.36223690E+01
+.39882199E+01+.43892526E+01+.48284560E+01+.53089822E+01+.58341325E+01
+.64073357E+01+.70321164E+01+.77120524E+01+.84507167E+01+.92516017E+01
+.10118023E+02+.11052995E+02+.12059080E+02+.13138199E+02+.14291398E+02
+.15518570E+02+.16818121E+02+.18186574E+02+.19618100E+02+.21103982E+02
+.22631995E+02+.24185710E+02+.25743724E+02+.27278818E+02+.28757085E+02
+.30137047E+02+.31368826E+02+.32393475E+02+.33142600E+02+.33538500E+02
+.33495135E+02+.32920385E+02+.31720248E+02+.29805851E+02+.27104403E+02
+.23575345E+02+.19232796E+02+.14174412E+02+.86142243E+01+.29117822E+01
-.24187504E+01-.67467119E+01-.94435425E+01-.10098475E+02-.87796437E+01
-.61733681E+01-.33815971E+01-.13532658E+01-.36017618E+00-.55925662E-01
-.42335170E-02-.12240116E-03-.97112778E-06-.13520821E-08-.19788623E-12
+.13168342E-13-.35705631E-13-.65767883E-14-.18363084E-14+.64935181E-13
-.70134486E-14-.27911300E-13+.00000000E+00+.00000000E+00+.00000000E+00
+.00000000E+00+.00000000E+00+.00000000E+00+.00000000E+00+.00000000E+00
+.00000000E+00+.00000000E+00+.00000000E+00+.00000000E+00+.00000000E+00
+.00000000E+00+.00000000E+00+.00000000E+00+.00000000E+00+.00000000E+00
+.00000000E+00+.00000000E+00+.00000000E+00+.00000000E+00+.00000000E+00
+.00000000E+00+.00000000E+00+.00000000E+00+.00000000E+00+.00000000E+00
+.00000000E+00+.00000000E+00+.00000000E+00+.00000000E+00+.00000000E+00
+.00000000E+00+.00000000E+00+.00000000E+00+.00000000E+00+.00000000E+00
+.23071629E-07+.24990587E-07+.27069153E-07+.29320602E-07+.31777278E-07
+.34491499E-07+.37473753E-07+.40747560E-07+.44337454E-07+.48270844E-07
+.52578194E-07+.57293293E-07+.62453521E-07+.68100167E-07+.74278788E-07
+.81039604E-07+.88437948E-07+.96534760E-07+.10539714E-06+.11509895E-06
+.12572151E-06+.13735433E-06+.15009594E-06+.16405481E-06+.17935038E-06
+.19611414E-06+.21449089E-06+.23464010E-06+.25673741E-06+.28097629E-06
+.30756990E-06+.33675306E-06+.36878455E-06+.40394951E-06+.44256223E-06
+.48496910E-06+.53155194E-06+.58273166E-06+.63897231E-06+.70078550E-06
+.76873535E-06+.84344387E-06+.92559697E-06+.10159511E-05+.11153403E-05
+.12246845E-05+.13449985E-05+.14774010E-05+.16231263E-05+.17835355E-05
+.19601300E-05+.21545654E-05+.23686681E-05+.26044524E-05+.28641397E-05
+.31501803E-05+.34652763E-05+.38124077E-05+.41948611E-05+.46162606E-05
+.50806026E-05+.55922938E-05+.61561931E-05+.67776574E-05+.74625928E-05
+.82175097E-05+.90495849E-05+.99667284E-05+.10977658E-04+.12091981E-04
+.13320282E-04+.14674225E-04+.16166658E-04+.17811733E-04+.19625037E-04
+.21623733E-04+.23826718E-04+.26254795E-04+.28930860E-04+.31880110E-04
+.35130268E-04+.38711826E-04+.42658323E-04+.47006634E-04+.51797295E-04
+.57074852E-04+.62888251E-04+.69291252E-04+.76342885E-04+.84107950E-04
+.92657556E-04+.10206970E-03+.11242993E-03+.12383199E-03+.13637863E-03
+.15018234E-03+.16536631E-03+.18206530E-03+.20042673E-03+.22061170E-03
+.24279624E-03+.26717253E-03+.29395026E-03+.32335811E-03+.35564526E-03
+.39108302E-03+.42996665E-03+.47261710E-03+.51938306E-03+.57064295E-03
+.62680708E-03+.68831992E-03+.75566240E-03+.82935438E-03+.90995708E-03
+.99807566E-03+.10943618E-02+.11995163E-02+.13142917E-02+.14394947E-02
+.15759889E-02+.17246970E-02+.18866030E-02+.20627543E-02+.22542632E-02
+.24623086E-02+.26881366E-02+.29330610E-02+.31984634E-02+.34857918E-02
+.37965594E-02+.41323413E-02+.44947716E-02+.48855375E-02+.53063738E-02
+.57590547E-02+.62453848E-02+.67671875E-02+.73262924E-02+.79245202E-02
+.85636652E-02+.92454765E-02+.99716358E-02+.10743734E-01+.11563246E-01
+.12431501E-01+.13349659E-01+.14318677E-01+.15339282E-01+.16411936E-01
+.17536793E-01+.18713640E-01+.19941816E-01+.21220123E-01+.22546736E-01
+.23919138E-01+.25334090E-01+.26787616E-01+.28274987E-01+.29790693E-01
+.31328394E-01+.32880874E-01+.34439980E-01+.35996558E-01+.37540379E-01
+.39060053E-01+.40542924E-01+.41974959E-01+.43340608E-01+.44622662E-01
+.45802093E-01+.46857889E-01+.47766883E-01+.48503590E-01+.49040050E-01
+.49345681E-01+.49387147E-01+.49128236E-01+.48529746E-01+.47549371E-01
+.46141601E-01+.44257657E-01+.41845529E-01+.38850201E-01+.35214180E-01
+.30878372E-01+.25783081E-01+.19868603E-01+.13075147E-01+.53433394E-02
-.33827213E-02-.13150146E-01-.23992116E-01-.35923787E-01-.48938286E-01
-.63002260E-01-.78051037E-01-.93983492E-01-.11065676E+00-.12788106E+00
-.14541507E+00-.16296254E+00-.18017086E+00-.19663296E+00-.21189368E+00
-.22546231E+00-.23683291E+00-.24551403E+00-.25106891E+00-.25316636E+00
-.25164087E+00-.24655795E+00-.23827774E+00-.22750550E+00-.21531417E+00
-.20312104E+00-.19259965E+00+.00000000E+00+.00000000E+00+.00000000E+00
+.00000000E+00+.00000000E+00+.00000000E+00+.00000000E+00+.00000000E+00
+.00000000E+00+.00000000E+00+.00000000E+00+.00000000E+00+.00000000E+00
+.00000000E+00+.00000000E+00+.00000000E+00+.00000000E+00+.00000000E+00
+.00000000E+00+.00000000E+00+.00000000E+00+.00000000E+00+.00000000E+00
+.00000000E+00+.00000000E+00+.00000000E+00+.00000000E+00+.00000000E+00
+.00000000E+00+.00000000E+00+.00000000E+00+.00000000E+00+.00000000E+00
+.12568208E-08+.13890018E-08+.15350844E-08+.16965306E-08+.18749596E-08
+.20721545E-08+.22900889E-08+.25309442E-08+.27971308E-08+.30913130E-08
+.34164352E-08+.37757514E-08+.41728580E-08+.46117293E-08+.50967580E-08
+.56327985E-08+.62252160E-08+.68799396E-08+.76035224E-08+.84032064E-08
+.92869954E-08+.10263735E-07+.11343201E-07+.12536198E-07+.13854665E-07
+.15311800E-07+.16922185E-07+.18701939E-07+.20668875E-07+.22842678E-07
+.25245107E-07+.27900206E-07+.30834550E-07+.34077506E-07+.37661533E-07
+.41622502E-07+.46000057E-07+.50838011E-07+.56184787E-07+.62093897E-07
+.68624484E-07+.75841912E-07+.83818415E-07+.92633828E-07+.10237638E-06
+.11314359E-06+.12504320E-06+.13819434E-06+.15272861E-06+.16879148E-06
+.18654373E-06+.20616303E-06+.22784573E-06+.25180886E-06+.27829224E-06
+.30756094E-06+.33990790E-06+.37565685E-06+.41516559E-06+.45882954E-06
+.50708572E-06+.56041708E-06+.61935739E-06+.68449654E-06+.75648647E-06
+.83604767E-06+.92397640E-06+.10211527E-05+.11285490E-05+.12472403E-05
+.13784144E-05+.15233841E-05+.16836001E-05+.18606660E-05+.20563537E-05
+.22726215E-05+.25116339E-05+.27757825E-05+.30677109E-05+.33903403E-05
+.37468993E-05+.41409557E-05+.45764527E-05+.50577480E-05+.55896572E-05
+.61775026E-05+.68271657E-05+.75451462E-05+.83386274E-05+.92155472E-05
+.10184678E-04+.11255714E-04+.12439369E-04+.13747480E-04+.15193131E-04
+.16790779E-04+.18556400E-04+.20507646E-04+.22664025E-04+.25047093E-04
+.27680669E-04+.30591071E-04+.33807379E-04+.37361725E-04+.41289610E-04
+.45630258E-04+.50427004E-04+.55727725E-04+.61585310E-04+.68058189E-04
+.75210904E-04+.83114749E-04+.91848469E-04+.10149904E-03+.11216250E-03
+.12394493E-03+.13696346E-03+.15134738E-03+.16723949E-03+.18479735E-03
+.20419493E-03+.22562419E-03+.24929692E-03+.27544683E-03+.30433165E-03
+.33623564E-03+.37147219E-03+.41038674E-03+.45335995E-03+.50081114E-03
+.55320209E-03+.61104111E-03+.67488750E-03+.74535635E-03+.82312380E-03
+.90893258E-03+.10035981E-02+.11080149E-02+.12231633E-02+.13501171E-02
+.14900507E-02+.16442477E-02+.18141085E-02+.20011592E-02+.22070600E-02
+.24336137E-02+.26827733E-02+.29566503E-02+.32575205E-02+.35878293E-02
+.39501950E-02+.43474090E-02+.47824327E-02+.52583894E-02+.57785511E-02
+.63463169E-02+.69651826E-02+.76386985E-02+.83704133E-02+.91638009E-02
+.10022166E-01+.10948527E-01+.11945465E-01+.13014950E-01+.14158113E-01
+.15374987E-01+.16664193E-01+.18022571E-01+.19444755E-01+.20922690E-01
+.22445081E-01+.23996794E-01+.25558204E-01+.27104518E-01+.28605079E-01
+.30022704E-01+.31313087E-01+.32424331E-01+.33296671E-01+.33862474E-01
+.34046584E-01+.33767114E-01+.32936717E-01+.31464393E-01+.29257802E-01
+.26225994E-01+.22282388E-01+.17347751E-01+.11352888E-01+.42408198E-02
-.40315017E-02-.13491159E-01-.24145745E-01-.35979655E-01-.48953829E-01
-.63007331E-01-.78056405E-01-.93990451E-01-.11066414E+00-.12788809E+00
-.14542153E+00-.16296831E+00-.18017587E+00-.19663716E+00-.21189705E+00
-.22546487E+00-.23683471E+00-.24551517E+00-.25106951E+00-.25316658E+00
-.25164087E+00-.24655795E+00-.23827774E+00-.22750550E+00-.21531417E+00
-.20312104E+00-.19259965E+00+.00000000E+00+.00000000E+00+.00000000E+00
+.00000000E+00+.00000000E+00+.00000000E+00+.00000000E+00+.00000000E+00
+.00000000E+00+.00000000E+00+.00000000E+00+.00000000E+00+.00000000E+00
+.00000000E+00+.00000000E+00+.00000000E+00+.00000000E+00+.00000000E+00
+.00000000E+00+.00000000E+00+.00000000E+00+.00000000E+00+.00000000E+00
+.00000000E+00+.00000000E+00+.00000000E+00+.00000000E+00+.00000000E+00
+.00000000E+00+.00000000E+00+.00000000E+00+.00000000E+00+.00000000E+00
