   0.0001056000   0.05000 250   7 0.00 1.00 0.151000000000
    0    0    1    2    0    1    2
+.32792044E+01+.16739337E+02+.10209648E+02+.53675439E+01+.92560863E+01
+.11943855E+02+.11216357E+02+.11290540E+02+.11316821E+02+.11340159E+02
+.11361331E+02+.11380482E+02+.11397810E+02+.11413490E+02+.11427677E+02
+.11440513E+02+.11452128E+02+.11462637E+02+.11472145E+02+.11480748E+02
+.11488532E+02+.11495575E+02+.11501946E+02+.11507711E+02+.11512926E+02
+.11517644E+02+.11521912E+02+.11525773E+02+.11529265E+02+.11532424E+02
+.11535280E+02+.11537863E+02+.11540199E+02+.11542310E+02+.11544218E+02
+.11545942E+02+.11547499E+02+.11548905E+02+.11550174E+02+.11551319E+02
+.11552350E+02+.11553279E+02+.11554115E+02+.11554866E+02+.11555539E+02
+.11556141E+02+.11556679E+02+.11557158E+02+.11557582E+02+.11557956E+02
+.11558283E+02+.11558567E+02+.11558811E+02+.11559016E+02+.11559186E+02
+.11559322E+02+.11559424E+02+.11559495E+02+.11559535E+02+.11559544E+02
+.11559523E+02+.11559470E+02+.11559387E+02+.11559271E+02+.11559122E+02
+.11558938E+02+.11558717E+02+.11558458E+02+.11558157E+02+.11557812E+02
+.11557419E+02+.11556974E+02+.11556473E+02+.11555911E+02+.11555282E+02
+.11554580E+02+.11553798E+02+.11552928E+02+.11551962E+02+.11550890E+02
+.11549701E+02+.11548383E+02+.11546925E+02+.11545310E+02+.11543523E+02
+.11541546E+02+.11539360E+02+.11536943E+02+.11534272E+02+.11531319E+02
+.11528057E+02+.11524452E+02+.11520469E+02+.11516069E+02+.11511210E+02
+.11505842E+02+.11499915E+02+.11493370E+02+.11486143E+02+.11478164E+02
+.11469357E+02+.11459634E+02+.11448904E+02+.11437062E+02+.11423996E+02
+.11409580E+02+.11393678E+02+.11376139E+02+.11356798E+02+.11335473E+02
+.11311966E+02+.11286060E+02+.11257516E+02+.11226074E+02+.11191450E+02
+.11153334E+02+.11111388E+02+.11065244E+02+.11014504E+02+.10958735E+02
+.10897469E+02+.10830201E+02+.10756387E+02+.10675445E+02+.10586749E+02
+.10489634E+02+.10383396E+02+.10267287E+02+.10140526E+02+.10002297E+02
+.98517557E+01+.96880378E+01+.95102670E+01+.93175678E+01+.91090816E+01
+.88839844E+01+.86415105E+01+.83809789E+01+.81018257E+01+.78036396E+01
+.74862034E+01+.71495396E+01+.67939592E+01+.64201139E+01+.60290491E+01
+.56222561E+01+.52017207E+01+.47699642E+01+.43300737E+01+.38857170E+01
+.34411367E+01+.30011201E+01+.25709400E+01+.21562643E+01+.17630317E+01
+.13972947E+01+.10650319E+01+.77193173E+00+.52315333E+00+.32306592E+00
+.17496239E+00+.80734085E-01+.40622157E-01+.41141865E-01+.40935570E-01
+.37969916E-01+.32929550E-01+.26493088E-01+.19484776E-01+.12764310E-01
+.71666657E-02+.32491784E-02+.10662348E-02+.17791272E-03-.44753429E-04
-.62363706E-04-.56654881E-04-.53309244E-04-.48922668E-04-.44244113E-04
-.40002526E-04-.36110788E-04-.32527368E-04-.29241026E-04-.26234590E-04
-.23491285E-04-.20994755E-04-.18728944E-04-.16678139E-04-.14827015E-04
-.13160680E-04-.11664729E-04-.10325298E-04-.91291079E-05-.80636071E-05
-.71158750E-05-.62784697E-05-.55173995E-05-.48338573E-05-.42415796E-05
-.37209048E-05-.32762898E-05-.28987242E-05-.25738689E-05-.22804158E-05
-.19991053E-05-.17250431E-05-.14733730E-05-.12702362E-05-.11346428E-05
-.10564134E-05+.00000000E+00+.00000000E+00+.00000000E+00+.00000000E+00
+.00000000E+00+.00000000E+00+.00000000E+00+.00000000E+00+.00000000E+00
+.00000000E+00+.00000000E+00+.00000000E+00+.00000000E+00+.00000000E+00
+.00000000E+00+.00000000E+00+.00000000E+00+.00000000E+00+.00000000E+00
+.00000000E+00+.00000000E+00+.00000000E+00+.00000000E+00+.00000000E+00
+.00000000E+00+.00000000E+00+.00000000E+00+.00000000E+00+.00000000E+00
+.00000000E+00+.00000000E+00+.00000000E+00+.00000000E+00+.00000000E+00
+.00000000E+00+.00000000E+00+.00000000E+00+.00000000E+00+.00000000E+00
+.00000000E+00+.00000000E+00+.00000000E+00+.00000000E+00+.00000000E+00
+.00000000E+00+.00000000E+00+.00000000E+00+.00000000E+00+.00000000E+00
+.00000000E+00+.00000000E+00+.00000000E+00+.00000000E+00+.00000000E+00
+.00000000E+00+.00000000E+00+.00000000E+00+.00000000E+00+.00000000E+00
+.00000000E+00+.00000000E+00+.00000000E+00+.00000000E+00+.00000000E+00
+.00000000E+00+.00000000E+00+.00000000E+00+.00000000E+00+.00000000E+00
+.00000000E+00+.00000000E+00+.00000000E+00+.00000000E+00+.00000000E+00
+.00000000E+00+.00000000E+00+.00000000E+00+.00000000E+00+.00000000E+00
+.00000000E+00+.00000000E+00+.00000000E+00+.00000000E+00+.00000000E+00
+.00000000E+00+.00000000E+00+.00000000E+00+.00000000E+00+.00000000E+00
+.00000000E+00+.00000000E+00+.00000000E+00+.00000000E+00+.00000000E+00
+.00000000E+00+.00000000E+00+.00000000E+00+.00000000E+00+.00000000E+00
+.00000000E+00+.00000000E+00+.00000000E+00+.00000000E+00+.00000000E+00
+.00000000E+00+.00000000E+00+.00000000E+00+.00000000E+00+.00000000E+00
+.00000000E+00+.00000000E+00+.00000000E+00+.00000000E+00+.00000000E+00
+.00000000E+00+.00000000E+00+.00000000E+00+.00000000E+00+.00000000E+00
+.00000000E+00+.00000000E+00+.00000000E+00+.00000000E+00+.00000000E+00
+.00000000E+00+.00000000E+00+.00000000E+00+.00000000E+00+.00000000E+00
+.00000000E+00+.00000000E+00+.00000000E+00+.00000000E+00+.00000000E+00
+.00000000E+00+.00000000E+00+.00000000E+00+.00000000E+00+.00000000E+00
+.00000000E+00+.00000000E+00+.00000000E+00+.00000000E+00+.00000000E+00
+.00000000E+00+.00000000E+00+.00000000E+00+.00000000E+00+.00000000E+00
+.00000000E+00+.00000000E+00+.00000000E+00+.00000000E+00+.00000000E+00
+.00000000E+00+.00000000E+00+.00000000E+00+.00000000E+00+.00000000E+00
+.00000000E+00+.00000000E+00+.00000000E+00+.00000000E+00+.00000000E+00
+.00000000E+00+.00000000E+00+.00000000E+00+.00000000E+00+.00000000E+00
+.00000000E+00+.00000000E+00+.00000000E+00+.00000000E+00+.00000000E+00
+.00000000E+00+.00000000E+00+.00000000E+00+.00000000E+00+.00000000E+00
+.00000000E+00+.00000000E+00+.00000000E+00+.00000000E+00+.00000000E+00
+.00000000E+00+.00000000E+00+.00000000E+00+.00000000E+00+.00000000E+00
+.00000000E+00+.00000000E+00+.00000000E+00+.00000000E+00+.00000000E+00
+.00000000E+00+.00000000E+00+.00000000E+00+.00000000E+00+.00000000E+00
+.00000000E+00+.00000000E+00+.00000000E+00+.00000000E+00+.00000000E+00
+.00000000E+00+.00000000E+00+.00000000E+00+.00000000E+00+.00000000E+00
+.00000000E+00+.00000000E+00+.00000000E+00+.00000000E+00+.00000000E+00
+.00000000E+00+.00000000E+00+.00000000E+00+.00000000E+00+.00000000E+00
+.00000000E+00+.00000000E+00+.00000000E+00+.00000000E+00+.00000000E+00
+.00000000E+00+.00000000E+00+.00000000E+00+.00000000E+00+.00000000E+00
+.00000000E+00+.00000000E+00+.00000000E+00+.00000000E+00+.00000000E+00
+.00000000E+00+.00000000E+00+.00000000E+00+.00000000E+00+.00000000E+00
+.00000000E+00+.00000000E+00+.00000000E+00+.00000000E+00+.00000000E+00
+.00000000E+00+.00000000E+00+.00000000E+00+.00000000E+00+.00000000E+00
+.00000000E+00+.00000000E+00+.00000000E+00+.00000000E+00+.00000000E+00
+.00000000E+00+.00000000E+00+.00000000E+00+.00000000E+00+.00000000E+00
+.00000000E+00+.00000000E+00+.00000000E+00+.00000000E+00+.00000000E+00
+.00000000E+00+.00000000E+00+.00000000E+00+.00000000E+00+.00000000E+00
+.00000000E+00+.00000000E+00+.00000000E+00+.00000000E+00+.00000000E+00
+.00000000E+00+.00000000E+00+.00000000E+00+.00000000E+00+.00000000E+00
+.00000000E+00+.00000000E+00+.00000000E+00+.00000000E+00+.00000000E+00
+.00000000E+00+.00000000E+00+.00000000E+00+.00000000E+00+.00000000E+00
+.00000000E+00+.00000000E+00+.00000000E+00+.00000000E+00+.00000000E+00
+.00000000E+00+.00000000E+00+.00000000E+00+.00000000E+00+.00000000E+00
+.00000000E+00+.00000000E+00+.00000000E+00+.00000000E+00+.00000000E+00
+.00000000E+00+.00000000E+00+.00000000E+00+.00000000E+00+.00000000E+00
+.00000000E+00+.00000000E+00+.00000000E+00+.00000000E+00+.00000000E+00
+.00000000E+00+.00000000E+00+.00000000E+00+.00000000E+00+.00000000E+00
+.00000000E+00+.00000000E+00+.00000000E+00+.00000000E+00+.00000000E+00
+.00000000E+00+.00000000E+00+.00000000E+00+.00000000E+00+.00000000E+00
+.00000000E+00+.00000000E+00+.00000000E+00+.00000000E+00+.00000000E+00
+.00000000E+00+.00000000E+00+.00000000E+00+.00000000E+00+.00000000E+00
+.00000000E+00+.00000000E+00+.00000000E+00+.00000000E+00+.00000000E+00
+.00000000E+00+.00000000E+00+.00000000E+00+.00000000E+00+.00000000E+00
+.00000000E+00+.00000000E+00+.00000000E+00+.00000000E+00+.00000000E+00
+.00000000E+00+.00000000E+00+.00000000E+00+.00000000E+00+.00000000E+00
+.00000000E+00+.00000000E+00+.00000000E+00+.00000000E+00+.00000000E+00
+.00000000E+00+.00000000E+00+.00000000E+00+.00000000E+00+.00000000E+00
+.00000000E+00+.00000000E+00+.00000000E+00+.00000000E+00+.00000000E+00
+.00000000E+00+.00000000E+00+.00000000E+00+.00000000E+00+.00000000E+00
+.00000000E+00+.00000000E+00+.00000000E+00+.00000000E+00+.00000000E+00
+.00000000E+00+.00000000E+00+.00000000E+00+.00000000E+00+.00000000E+00
+.00000000E+00+.00000000E+00+.00000000E+00+.00000000E+00+.00000000E+00
+.00000000E+00+.00000000E+00+.00000000E+00+.00000000E+00+.00000000E+00
+.00000000E+00+.00000000E+00+.00000000E+00+.00000000E+00+.00000000E+00
+.00000000E+00+.00000000E+00+.00000000E+00+.00000000E+00+.00000000E+00
+.00000000E+00+.00000000E+00+.00000000E+00+.00000000E+00+.00000000E+00
+.00000000E+00+.00000000E+00+.00000000E+00+.00000000E+00+.00000000E+00
+.00000000E+00+.00000000E+00+.00000000E+00+.00000000E+00+.00000000E+00
+.00000000E+00+.00000000E+00+.00000000E+00+.00000000E+00+.00000000E+00
+.00000000E+00+.00000000E+00+.00000000E+00+.00000000E+00+.00000000E+00
+.00000000E+00+.00000000E+00+.00000000E+00+.00000000E+00+.00000000E+00
+.00000000E+00+.00000000E+00+.00000000E+00+.00000000E+00+.00000000E+00
+.00000000E+00+.00000000E+00+.00000000E+00+.00000000E+00+.00000000E+00
+.00000000E+00+.00000000E+00+.00000000E+00+.00000000E+00+.00000000E+00
+.00000000E+00+.00000000E+00+.00000000E+00+.00000000E+00+.00000000E+00
+.00000000E+00+.00000000E+00+.00000000E+00+.00000000E+00+.00000000E+00
+.00000000E+00+.00000000E+00+.00000000E+00+.00000000E+00+.00000000E+00
+.00000000E+00+.00000000E+00+.00000000E+00+.00000000E+00+.00000000E+00
+.00000000E+00+.00000000E+00+.00000000E+00+.00000000E+00+.00000000E+00
+.00000000E+00+.00000000E+00+.00000000E+00+.00000000E+00+.00000000E+00
+.00000000E+00+.00000000E+00+.00000000E+00+.00000000E+00+.00000000E+00
+.00000000E+00+.00000000E+00+.00000000E+00+.00000000E+00+.00000000E+00
+.00000000E+00+.00000000E+00+.00000000E+00+.00000000E+00+.00000000E+00
+.00000000E+00+.00000000E+00+.00000000E+00+.00000000E+00+.00000000E+00
+.00000000E+00+.00000000E+00+.00000000E+00+.00000000E+00+.00000000E+00
+.00000000E+00+.00000000E+00+.00000000E+00+.00000000E+00+.00000000E+00
+.00000000E+00+.00000000E+00+.00000000E+00+.00000000E+00+.00000000E+00
+.00000000E+00+.00000000E+00+.00000000E+00+.00000000E+00+.00000000E+00
+.00000000E+00+.00000000E+00+.00000000E+00+.00000000E+00+.00000000E+00
+.00000000E+00+.00000000E+00+.00000000E+00+.00000000E+00+.00000000E+00
+.00000000E+00+.00000000E+00+.00000000E+00+.00000000E+00+.00000000E+00
+.11360368E-01+.35224881E-03+.00000000E+00+.00000000E+00+.46621494E-05
+.00000000E+00+.00000000E+00+.35224881E-03+.53512460E-05+.00000000E+00
+.00000000E+00-.15509684E-06+.00000000E+00+.00000000E+00+.00000000E+00
+.00000000E+00-.65333432E-07+.00000000E+00+.00000000E+00+.12800226E-05
+.00000000E+00+.00000000E+00+.00000000E+00+.00000000E+00-.16973109E-05
+.00000000E+00+.00000000E+00-.36853991E-05+.46621494E-05-.15509684E-06
+.00000000E+00+.00000000E+00-.82735603E-06+.00000000E+00+.00000000E+00
+.00000000E+00+.00000000E+00+.12800226E-05+.00000000E+00+.00000000E+00
-.48855340E-05+.00000000E+00+.00000000E+00+.00000000E+00+.00000000E+00
-.36853991E-05+.00000000E+00+.00000000E+00-.42315648E-05
+.23672293E-02+.17772506E-04+.00000000E+00+.00000000E+00+.31078490E-05
+.00000000E+00+.00000000E+00+.17772506E-04-.12627699E-05+.00000000E+00
+.00000000E+00+.74680364E-06+.00000000E+00+.00000000E+00+.00000000E+00
+.00000000E+00-.17266811E-05+.00000000E+00+.00000000E+00+.45164870E-05
+.00000000E+00+.00000000E+00+.00000000E+00+.00000000E+00-.22562579E-05
+.00000000E+00+.00000000E+00-.15643013E-05+.31078490E-05+.74680364E-06
+.00000000E+00+.00000000E+00-.15399481E-05+.00000000E+00+.00000000E+00
+.00000000E+00+.00000000E+00+.45164870E-05+.00000000E+00+.00000000E+00
-.77875606E-05+.00000000E+00+.00000000E+00+.00000000E+00+.00000000E+00
-.15643013E-05+.00000000E+00+.00000000E+00-.12012047E-05
+.31522446E+02+.31522446E+02+.31522446E+02+.31522446E+02+.31522446E+02
+.31522446E+02+.31522446E+02+.31522446E+02+.31522447E+02+.31522447E+02
+.31522447E+02+.31522447E+02+.31522447E+02+.31522447E+02+.31522447E+02
+.31522448E+02+.31522448E+02+.31522448E+02+.31522448E+02+.31522448E+02
+.31522447E+02+.31522447E+02+.31522447E+02+.31522447E+02+.31522447E+02
+.31522446E+02+.31522446E+02+.31522445E+02+.31522445E+02+.31522444E+02
+.31522444E+02+.31522443E+02+.31522442E+02+.31522441E+02+.31522440E+02
+.31522438E+02+.31522437E+02+.31522435E+02+.31522433E+02+.31522431E+02
+.31522428E+02+.31522426E+02+.31522423E+02+.31522419E+02+.31522416E+02
+.31522412E+02+.31522407E+02+.31522402E+02+.31522396E+02+.31522390E+02
+.31522383E+02+.31522375E+02+.31522366E+02+.31522357E+02+.31522346E+02
+.31522335E+02+.31522322E+02+.31522307E+02+.31522291E+02+.31522274E+02
+.31522254E+02+.31522233E+02+.31522209E+02+.31522182E+02+.31522153E+02
+.31522121E+02+.31522085E+02+.31522046E+02+.31522002E+02+.31521954E+02
+.31521900E+02+.31521841E+02+.31521776E+02+.31521704E+02+.31521624E+02
+.31521536E+02+.31521438E+02+.31521330E+02+.31521211E+02+.31521079E+02
+.31520934E+02+.31520773E+02+.31520595E+02+.31520398E+02+.31520181E+02
+.31519940E+02+.31519675E+02+.31519381E+02+.31519057E+02+.31518699E+02
+.31518302E+02+.31517864E+02+.31517380E+02+.31516845E+02+.31516254E+02
+.31515601E+02+.31514878E+02+.31514080E+02+.31513198E+02+.31512223E+02
+.31511146E+02+.31509955E+02+.31508639E+02+.31507185E+02+.31505577E+02
+.31503801E+02+.31501838E+02+.31499668E+02+.31497271E+02+.31494621E+02
+.31491693E+02+.31488457E+02+.31484881E+02+.31480929E+02+.31476561E+02
+.31471735E+02+.31466402E+02+.31460507E+02+.31453994E+02+.31446796E+02
+.31438842E+02+.31430052E+02+.31420338E+02+.31409603E+02+.31397740E+02
+.31384629E+02+.31370140E+02+.31354126E+02+.31336426E+02+.31316862E+02
+.31295234E+02+.31271323E+02+.31244883E+02+.31215642E+02+.31183293E+02
+.31147497E+02+.31107869E+02+.31063980E+02+.31015341E+02+.30961398E+02
+.30901517E+02+.30834971E+02+.30760916E+02+.30678367E+02+.30586164E+02
+.30482930E+02+.30367013E+02+.30236413E+02+.30088687E+02+.29920824E+02
+.29729084E+02+.29508785E+02+.29254043E+02+.28957423E+02+.28609517E+02
+.28198422E+02+.27709130E+02+.27122841E+02+.26416284E+02+.25561176E+02
+.24524110E+02+.23267346E+02+.21751277E+02+.19939669E+02+.17808944E+02
+.15362580E+02+.12650272E+02+.97875772E+01+.69650500E+01+.44293974E+01
+.24213744E+01+.10796816E+01+.36583892E+00+.85609592E-01+.12160223E-01
+.88082151E-03+.25718108E-04+.22037017E-06+.36105939E-09+.65368400E-13
+.43738120E-14+.64684821E-15-.21415896E-14-.22000520E-14-.14344167E-14
-.36440452E-17-.34086489E-15+.13392610E-14+.69515835E-15+.61286544E-15
+.52921306E-15+.43953716E-15+.22553557E-15+.10400946E-15+.26066083E-16
-.75390210E-16+.15412455E-16+.16356864E-16+.53451975E-17-.45052509E-16
+.11946944E-16-.19295253E-16-.24845846E-16+.31115277E-16-.32773029E-16
-.50578859E-16+.33263255E-16+.41848402E-16+.94557238E-16-.20344800E-16
-.12853975E-15-.16919862E-15+.00000000E+00+.00000000E+00+.00000000E+00
+.00000000E+00+.00000000E+00+.00000000E+00+.00000000E+00+.00000000E+00
+.00000000E+00+.00000000E+00+.00000000E+00+.00000000E+00+.00000000E+00
+.00000000E+00+.00000000E+00+.00000000E+00+.00000000E+00+.00000000E+00
+.00000000E+00+.00000000E+00+.00000000E+00+.00000000E+00+.00000000E+00
+.00000000E+00+.00000000E+00+.00000000E+00+.00000000E+00+.00000000E+00
+.00000000E+00+.00000000E+00+.00000000E+00+.00000000E+00+.00000000E+00
+.00000000E+00+.00000000E+00+.00000000E+00+.00000000E+00+.00000000E+00
+.19575283E+01+.19575257E+01+.19575231E+01+.19575205E+01+.19575173E+01
+.19575127E+01+.19575068E+01+.19574995E+01+.19574909E+01+.19574810E+01
+.19574698E+01+.19574572E+01+.19574432E+01+.19574279E+01+.19574111E+01
+.19573929E+01+.19573732E+01+.19573520E+01+.19573293E+01+.19573050E+01
+.19572790E+01+.19572514E+01+.19572219E+01+.19571907E+01+.19571575E+01
+.19571224E+01+.19570853E+01+.19570460E+01+.19570045E+01+.19569607E+01
+.19569144E+01+.19568657E+01+.19568143E+01+.19567602E+01+.19567032E+01
+.19566431E+01+.19565799E+01+.19565134E+01+.19564435E+01+.19563699E+01
+.19562925E+01+.19562111E+01+.19561255E+01+.19560355E+01+.19559409E+01
+.19558414E+01+.19557369E+01+.19556270E+01+.19555116E+01+.19553902E+01
+.19552627E+01+.19551287E+01+.19549878E+01+.19548398E+01+.19546843E+01
+.19545209E+01+.19543492E+01+.19541687E+01+.19539791E+01+.19537799E+01
+.19535705E+01+.19533506E+01+.19531194E+01+.19528765E+01+.19526213E+01
+.19523532E+01+.19520714E+01+.19517753E+01+.19514642E+01+.19511372E+01
+.19507937E+01+.19504327E+01+.19500534E+01+.19496549E+01+.19492361E+01
+.19487960E+01+.19483336E+01+.19478477E+01+.19473371E+01+.19468007E+01
+.19462369E+01+.19456446E+01+.19450222E+01+.19443682E+01+.19436811E+01
+.19429591E+01+.19422005E+01+.19414034E+01+.19405659E+01+.19396860E+01
+.19387615E+01+.19377902E+01+.19367697E+01+.19356976E+01+.19345712E+01
+.19333880E+01+.19321449E+01+.19308391E+01+.19294673E+01+.19280264E+01
+.19265129E+01+.19249231E+01+.19232533E+01+.19214995E+01+.19196576E+01
+.19177233E+01+.19156919E+01+.19135588E+01+.19113189E+01+.19089670E+01
+.19064977E+01+.19039053E+01+.19011838E+01+.18983269E+01+.18953282E+01
+.18921808E+01+.18888776E+01+.18854113E+01+.18817740E+01+.18779578E+01
+.18739541E+01+.18697543E+01+.18653491E+01+.18607292E+01+.18558846E+01
+.18508050E+01+.18454797E+01+.18398978E+01+.18340476E+01+.18279173E+01
+.18214946E+01+.18147666E+01+.18077202E+01+.18003417E+01+.17926171E+01
+.17845320E+01+.17760713E+01+.17672199E+01+.17579620E+01+.17482817E+01
+.17381623E+01+.17275873E+01+.17165396E+01+.17050018E+01+.16929565E+01
+.16803859E+01+.16672723E+01+.16535977E+01+.16393444E+01+.16244945E+01
+.16090307E+01+.15929354E+01+.15761920E+01+.15587841E+01+.15406959E+01
+.15219126E+01+.15024201E+01+.14822057E+01+.14612578E+01+.14395664E+01
+.14171230E+01+.13939211E+01+.13699564E+01+.13452270E+01+.13197332E+01
+.12934786E+01+.12664696E+01+.12387160E+01+.12102311E+01+.11810319E+01
+.11511397E+01+.11205797E+01+.10893816E+01+.10575797E+01+.10252130E+01
+.99232510E+00+.95896469E+00+.92518511E+00+.89104453E+00+.85660582E+00
+.82193638E+00+.78710788E+00+.75219602E+00+.71728014E+00+.68244278E+00
+.64776923E+00+.61334691E+00+.57926479E+00+.54561269E+00+.51248054E+00
+.47995761E+00+.44813167E+00+.41708819E+00+.38690939E+00+.35767345E+00
+.32945360E+00+.30231730E+00+.27632540E+00+.25153142E+00+.22798084E+00
+.20571049E+00+.18474801E+00+.16511146E+00+.14680900E+00+.12983877E+00
+.11418891E+00+.99837827E-01+.86754646E-01+.74899939E-01+.64226606E-01
+.54680892E-01+.46203465E-01+.38730472E-01+.32194538E-01+.26525700E-01
+.21652286E-01+.17501796E-01+.14001799E-01+.11080878E-01+.86695986E-02
+.67011043E-02+.51141878E-02+.38461740E-02+.28503560E-02+.20841414E-02
+.15034706E-02+.10692963E-02+.74923661E-03+.51677537E-03+.35058791E-03
+.23378732E-03+.15308599E-03+.98340935E-04+.61914161E-04+.38163725E-04
+.23005725E-04+.13546375E-04+.77805576E-05+.43510917E-05+.23614122E-05
+.12335732E-05+.60319193E-06+.24301342E-06+.67125934E-08+.00000000E+00
+.00000000E+00+.00000000E+00+.00000000E+00+.00000000E+00+.00000000E+00
+.16082359E+01+.16082359E+01+.16082359E+01+.16082359E+01+.16082359E+01
+.16082359E+01+.16082359E+01+.16082360E+01+.16082360E+01+.16082360E+01
+.16082360E+01+.16082360E+01+.16082360E+01+.16082360E+01+.16082360E+01
+.16082360E+01+.16082360E+01+.16082360E+01+.16082360E+01+.16082360E+01
+.16082360E+01+.16082360E+01+.16082360E+01+.16082360E+01+.16082360E+01
+.16082360E+01+.16082359E+01+.16082359E+01+.16082359E+01+.16082359E+01
+.16082358E+01+.16082358E+01+.16082357E+01+.16082357E+01+.16082356E+01
+.16082355E+01+.16082355E+01+.16082354E+01+.16082353E+01+.16082352E+01
+.16082350E+01+.16082349E+01+.16082348E+01+.16082346E+01+.16082344E+01
+.16082342E+01+.16082339E+01+.16082337E+01+.16082334E+01+.16082331E+01
+.16082327E+01+.16082323E+01+.16082319E+01+.16082314E+01+.16082308E+01
+.16082303E+01+.16082296E+01+.16082289E+01+.16082280E+01+.16082271E+01
+.16082262E+01+.16082251E+01+.16082238E+01+.16082225E+01+.16082210E+01
+.16082193E+01+.16082175E+01+.16082155E+01+.16082133E+01+.16082108E+01
+.16082081E+01+.16082051E+01+.16082017E+01+.16081981E+01+.16081940E+01
+.16081895E+01+.16081845E+01+.16081790E+01+.16081729E+01+.16081662E+01
+.16081588E+01+.16081506E+01+.16081415E+01+.16081315E+01+.16081204E+01
+.16081081E+01+.16080946E+01+.16080796E+01+.16080630E+01+.16080447E+01
+.16080245E+01+.16080022E+01+.16079775E+01+.16079502E+01+.16079200E+01
+.16078867E+01+.16078498E+01+.16078091E+01+.16077641E+01+.16077144E+01
+.16076594E+01+.16075987E+01+.16075315E+01+.16074573E+01+.16073753E+01
+.16072847E+01+.16071846E+01+.16070739E+01+.16069516E+01+.16068164E+01
+.16066670E+01+.16065019E+01+.16063195E+01+.16061179E+01+.16058951E+01
+.16056490E+01+.16053770E+01+.16050764E+01+.16047442E+01+.16043772E+01
+.16039717E+01+.16035236E+01+.16030285E+01+.16024815E+01+.16018772E+01
+.16012096E+01+.16004721E+01+.15996574E+01+.15987575E+01+.15977635E+01
+.15966658E+01+.15954535E+01+.15941149E+01+.15926369E+01+.15910052E+01
+.15892042E+01+.15872164E+01+.15850231E+01+.15826033E+01+.15799343E+01
+.15769912E+01+.15737468E+01+.15701714E+01+.15662328E+01+.15618956E+01
+.15571221E+01+.15518709E+01+.15460978E+01+.15397552E+01+.15327923E+01
+.15251550E+01+.15167862E+01+.15076259E+01+.14976118E+01+.14866795E+01
+.14747637E+01+.14617992E+01+.14477221E+01+.14324717E+01+.14159926E+01
+.13982375E+01+.13791705E+01+.13587706E+01+.13370355E+01+.13139828E+01
+.12896463E+01+.12640743E+01+.12373334E+01+.12095079E+01+.11806961E+01
+.11510027E+01+.11205282E+01+.10893598E+01+.10575661E+01+.10252018E+01
+.99231519E+00+.95895571E+00+.92517693E+00+.89103712E+00+.85659913E+00
+.82193037E+00+.78710251E+00+.75219124E+00+.71727591E+00+.68243907E+00
+.64776599E+00+.61334410E+00+.57926238E+00+.54561063E+00+.51247880E+00
+.47995615E+00+.44813047E+00+.41708720E+00+.38690859E+00+.35767282E+00
+.32945311E+00+.30231692E+00+.27632512E+00+.25153123E+00+.22798072E+00
+.20571042E+00+.18474799E+00+.16511147E+00+.14680903E+00+.12983881E+00
+.11418895E+00+.99837857E-01+.86754665E-01+.74899949E-01+.64226609E-01
+.54680892E-01+.46203465E-01+.38730472E-01+.32194538E-01+.26525700E-01
+.21652286E-01+.17501796E-01+.14001799E-01+.11080878E-01+.86695986E-02
+.67011043E-02+.51141878E-02+.38461740E-02+.28503560E-02+.20841414E-02
+.15034706E-02+.10692963E-02+.74923661E-03+.51677537E-03+.35058791E-03
+.23378732E-03+.15308599E-03+.98340935E-04+.61914161E-04+.38163725E-04
+.23005725E-04+.13546375E-04+.77805576E-05+.43510917E-05+.23614122E-05
+.12335732E-05+.60319193E-06+.24301342E-06+.67125934E-08+.00000000E+00
+.00000000E+00+.00000000E+00+.00000000E+00+.00000000E+00+.00000000E+00
+.87427642E+04+.87427642E+04+.87427642E+04+.87427642E+04+.87427643E+04
+.87427643E+04+.87427643E+04+.87427643E+04+.87427643E+04+.87427642E+04
+.87427642E+04+.87427641E+04+.87427639E+04+.87427638E+04+.87427636E+04
+.87427633E+04+.87427630E+04+.87427627E+04+.87427623E+04+.87427619E+04
+.87427613E+04+.87427608E+04+.87427601E+04+.87427594E+04+.87427586E+04
+.87427576E+04+.87427566E+04+.87427554E+04+.87427541E+04+.87427527E+04
+.87427511E+04+.87427493E+04+.87427473E+04+.87427451E+04+.87427426E+04
+.87427399E+04+.87427369E+04+.87427335E+04+.87427298E+04+.87427257E+04
+.87427211E+04+.87427161E+04+.87427105E+04+.87427043E+04+.87426974E+04
+.87426899E+04+.87426815E+04+.87426722E+04+.87426619E+04+.87426506E+04
+.87426380E+04+.87426241E+04+.87426088E+04+.87425918E+04+.87425730E+04
+.87425522E+04+.87425293E+04+.87425039E+04+.87424759E+04+.87424449E+04
+.87424106E+04+.87423727E+04+.87423308E+04+.87422845E+04+.87422333E+04
+.87421767E+04+.87421142E+04+.87420451E+04+.87419687E+04+.87418843E+04
+.87417910E+04+.87416878E+04+.87415739E+04+.87414479E+04+.87413086E+04
+.87411547E+04+.87409846E+04+.87407967E+04+.87405889E+04+.87403593E+04
+.87401055E+04+.87398250E+04+.87395151E+04+.87391725E+04+.87387939E+04
+.87383754E+04+.87379130E+04+.87374019E+04+.87368371E+04+.87362128E+04
+.87355230E+04+.87347605E+04+.87339179E+04+.87329867E+04+.87319575E+04
+.87308201E+04+.87295632E+04+.87281740E+04+.87266388E+04+.87249422E+04
+.87230673E+04+.87209952E+04+.87187053E+04+.87161747E+04+.87133780E+04
+.87102875E+04+.87068721E+04+.87030978E+04+.86989269E+04+.86943177E+04
+.86892243E+04+.86835958E+04+.86773761E+04+.86705032E+04+.86629086E+04
+.86545166E+04+.86452437E+04+.86349976E+04+.86236763E+04+.86111674E+04
+.85973465E+04+.85820765E+04+.85652059E+04+.85465676E+04+.85259768E+04
+.85032301E+04+.84781026E+04+.84503463E+04+.84196876E+04+.83858246E+04
+.83484246E+04+.83071201E+04+.82615065E+04+.82111371E+04+.81555198E+04
+.80941119E+04+.80263152E+04+.79514703E+04+.78688504E+04+.77776542E+04
+.76769988E+04+.75659106E+04+.74433167E+04+.73080346E+04+.71587610E+04
+.69940605E+04+.68123530E+04+.66119017E+04+.63908018E+04+.61469714E+04
+.58781483E+04+.55818958E+04+.52556249E+04+.48966445E+04+.45022544E+04
+.40699067E+04+.35974710E+04+.30836520E+04+.25286259E+04+.19349730E+04
+.13089843E+04+.66238438E+03+.14394932E+02-.60619505E+03-.11597704E+04
-.15969961E+04-.18646491E+04-.19186561E+04-.17446079E+04-.13796149E+04
-.91963770E+03-.49275713E+03-.19838819E+03-.54675771E+02-.90823979E+01
-.76501665E+00-.25855350E-01-.25548768E-03-.48137225E-06-.15469370E-09
-.19957607E-09-.55309034E-10+.11331202E-09+.46275096E-10+.33189170E-10
-.52262502E-10+.86105429E-11-.68555711E-10+.16077743E-10-.28908371E-10
-.20978698E-10-.58048116E-11-.19177823E-10+.49539329E-12+.76807745E-11
-.41680804E-12+.58796836E-11+.18159294E-11-.16244327E-11+.92901126E-12
-.19311547E-12+.58099383E-12+.29741639E-13+.90202260E-12-.17348483E-11
+.19236830E-11+.35484847E-12-.30169611E-11-.26817545E-11+.28583043E-11
+.30737746E-11+.20830186E-11+.00000000E+00+.00000000E+00+.00000000E+00
+.00000000E+00+.00000000E+00+.00000000E+00+.00000000E+00+.00000000E+00
+.00000000E+00+.00000000E+00+.00000000E+00+.00000000E+00+.00000000E+00
+.00000000E+00+.00000000E+00+.00000000E+00+.00000000E+00+.00000000E+00
+.00000000E+00+.00000000E+00+.00000000E+00+.00000000E+00+.00000000E+00
+.00000000E+00+.00000000E+00+.00000000E+00+.00000000E+00+.00000000E+00
+.00000000E+00+.00000000E+00+.00000000E+00+.00000000E+00+.00000000E+00
+.00000000E+00+.00000000E+00+.00000000E+00+.00000000E+00+.00000000E+00
+.19554205E-01+.19554179E-01+.19554153E-01+.19554127E-01+.19554096E-01
+.19554050E-01+.19553990E-01+.19553918E-01+.19553832E-01+.19553732E-01
+.19553620E-01+.19553493E-01+.19553354E-01+.19553200E-01+.19553032E-01
+.19552849E-01+.19552652E-01+.19552439E-01+.19552211E-01+.19551967E-01
+.19551707E-01+.19551429E-01+.19551133E-01+.19550819E-01+.19550486E-01
+.19550134E-01+.19549760E-01+.19549365E-01+.19548948E-01+.19548507E-01
+.19548042E-01+.19547551E-01+.19547034E-01+.19546489E-01+.19545914E-01
+.19545309E-01+.19544672E-01+.19544001E-01+.19543295E-01+.19542551E-01
+.19541769E-01+.19540946E-01+.19540080E-01+.19539169E-01+.19538211E-01
+.19537203E-01+.19536143E-01+.19535028E-01+.19533856E-01+.19532622E-01
+.19531325E-01+.19529960E-01+.19528524E-01+.19527014E-01+.19525426E-01
+.19523755E-01+.19521998E-01+.19520149E-01+.19518203E-01+.19516156E-01
+.19514002E-01+.19511736E-01+.19509351E-01+.19506840E-01+.19504198E-01
+.19501417E-01+.19498489E-01+.19495406E-01+.19492161E-01+.19488743E-01
+.19485143E-01+.19481352E-01+.19477359E-01+.19473151E-01+.19468718E-01
+.19464047E-01+.19459124E-01+.19453934E-01+.19448464E-01+.19442695E-01
+.19436612E-01+.19430197E-01+.19423428E-01+.19416287E-01+.19408751E-01
+.19400797E-01+.19392400E-01+.19383533E-01+.19374168E-01+.19364275E-01
+.19353822E-01+.19342775E-01+.19331096E-01+.19318746E-01+.19305684E-01
+.19291865E-01+.19277240E-01+.19261758E-01+.19245364E-01+.19227998E-01
+.19209598E-01+.19190095E-01+.19169416E-01+.19147483E-01+.19124210E-01
+.19099507E-01+.19073277E-01+.19045413E-01+.19015803E-01+.18984324E-01
+.18950845E-01+.18915223E-01+.18877306E-01+.18836926E-01+.18793905E-01
+.18748051E-01+.18699153E-01+.18646986E-01+.18591305E-01+.18531846E-01
+.18468322E-01+.18400422E-01+.18327811E-01+.18250124E-01+.18166967E-01
+.18077912E-01+.17982496E-01+.17880215E-01+.17770526E-01+.17652836E-01
+.17526504E-01+.17390837E-01+.17245080E-01+.17088415E-01+.16919956E-01
+.16738743E-01+.16543734E-01+.16333800E-01+.16107719E-01+.15864167E-01
+.15601711E-01+.15318797E-01+.15013750E-01+.14684752E-01+.14329845E-01
+.13946911E-01+.13533665E-01+.13087644E-01+.12606193E-01+.12086456E-01
+.11525359E-01+.10919604E-01+.10265648E-01+.95596979E-02+.87976918E-02
+.79752906E-02+.70878645E-02+.61304823E-02+.50979012E-02+.39845590E-02
+.27845660E-02+.14917016E-02+.99411288E-04-.13991920E-02-.30113232E-02
-.47445163E-02-.66066101E-02-.86057292E-02-.10750258E-01-.13048806E-01
-.15510170E-01-.18143280E-01-.20957142E-01-.23960768E-01-.27163091E-01
-.30572873E-01-.34198596E-01-.38048344E-01-.42129661E-01-.46449408E-01
-.51013592E-01-.55827186E-01-.60893939E-01-.66216159E-01-.71794497E-01
-.77627712E-01-.83712426E-01-.90042879E-01-.96610675E-01-.10340453E+00
-.11041003E+00-.11760940E+00-.12498128E+00-.13250053E+00-.14013812E+00
-.14786093E+00-.15563176E+00-.16340929E+00-.17114810E+00-.17879887E+00
-.18630852E+00-.19362049E+00-.20067504E+00-.20740966E+00-.21375946E+00
-.21965769E+00-.22503632E+00-.22982689E+00-.23396167E+00-.23737529E+00
-.24000692E+00-.24180291E+00-.24271980E+00-.24272736E+00-.24181122E+00
-.23997472E+00-.23723977E+00-.12345138E-01-.97698134E-02-.76438309E-02
-.59082445E-02-.45090885E-02-.33911033E-02-.25131082E-02-.18375505E-02
-.13255833E-02-.94277954E-03-.66058860E-03-.45563166E-03-.30910713E-03
-.20612613E-03-.13497319E-03-.86705454E-04-.54588616E-04-.33648278E-04
-.20283739E-04-.11943598E-04-.68599793E-05-.38362802E-05-.20820152E-05
-.10876196E-05-.53182360E-06-.21426062E-06-.59183742E-08+.00000000E+00
+.00000000E+00+.00000000E+00+.00000000E+00+.00000000E+00+.00000000E+00
+.15822338E-01+.15822338E-01+.15822338E-01+.15822338E-01+.15822338E-01
+.15822338E-01+.15822338E-01+.15822338E-01+.15822338E-01+.15822338E-01
+.15822338E-01+.15822337E-01+.15822337E-01+.15822337E-01+.15822337E-01
+.15822336E-01+.15822336E-01+.15822335E-01+.15822334E-01+.15822333E-01
+.15822333E-01+.15822331E-01+.15822330E-01+.15822329E-01+.15822327E-01
+.15822326E-01+.15822324E-01+.15822322E-01+.15822319E-01+.15822317E-01
+.15822314E-01+.15822311E-01+.15822307E-01+.15822303E-01+.15822299E-01
+.15822294E-01+.15822288E-01+.15822282E-01+.15822275E-01+.15822268E-01
+.15822260E-01+.15822251E-01+.15822240E-01+.15822229E-01+.15822217E-01
+.15822203E-01+.15822188E-01+.15822171E-01+.15822153E-01+.15822132E-01
+.15822109E-01+.15822084E-01+.15822056E-01+.15822026E-01+.15821992E-01
+.15821954E-01+.15821913E-01+.15821867E-01+.15821816E-01+.15821760E-01
+.15821698E-01+.15821629E-01+.15821553E-01+.15821470E-01+.15821377E-01
+.15821275E-01+.15821161E-01+.15821036E-01+.15820898E-01+.15820745E-01
+.15820576E-01+.15820390E-01+.15820183E-01+.15819955E-01+.15819703E-01
+.15819425E-01+.15819117E-01+.15818777E-01+.15818401E-01+.15817985E-01
+.15817526E-01+.15817019E-01+.15816458E-01+.15815838E-01+.15815152E-01
+.15814395E-01+.15813558E-01+.15812633E-01+.15811611E-01+.15810481E-01
+.15809233E-01+.15807853E-01+.15806328E-01+.15804643E-01+.15802780E-01
+.15800722E-01+.15798447E-01+.15795933E-01+.15793155E-01+.15790084E-01
+.15786691E-01+.15782941E-01+.15778797E-01+.15774217E-01+.15769156E-01
+.15763563E-01+.15757382E-01+.15750551E-01+.15743003E-01+.15734661E-01
+.15725444E-01+.15715258E-01+.15704002E-01+.15691564E-01+.15677820E-01
+.15662633E-01+.15645852E-01+.15627310E-01+.15606823E-01+.15584186E-01
+.15559177E-01+.15531545E-01+.15501018E-01+.15467294E-01+.15430039E-01
+.15388885E-01+.15343426E-01+.15293216E-01+.15237760E-01+.15176516E-01
+.15108883E-01+.15034203E-01+.14951749E-01+.14860720E-01+.14760236E-01
+.14649331E-01+.14526939E-01+.14391894E-01+.14242913E-01+.14078589E-01
+.13897381E-01+.13697602E-01+.13477407E-01+.13234779E-01+.12967519E-01
+.12673231E-01+.12349310E-01+.11992925E-01+.11601010E-01+.11170252E-01
+.10697075E-01+.10177633E-01+.96078032E-02+.89831767E-02+.82990596E-02
+.75504723E-02+.67321559E-02+.58385824E-02+.48639705E-02+.38023061E-02
+.26473670E-02+.13927502E-02+.31897968E-04-.14418809E-02-.30353975E-02
-.47555674E-02-.66093979E-02-.86040062E-02-.10746681E-01-.13044979E-01
-.15506835E-01-.18140617E-01-.20955076E-01-.23959185E-01-.27161914E-01
-.30572056E-01-.34198102E-01-.38048135E-01-.42129704E-01-.46449669E-01
-.51014040E-01-.55827793E-01-.60894675E-01-.66216999E-01-.71795416E-01
-.77628687E-01-.83713437E-01-.90043906E-01-.96611702E-01-.10340554E+00
-.11041101E+00-.11761034E+00-.12498217E+00-.13250137E+00-.14013889E+00
-.14786164E+00-.15563240E+00-.16340986E+00-.17114861E+00-.17879932E+00
-.18630892E+00-.19362083E+00-.20067533E+00-.20740989E+00-.21375965E+00
-.21965783E+00-.22503642E+00-.22982695E+00-.23396170E+00-.23737530E+00
-.24000692E+00-.24180291E+00-.24271980E+00-.24272736E+00-.24181122E+00
-.23997472E+00-.23723977E+00-.12345138E-01-.97698134E-02-.76438309E-02
-.59082445E-02-.45090885E-02-.33911033E-02-.25131082E-02-.18375505E-02
-.13255833E-02-.94277954E-03-.66058860E-03-.45563166E-03-.30910713E-03
-.20612613E-03-.13497319E-03-.86705454E-04-.54588616E-04-.33648278E-04
-.20283739E-04-.11943598E-04-.68599793E-05-.38362802E-05-.20820152E-05
-.10876196E-05-.53182360E-06-.21426062E-06-.59183742E-08+.00000000E+00
+.00000000E+00+.00000000E+00+.00000000E+00+.00000000E+00+.00000000E+00
+.16888836E+00+.17754745E+00+.18665050E+00+.19622028E+00+.20628076E+00
+.21685705E+00+.22797560E+00+.23966422E+00+.25195213E+00+.26487005E+00
+.27845030E+00+.29272682E+00+.30773532E+00+.32351332E+00+.34010029E+00
+.35753769E+00+.37586913E+00+.39514044E+00+.41539982E+00+.43669793E+00
+.45908802E+00+.48262608E+00+.50737096E+00+.53338455E+00+.56073189E+00
+.58948137E+00+.61970486E+00+.65147796E+00+.68488010E+00+.71999482E+00
+.75690991E+00+.79571769E+00+.83651519E+00+.87940443E+00+.92449266E+00
+.97189262E+00+.10217228E+01+.10741079E+01+.11291788E+01+.11870733E+01
+.12479361E+01+.13119194E+01+.13791832E+01+.14498957E+01+.15242336E+01
+.16023830E+01+.16845392E+01+.17709077E+01+.18617043E+01+.19571561E+01
+.20575019E+01+.21629925E+01+.22738917E+01+.23904768E+01+.25130392E+01
+.26418856E+01+.27773380E+01+.29197351E+01+.30694329E+01+.32268059E+01
+.33922474E+01+.35661711E+01+.37490119E+01+.39412269E+01+.41432967E+01
+.43557266E+01+.45790477E+01+.48138182E+01+.50606252E+01+.53200856E+01
+.55928482E+01+.58795949E+01+.61810424E+01+.64979444E+01+.68310930E+01
+.71813210E+01+.75495038E+01+.79365618E+01+.83434622E+01+.87712221E+01
+.92209105E+01+.96936511E+01+.10190625E+02+.10713075E+02+.11262305E+02
+.11839687E+02+.12446665E+02+.13084754E+02+.13755547E+02+.14460720E+02
+.15202033E+02+.15981337E+02+.16800576E+02+.17661795E+02+.18567143E+02
+.19518878E+02+.20519373E+02+.21571121E+02+.22676744E+02+.23838996E+02
+.25060772E+02+.26345111E+02+.27695209E+02+.29114424E+02+.30606281E+02
+.32174485E+02+.33822928E+02+.35555698E+02+.37377085E+02+.39291599E+02
+.41303971E+02+.43419171E+02+.45642414E+02+.47979173E+02+.50435193E+02
+.53016499E+02+.55729412E+02+.58580560E+02+.61576891E+02+.64725686E+02
+.68034575E+02+.71511548E+02+.75164967E+02+.79003584E+02+.83036550E+02
+.87273429E+02+.91724209E+02+.96399315E+02+.10130961E+03+.10646643E+03
+.11188153E+03+.11756715E+03+.12353598E+03+.12980115E+03+.13637623E+03
+.14327516E+03+.15051228E+03+.15810222E+03+.16605983E+03+.17440007E+03
+.18313787E+03+.19228792E+03+.20186435E+03+.21188042E+03+.22234788E+03
+.23327634E+03+.24467223E+03+.25653742E+03+.26886735E+03+.28164845E+03
+.29485452E+03+.30844186E+03+.32234253E+03+.33645512E+03+.35063233E+03
+.36466425E+03+.37825633E+03+.39100103E+03+.40234254E+03+.41153559E+03
+.41760200E+03+.41929477E+03+.41508914E+03+.40323550E+03+.38192773E+03
+.34965736E+03+.30581521E+03+.25151739E+03+.19041741E+03+.12893529E+03
+.75107935E+02+.35716254E+02+.12916886E+02+.32288466E+01+.49033983E+00
+.38007219E-01+.11886453E-02+.10920326E-04+.19203163E-07+.46130097E-11
+.53401794E-12+.10148477E-11+.16167817E-11-.68119535E-12+.48210367E-12
+.54055340E-12-.44953991E-12-.51086452E-12-.71947322E-12+.10280580E-12
-.95381492E-12-.11476874E-11+.74970872E-12+.36416020E-12-.11626511E-11
+.64244494E-12+.28384927E-12+.21683384E-12-.24013797E-12+.14876487E-12
+.20220603E-12+.44420654E-12-.34331481E-12+.11844906E-12-.68076347E-13
+.26475942E-12-.17518052E-12-.60149345E-14-.74183156E-13-.56237939E-13
-.11496320E-12-.24941861E-13+.00000000E+00+.00000000E+00+.00000000E+00
+.00000000E+00+.00000000E+00+.00000000E+00+.00000000E+00+.00000000E+00
+.00000000E+00+.00000000E+00+.00000000E+00+.00000000E+00+.00000000E+00
+.00000000E+00+.00000000E+00+.00000000E+00+.00000000E+00+.00000000E+00
+.00000000E+00+.00000000E+00+.00000000E+00+.00000000E+00+.00000000E+00
+.00000000E+00+.00000000E+00+.00000000E+00+.00000000E+00+.00000000E+00
+.00000000E+00+.00000000E+00+.00000000E+00+.00000000E+00+.00000000E+00
+.00000000E+00+.00000000E+00+.00000000E+00+.00000000E+00+.00000000E+00
+.31390184E-04+.32454129E-04+.33554135E-04+.34691426E-04+.35893563E-04
+.37213681E-04+.38637335E-04+.40168015E-04+.41808324E-04+.43560429E-04
+.45427002E-04+.47411396E-04+.49517285E-04+.51748817E-04+.54110566E-04
+.56607537E-04+.59245168E-04+.62029329E-04+.64966333E-04+.68062937E-04
+.71326357E-04+.74764279E-04+.78384871E-04+.82196797E-04+.86209240E-04
+.90431915E-04+.94875092E-04+.99549619E-04+.10446695E-03+.10963915E-03
+.11507896E-03+.12079981E-03+.12681581E-03+.13314186E-03+.13979363E-03
+.14678761E-03+.15414116E-03+.16187255E-03+.17000098E-03+.17854666E-03
+.18753085E-03+.19697591E-03+.20690532E-03+.21734382E-03+.22831739E-03
+.23985334E-03+.25198041E-03+.26472878E-03+.27813019E-03+.29221801E-03
+.30702732E-03+.32259498E-03+.33895974E-03+.35616232E-03+.37424553E-03
+.39325435E-03+.41323608E-03+.43424039E-03+.45631952E-03+.47952834E-03
+.50392452E-03+.52956867E-03+.55652447E-03+.58485885E-03+.61464212E-03
+.64594817E-03+.67885464E-03+.71344309E-03+.74979922E-03+.78801308E-03
+.82817926E-03+.87039713E-03+.91477110E-03+.96141083E-03+.10104315E-02
+.10619541E-02+.11161058E-02+.11730200E-02+.12328370E-02+.12957038E-02
+.13617753E-02+.14312136E-02+.15041893E-02+.15808814E-02+.16614777E-02
+.17461756E-02+.18351821E-02+.19287145E-02+.20270011E-02+.21302812E-02
+.22388061E-02+.23528394E-02+.24726576E-02+.25985510E-02+.27308239E-02
+.28697956E-02+.30158008E-02+.31691905E-02+.33303329E-02+.34996136E-02
+.36774372E-02+.38642272E-02+.40604278E-02+.42665041E-02+.44829433E-02
+.47102555E-02+.49489749E-02+.51996606E-02+.54628976E-02+.57392982E-02
+.60295027E-02+.63341807E-02+.66540320E-02+.69897882E-02+.73422134E-02
+.77121059E-02+.81002989E-02+.85076619E-02+.89351020E-02+.93835652E-02
+.98540372E-02+.10347545E-01+.10865158E-01+.11407989E-01+.11977195E-01
+.12573979E-01+.13199591E-01+.13855327E-01+.14542534E-01+.15262604E-01
+.16016983E-01+.16807164E-01+.17634690E-01+.18501156E-01+.19408207E-01
+.20357537E-01+.21350887E-01+.22390050E-01+.23476862E-01+.24613205E-01
+.25801005E-01+.27042224E-01+.28338863E-01+.29692957E-01+.31106566E-01
+.32581776E-01+.34120689E-01+.35725417E-01+.37398077E-01+.39140778E-01
+.40955617E-01+.42844665E-01+.44809955E-01+.46853473E-01+.48977141E-01
+.51182803E-01+.53472211E-01+.55847002E-01+.58308686E-01+.60858623E-01
+.63498001E-01+.66227814E-01+.69048841E-01+.71961620E-01+.74966422E-01
+.78063227E-01+.81251694E-01+.84531137E-01+.87900498E-01+.91358316E-01
+.94902703E-01+.98531318E-01+.10224134E+00+.10602944E+00+.10989176E+00
+.11382389E+00+.11782088E+00+.12187714E+00+.12598653E+00+.13014227E+00
+.13433696E+00+.13856259E+00+.14281050E+00+.14707143E+00+.15133548E+00
+.15559215E+00+.15983036E+00+.16403844E+00+.16820420E+00+.17231493E+00
+.17635745E+00+.18031815E+00+.18418306E+00+.18793789E+00+.19156810E+00
+.19505899E+00+.19839575E+00+.20156357E+00+.20454773E+00+.20733367E+00
+.20990708E+00+.21225398E+00+.21436072E+00+.21621399E+00+.21780081E+00
+.21910839E+00+.22012416E+00+.22083589E+00+.22123198E+00+.22130222E+00
+.22103889E+00+.22043823E+00+.21950226E+00+.21824049E+00+.21667146E+00
+.21482372E+00+.21273602E+00+.00000000E+00+.00000000E+00+.00000000E+00
+.00000000E+00+.00000000E+00+.00000000E+00+.00000000E+00+.00000000E+00
+.00000000E+00+.00000000E+00+.00000000E+00+.00000000E+00+.00000000E+00
+.00000000E+00+.00000000E+00+.00000000E+00+.00000000E+00+.00000000E+00
+.00000000E+00+.00000000E+00+.00000000E+00+.00000000E+00+.00000000E+00
+.00000000E+00+.00000000E+00+.00000000E+00+.00000000E+00+.00000000E+00
+.00000000E+00+.00000000E+00+.00000000E+00+.00000000E+00+.00000000E+00
+.22907249E-04+.24081729E-04+.25316425E-04+.26614426E-04+.27978984E-04
+.29413504E-04+.30921574E-04+.32506965E-04+.34173641E-04+.35925770E-04
+.37767732E-04+.39704135E-04+.41739819E-04+.43879876E-04+.46129656E-04
+.48494786E-04+.50981179E-04+.53595052E-04+.56342943E-04+.59231721E-04
+.62268611E-04+.65461206E-04+.68817490E-04+.72345855E-04+.76055124E-04
+.79954572E-04+.84053949E-04+.88363508E-04+.92894023E-04+.97656823E-04
+.10266382E-03+.10792753E-03+.11346112E-03+.11927842E-03+.12539398E-03
+.13182309E-03+.13858184E-03+.14568711E-03+.15315668E-03+.16100922E-03
+.16926437E-03+.17794278E-03+.18706613E-03+.19665725E-03+.20674012E-03
+.21733995E-03+.22848324E-03+.24019786E-03+.25251310E-03+.26545976E-03
+.27907020E-03+.29337847E-03+.30842033E-03+.32423340E-03+.34085721E-03
+.35833335E-03+.37670549E-03+.39601959E-03+.41632392E-03+.43766927E-03
+.46010901E-03+.48369923E-03+.50849892E-03+.53457009E-03+.56197793E-03
+.59079095E-03+.62108120E-03+.65292441E-03+.68640018E-03+.72159222E-03
+.75858850E-03+.79748151E-03+.83836848E-03+.88135163E-03+.92653839E-03
+.97404172E-03+.10239804E-02+.10764791E-02+.11316693E-02+.11896887E-02
+.12506824E-02+.13148027E-02+.13822101E-02+.14530727E-02+.15275678E-02
+.16058814E-02+.16882091E-02+.17747565E-02+.18657398E-02+.19613863E-02
+.20619346E-02+.21676358E-02+.22787537E-02+.23955656E-02+.25183629E-02
+.26474519E-02+.27831544E-02+.29258087E-02+.30757705E-02+.32334131E-02
+.33991291E-02+.35733310E-02+.37564522E-02+.39489480E-02+.41512968E-02
+.43640009E-02+.45875882E-02+.48226132E-02+.50696579E-02+.53293339E-02
+.56022830E-02+.58891792E-02+.61907298E-02+.65076774E-02+.68408010E-02
+.71909179E-02+.75588856E-02+.79456029E-02+.83520125E-02+.87791021E-02
+.92279067E-02+.96995101E-02+.10195047E-01+.10715705E-01+.11262726E-01
+.11837407E-01+.12441106E-01+.13075238E-01+.13741279E-01+.14440769E-01
+.15175310E-01+.15946569E-01+.16756277E-01+.17606232E-01+.18498293E-01
+.19434386E-01+.20416495E-01+.21446668E-01+.22527005E-01+.23659659E-01
+.24846830E-01+.26090757E-01+.27393708E-01+.28757972E-01+.30185847E-01
+.31679624E-01+.33241572E-01+.34873920E-01+.36578835E-01+.38358400E-01
+.40214588E-01+.42149238E-01+.44164028E-01+.46260449E-01+.48439778E-01
+.50703062E-01+.53051102E-01+.55484451E-01+.58003425E-01+.60608132E-01
+.63298530E-01+.66074506E-01+.68936004E-01+.71883149E-01+.74916256E-01
+.78035553E-01+.81240986E-01+.84532344E-01+.87909236E-01+.91371059E-01
+.94916905E-01+.98545404E-01+.10225454E+00+.10604150E+00+.10990270E+00
+.11383379E+00+.11782981E+00+.12188520E+00+.12599378E+00+.13014879E+00
+.13434281E+00+.13856783E+00+.14281519E+00+.14707561E+00+.15133920E+00
+.15559545E+00+.15983328E+00+.16404102E+00+.16820647E+00+.17231692E+00
+.17635918E+00+.18031965E+00+.18418436E+00+.18793900E+00+.19156905E+00
+.19505979E+00+.19839643E+00+.20156414E+00+.20454820E+00+.20733405E+00
+.20990739E+00+.21225422E+00+.21436090E+00+.21621413E+00+.21780091E+00
+.21910846E+00+.22012421E+00+.22083591E+00+.22123199E+00+.22130223E+00
+.22103889E+00+.22043823E+00+.21950226E+00+.21824049E+00+.21667146E+00
+.21482372E+00+.21273602E+00+.00000000E+00+.00000000E+00+.00000000E+00
+.00000000E+00+.00000000E+00+.00000000E+00+.00000000E+00+.00000000E+00
+.00000000E+00+.00000000E+00+.00000000E+00+.00000000E+00+.00000000E+00
+.00000000E+00+.00000000E+00+.00000000E+00+.00000000E+00+.00000000E+00
+.00000000E+00+.00000000E+00+.00000000E+00+.00000000E+00+.00000000E+00
+.00000000E+00+.00000000E+00+.00000000E+00+.00000000E+00+.00000000E+00
+.00000000E+00+.00000000E+00+.00000000E+00+.00000000E+00+.00000000E+00
+.32867601E-07+.36324317E-07+.40144579E-07+.44366621E-07+.49032785E-07
+.54189705E-07+.59888991E-07+.66187688E-07+.73148837E-07+.80842109E-07
+.89344504E-07+.98741120E-07+.10912600E-06+.12060310E-06+.13328727E-06
+.14730547E-06+.16279800E-06+.17991993E-06+.19884262E-06+.21975547E-06
+.24286777E-06+.26841087E-06+.29664040E-06+.32783891E-06+.36231866E-06
+.40042474E-06+.44253855E-06+.48908158E-06+.54051967E-06+.59736766E-06
+.66019450E-06+.72962903E-06+.80636617E-06+.89117398E-06+.98490126E-06
+.10884861E-05+.12029652E-05+.13294845E-05+.14693101E-05+.16238416E-05
+.17946255E-05+.19833713E-05+.21919680E-05+.24225034E-05+.26772848E-05
+.29588623E-05+.32700540E-05+.36139746E-05+.39940662E-05+.44141331E-05
+.48783795E-05+.53914519E-05+.59584854E-05+.65851553E-05+.72777336E-05
+.80431521E-05+.88890715E-05+.98239582E-05+.10857169E-04+.11999045E-04
+.13261015E-04+.14655709E-04+.16197086E-04+.17900572E-04+.19783217E-04
+.21863864E-04+.24163335E-04+.26704646E-04+.29513230E-04+.32617196E-04
+.36047610E-04+.39838804E-04+.44028721E-04+.48659294E-04+.53776865E-04
+.59432651E-04+.65683255E-04+.72591231E-04+.80225712E-04+.88663101E-04
+.97987835E-04+.10829323E-03+.11968241E-03+.13226936E-03+.14618002E-03
+.16155360E-03+.17854394E-03+.19732103E-03+.21807278E-03+.24100680E-03
+.26635257E-03+.29436368E-03+.32532036E-03+.35953231E-03+.39734179E-03
+.43912701E-03+.48530594E-03+.53634046E-03+.59274099E-03+.65507157E-03
+.72395550E-03+.80008153E-03+.88421075E-03+.97718418E-03+.10799311E-02
+.11934784E-02+.13189607E-02+.14576317E-02+.16108765E-02+.17802255E-02
+.19673696E-02+.21741768E-02+.24027110E-02+.26552520E-02+.29343182E-02
+.32426916E-02+.35834451E-02+.39599725E-02+.43760221E-02+.48357333E-02
+.53436769E-02+.59048999E-02+.65249743E-02+.72100514E-02+.79669206E-02
+.88030753E-02+.97267844E-02+.10747171E-01+.11874298E-01+.13119267E-01
+.14494314E-01+.16012933E-01+.17689993E-01+.19541878E-01+.21586631E-01
+.23844122E-01+.26336218E-01+.29086976E-01+.32122849E-01+.35472910E-01
+.39169095E-01+.43246459E-01+.47743457E-01+.52702243E-01+.58168984E-01
+.64194202E-01+.70833128E-01+.78146082E-01+.86198865E-01+.95063175E-01
+.10481704E+00+.11554526E+00+.12733988E+00+.14030069E+00+.15453571E+00
+.17016176E+00+.18730503E+00+.20610178E+00+.22669912E+00+.24925592E+00
+.27394406E+00+.30094995E+00+.33047665E+00+.36274653E+00+.39800394E+00
+.43651720E+00+.47858150E+00+.52452391E+00+.57470762E+00+.62953497E+00
+.68944731E+00+.75492059E+00+.82645756E+00+.90458043E+00+.98982810E+00
+.10827580E+01+.11839478E+01+.12939908E+01+.14134845E+01+.15430110E+01
+.16831076E+01+.18342226E+01+.19966496E+01+.21704326E+01+.23552273E+01
+.25501049E+01+.27532751E+01+.29617059E+01+.31706137E+01+.33728099E+01
+.35579142E+01+.37115174E+01+.38145022E+01+.38429637E+01+.37695018E+01
+.35670252E+01+.32162896E+01+.27175187E+01+.21035915E+01+.14470985E+01
+.84904963E+00+.40195046E+00+.14246019E+00+.34166045E-01+.48374394E-02
+.33632748E-03+.89547798E-05+.65273276E-07+.82804189E-10+.99179265E-14
+.49129530E-19+.33029323E-26+.66969441E-36+.53768770E-49+.11031489E-66
+.14307113E-90+.79532831-123+.00000000E+00+.00000000E+00+.00000000E+00
+.00000000E+00+.00000000E+00+.00000000E+00+.00000000E+00+.00000000E+00
+.00000000E+00+.00000000E+00+.00000000E+00+.00000000E+00+.00000000E+00
+.00000000E+00+.00000000E+00+.00000000E+00+.00000000E+00+.00000000E+00
+.00000000E+00+.00000000E+00+.00000000E+00+.00000000E+00+.00000000E+00
+.00000000E+00+.00000000E+00+.00000000E+00+.00000000E+00+.00000000E+00
+.00000000E+00+.00000000E+00+.00000000E+00+.00000000E+00+.00000000E+00
+.61275365E-09+.66378775E-09+.71907230E-09+.77896131E-09+.84507050E-09
+.92030650E-09+.10045933E-08+.10987613E-08+.12036984E-08+.13203565E-08
+.14498119E-08+.15932885E-08+.17521464E-08+.19279052E-08+.21222554E-08
+.23370750E-08+.25744472E-08+.28366813E-08+.31263348E-08+.34462387E-08
+.37995251E-08+.41896587E-08+.46204705E-08+.50961962E-08+.56215182E-08
+.62016118E-08+.68421973E-08+.75495962E-08+.83307948E-08+.91935132E-08
+.10146283E-07+.11198531E-07+.12360676E-07+.13644228E-07+.15061908E-07
+.16627771E-07+.18357350E-07+.20267806E-07+.22378106E-07+.24709203E-07
+.27284256E-07+.30128852E-07+.33271266E-07+.36742742E-07+.40577806E-07
+.44814608E-07+.49495306E-07+.54666484E-07+.60379618E-07+.66691591E-07
+.73665259E-07+.81370080E-07+.89882805E-07+.99288246E-07+.10968012E-06
+.12116199E-06+.13384829E-06+.14786546E-06+.16335325E-06+.18046606E-06
+.19937449E-06+.22026708E-06+.24335215E-06+.26885989E-06+.29704467E-06
+.32818754E-06+.36259909E-06+.40062246E-06+.44263683E-06+.48906120E-06
+.54035850E-06+.59704024E-06+.65967163E-06+.72887715E-06+.80534680E-06
+.88984294E-06+.98320789E-06+.10863723E-05+.12003645E-05+.13263203E-05
+.14654951E-05+.16192753E-05+.17891930E-05+.19769406E-05+.21843879E-05
+.24136004E-05+.26668601E-05+.29466875E-05+.32558673E-05+.35974755E-05
+.39749096E-05+.43919228E-05+.48526606E-05+.53617017E-05+.59241034E-05
+.65454510E-05+.72319134E-05+.79903033E-05+.88281441E-05+.97537442E-05
+.10776278E-04+.11905876E-04+.13153725E-04+.14532174E-04+.16054860E-04
+.17736836E-04+.19594722E-04+.21646862E-04+.23913505E-04+.26417004E-04
+.29182024E-04+.32235791E-04+.35608345E-04+.39332835E-04+.43445836E-04
+.47987701E-04+.53002942E-04+.58540661E-04+.64655015E-04+.71405729E-04
+.78858662E-04+.87086432E-04+.96169096E-04+.10619490E-03+.11726111E-03
+.12947491E-03+.14295442E-03+.15782974E-03+.17424421E-03+.19235567E-03
+.21233794E-03+.23438238E-03+.25869962E-03+.28552145E-03+.31510293E-03
+.34772460E-03+.38369498E-03+.42335331E-03+.46707247E-03+.51526220E-03
+.56837267E-03+.62689824E-03+.69138172E-03+.76241885E-03+.84066328E-03
+.92683192E-03+.10217108E-02+.11261614E-02+.12411273E-02+.13676422E-02
+.15068370E-02+.16599495E-02+.18283329E-02+.20134665E-02+.22169663E-02
+.24405966E-02+.26862829E-02+.29561250E-02+.32524118E-02+.35776366E-02
+.39345135E-02+.43259954E-02+.47552925E-02+.52258926E-02+.57415822E-02
+.63064694E-02+.69250075E-02+.76020207E-02+.83427312E-02+.91527871E-02
+.10038292E-01+.11005839E-01+.12062541E-01+.13216065E-01+.14474672E-01
+.15847255E-01+.17343375E-01+.18973309E-01+.20748087E-01+.22679546E-01
+.24780367E-01+.27064136E-01+.29545386E-01+.32239655E-01+.35163538E-01
+.38334747E-01+.41772165E-01+.45495912E-01+.49527402E-01+.53889411E-01
+.58606142E-01+.63703293E-01+.69208127E-01+.75149551E-01+.81558187E-01
+.88466455E-01+.95908660E-01+.10392107E+00+.11254204E+00+.12181205E+00
+.13177387E+00+.14247258E+00+.15395568E+00+.16627308E+00+.17947711E+00
+.19362244E+00+.20876599E+00+.22496694E+00+.24228700E+00+.26079104E+00
+.28054855E+00+.30163584E+00+.32413947E+00+.34816052E+00+.37381982E+00
+.40126364E+00+.43066956E+00+.00000000E+00+.00000000E+00+.00000000E+00
+.00000000E+00+.00000000E+00+.00000000E+00+.00000000E+00+.00000000E+00
+.00000000E+00+.00000000E+00+.00000000E+00+.00000000E+00+.00000000E+00
+.00000000E+00+.00000000E+00+.00000000E+00+.00000000E+00+.00000000E+00
+.00000000E+00+.00000000E+00+.00000000E+00+.00000000E+00+.00000000E+00
+.00000000E+00+.00000000E+00+.00000000E+00+.00000000E+00+.00000000E+00
+.00000000E+00+.00000000E+00+.00000000E+00+.00000000E+00+.00000000E+00
+.48139818E-09+.53202727E-09+.58798106E-09+.64981957E-09+.71816295E-09
+.79369422E-09+.87716932E-09+.96942373E-09+.10713808E-08+.11840610E-08
+.13085920E-08+.14462204E-08+.15983235E-08+.17664237E-08+.19522036E-08
+.21575224E-08+.23844351E-08+.26352129E-08+.29123658E-08+.32186676E-08
+.35571840E-08+.39313031E-08+.43447694E-08+.48017211E-08+.53067318E-08
+.58648558E-08+.64816793E-08+.71633759E-08+.79167684E-08+.87493973E-08
+.96695962E-08+.10686575E-07+.11810512E-07+.13052657E-07+.14425442E-07
+.15942606E-07+.17619335E-07+.19472410E-07+.21520378E-07+.23783737E-07
+.26285139E-07+.29049620E-07+.32104850E-07+.35481406E-07+.39213085E-07
+.43337233E-07+.47895130E-07+.52932393E-07+.58499438E-07+.64651984E-07
+.71451609E-07+.78966368E-07+.87271474E-07+.96450049E-07+.10659396E-06
+.11780473E-06+.13019456E-06+.14388746E-06+.15902047E-06+.17574506E-06
+.19422861E-06+.21465612E-06+.23723202E-06+.26218228E-06+.28975661E-06
+.32023098E-06+.35391039E-06+.39113192E-06+.43226809E-06+.47773060E-06
+.52797446E-06+.58350251E-06+.64487049E-06+.71269257E-06+.78764752E-06
+.87048549E-06+.96203550E-06+.10632138E-05+.11750329E-05+.12986118E-05
+.14351873E-05+.15861262E-05+.17529389E-05+.19372947E-05+.21410384E-05
+.23662089E-05+.26150593E-05+.28900797E-05+.31940219E-05+.35299271E-05
+.39011561E-05+.43114232E-05+.47648329E-05+.52659213E-05+.58197011E-05
+.64317119E-05+.71080756E-05+.78555571E-05+.86816324E-05+.95945627E-05
+.10603477E-04+.11718464E-04+.12950670E-04+.14312413E-04+.15817305E-04
+.17480386E-04+.19318273E-04+.21349329E-04+.23593842E-04+.26074227E-04
+.28815249E-04+.31844270E-04+.35191516E-04+.38890379E-04+.42977746E-04
+.47494365E-04+.52485240E-04+.58000081E-04+.64093788E-04+.70826988E-04
+.78266628E-04+.86486629E-04+.95568604E-04+.10560264E-03+.11668820E-03
+.12893501E-03+.14246419E-03+.15740937E-03+.17391794E-03+.19215248E-03
+.21229223E-03+.23453482E-03+.25909802E-03+.28622181E-03+.31617047E-03
+.34923502E-03+.38573572E-03+.42602493E-03+.47049011E-03+.51955708E-03
+.57369358E-03+.63341305E-03+.69927874E-03+.77190805E-03+.85197718E-03
+.94022611E-03+.10374638E-02+.11445737E-02+.12625197E-02+.13923518E-02
+.15352130E-02+.16923453E-02+.18650971E-02+.20549300E-02+.22634262E-02
+.24922970E-02+.27433913E-02+.30187055E-02+.33203948E-02+.36507878E-02
+.40124036E-02+.44079758E-02+.48404829E-02+.53131881E-02+.58296800E-02
+.63939026E-02+.70102006E-02+.76833950E-02+.84188510E-02+.92225288E-02
+.10100992E-01+.11061359E-01+.12111209E-01+.13258512E-01+.14511632E-01
+.15879428E-01+.17371382E-01+.18997689E-01+.20769311E-01+.22698020E-01
+.24796446E-01+.27078127E-01+.29557556E-01+.32250235E-01+.35172731E-01
+.38342727E-01+.41779086E-01+.45501907E-01+.49532587E-01+.53893888E-01
+.58609998E-01+.63706606E-01+.69210965E-01+.75151973E-01+.81560245E-01
+.88468195E-01+.95910122E-01+.10392229E+00+.11254305E+00+.12181288E+00
+.13177454E+00+.14247311E+00+.15395609E+00+.16627339E+00+.17947735E+00
+.19362261E+00+.20876610E+00+.22496701E+00+.24228703E+00+.26079105E+00
+.28054855E+00+.30163584E+00+.32413947E+00+.34816052E+00+.37381982E+00
+.40126364E+00+.43066956E+00+.00000000E+00+.00000000E+00+.00000000E+00
+.00000000E+00+.00000000E+00+.00000000E+00+.00000000E+00+.00000000E+00
+.00000000E+00+.00000000E+00+.00000000E+00+.00000000E+00+.00000000E+00
+.00000000E+00+.00000000E+00+.00000000E+00+.00000000E+00+.00000000E+00
+.00000000E+00+.00000000E+00+.00000000E+00+.00000000E+00+.00000000E+00
+.00000000E+00+.00000000E+00+.00000000E+00+.00000000E+00+.00000000E+00
+.00000000E+00+.00000000E+00+.00000000E+00+.00000000E+00+.00000000E+00
+.11466909E+07+.11466909E+07+.11466909E+07+.11466909E+07+.11466909E+07
+.11466909E+07+.11466909E+07+.11466909E+07+.11466909E+07+.11466909E+07
+.11466908E+07+.11466908E+07+.11466907E+07+.11466907E+07+.11466906E+07
+.11466905E+07+.11466904E+07+.11466903E+07+.11466902E+07+.11466901E+07
+.11466899E+07+.11466897E+07+.11466896E+07+.11466893E+07+.11466891E+07
+.11466888E+07+.11466885E+07+.11466882E+07+.11466878E+07+.11466874E+07
+.11466869E+07+.11466864E+07+.11466858E+07+.11466852E+07+.11466844E+07
+.11466837E+07+.11466828E+07+.11466818E+07+.11466807E+07+.11466796E+07
+.11466783E+07+.11466768E+07+.11466752E+07+.11466734E+07+.11466715E+07
+.11466693E+07+.11466669E+07+.11466642E+07+.11466613E+07+.11466581E+07
+.11466545E+07+.11466505E+07+.11466461E+07+.11466413E+07+.11466359E+07
+.11466300E+07+.11466234E+07+.11466162E+07+.11466082E+07+.11465993E+07
+.11465896E+07+.11465788E+07+.11465668E+07+.11465536E+07+.11465390E+07
+.11465229E+07+.11465051E+07+.11464854E+07+.11464636E+07+.11464395E+07
+.11464130E+07+.11463836E+07+.11463511E+07+.11463152E+07+.11462755E+07
+.11462317E+07+.11461832E+07+.11461296E+07+.11460704E+07+.11460050E+07
+.11459327E+07+.11458528E+07+.11457645E+07+.11456670E+07+.11455591E+07
+.11454399E+07+.11453082E+07+.11451627E+07+.11450018E+07+.11448241E+07
+.11446276E+07+.11444105E+07+.11441706E+07+.11439055E+07+.11436125E+07
+.11432888E+07+.11429311E+07+.11425357E+07+.11420989E+07+.11416162E+07
+.11410829E+07+.11404935E+07+.11398424E+07+.11391229E+07+.11383279E+07
+.11374497E+07+.11364794E+07+.11354074E+07+.11342232E+07+.11329150E+07
+.11314700E+07+.11298739E+07+.11281109E+07+.11261639E+07+.11240138E+07
+.11216394E+07+.11190177E+07+.11161233E+07+.11129280E+07+.11094010E+07
+.11055083E+07+.11012128E+07+.10964734E+07+.10912452E+07+.10854790E+07
+.10791207E+07+.10721112E+07+.10643859E+07+.10558743E+07+.10464993E+07
+.10361770E+07+.10248165E+07+.10123187E+07+.99857676E+06+.98347507E+06
+.96688930E+06+.94868607E+06+.92872292E+06+.90684838E+06+.88290237E+06
+.85671687E+06+.82811705E+06+.79692296E+06+.76295189E+06+.72602183E+06
+.68595600E+06+.64258908E+06+.59577548E+06+.54540030E+06+.49139381E+06
+.43375034E+06+.37255303E+06+.30800580E+06+.24047445E+06+.17053877E+06
+.99057116E+05+.27244230E+05-.43240086E+05-.11019879E+06-.17081951E+06
-.22164508E+06-.25865306E+06-.27753889E+06-.27433033E+06-.24646238E+06
-.19435013E+06-.12320817E+06-.44291884E+05+.25983676E+05+.70718567E+05
+.80795727E+05+.62016544E+05+.32956468E+05+.11447122E+05+.23271928E+04
+.23512685E+03+.93944400E+01+.10855398E+00+.23780160E-03+.56885035E-06
+.20013740E-05+.61370874E-06-.12178664E-05-.45780976E-06-.24575423E-06
+.39625880E-06-.18991212E-07+.62750124E-06-.18088403E-06+.26299777E-06
+.18917363E-06+.24249287E-07+.24129861E-06+.19566785E-07-.73757394E-07
-.12538437E-07-.10556368E-07-.27763008E-07+.69459679E-07+.40818485E-07
+.82503982E-08-.26115408E-07-.63572897E-07+.66850370E-07+.61113187E-08
-.31515728E-07+.16233365E-08+.30864073E-07+.17786684E-07-.43015061E-07
-.22634275E-07-.12524958E-07+.00000000E+00+.00000000E+00+.00000000E+00
+.00000000E+00+.00000000E+00+.00000000E+00+.00000000E+00+.00000000E+00
+.00000000E+00+.00000000E+00+.00000000E+00+.00000000E+00+.00000000E+00
+.00000000E+00+.00000000E+00+.00000000E+00+.00000000E+00+.00000000E+00
+.00000000E+00+.00000000E+00+.00000000E+00+.00000000E+00+.00000000E+00
+.00000000E+00+.00000000E+00+.00000000E+00+.00000000E+00+.00000000E+00
+.00000000E+00+.00000000E+00+.00000000E+00+.00000000E+00+.00000000E+00
+.00000000E+00+.00000000E+00+.00000000E+00+.00000000E+00+.00000000E+00
+.25512920E-03+.25512886E-03+.25512852E-03+.25512818E-03+.25512778E-03
+.25512717E-03+.25512639E-03+.25512544E-03+.25512432E-03+.25512301E-03
+.25512154E-03+.25511988E-03+.25511805E-03+.25511603E-03+.25511382E-03
+.25511143E-03+.25510884E-03+.25510605E-03+.25510305E-03+.25509984E-03
+.25509642E-03+.25509276E-03+.25508888E-03+.25508475E-03+.25508036E-03
+.25507572E-03+.25507080E-03+.25506560E-03+.25506010E-03+.25505428E-03
+.25504815E-03+.25504167E-03+.25503484E-03+.25502763E-03+.25502003E-03
+.25501203E-03+.25500359E-03+.25499470E-03+.25498534E-03+.25497548E-03
+.25496509E-03+.25495416E-03+.25494265E-03+.25493052E-03+.25491776E-03
+.25490432E-03+.25489016E-03+.25487526E-03+.25485957E-03+.25484305E-03
+.25482564E-03+.25480732E-03+.25478801E-03+.25476768E-03+.25474625E-03
+.25472368E-03+.25469990E-03+.25467483E-03+.25464841E-03+.25462056E-03
+.25459120E-03+.25456024E-03+.25452758E-03+.25449313E-03+.25445679E-03
+.25441844E-03+.25437796E-03+.25433522E-03+.25429010E-03+.25424244E-03
+.25419210E-03+.25413890E-03+.25408268E-03+.25402324E-03+.25396038E-03
+.25389388E-03+.25382353E-03+.25374906E-03+.25367022E-03+.25358672E-03
+.25349825E-03+.25340450E-03+.25330510E-03+.25319968E-03+.25308783E-03
+.25296912E-03+.25284307E-03+.25270918E-03+.25256689E-03+.25241562E-03
+.25225473E-03+.25208353E-03+.25190128E-03+.25170717E-03+.25150033E-03
+.25127982E-03+.25104462E-03+.25079362E-03+.25052564E-03+.25023936E-03
+.24993339E-03+.24960619E-03+.24925610E-03+.24888134E-03+.24847993E-03
+.24804975E-03+.24758850E-03+.24709365E-03+.24656248E-03+.24599202E-03
+.24537902E-03+.24471998E-03+.24401106E-03+.24324809E-03+.24242655E-03
+.24154149E-03+.24058755E-03+.23955889E-03+.23844916E-03+.23725145E-03
+.23595824E-03+.23456139E-03+.23305204E-03+.23142056E-03+.22965654E-03
+.22774867E-03+.22568473E-03+.22345148E-03+.22103467E-03+.21841888E-03
+.21558754E-03+.21252286E-03+.20920576E-03+.20561584E-03+.20173139E-03
+.19752935E-03+.19298533E-03+.18807369E-03+.18276764E-03+.17703934E-03
+.17086020E-03+.16420111E-03+.15703289E-03+.14932681E-03+.14105533E-03
+.13219293E-03+.12271734E-03+.11261092E-03+.10186245E-03+.90469455E-04
+.78440863E-04+.65800491E-04+.52591192E-04+.38879971E-04+.24764195E-04
+.10379148E-04-.40928383E-05-.18411351E-04-.32264616E-04-.45253546E-04
-.56872622E-04-.66487052E-04-.73305517E-04-.76347773E-04-.74406186E-04
-.66000225E-04-.49322735E-04-.22176700E-04+.18098986E-04+.74716352E-04
+.15153962E-03+.25320287E-03+.38524616E-03+.55427247E-03+.76812758E-03
+.10361053E-02+.13691800E-02+.17802688E-02+.22845237E-02+.28996558E-02
+.36462894E-02+.45483445E-02+.56334435E-02+.69333338E-02+.84843154E-02
+.10327656E-01+.12509974E-01+.15083551E-01+.18106541E-01+.21643028E-01
+.25762845E-01+.30541108E-01+.36057337E-01+.42394074E-01+.49634860E-01
+.57861424E-01+.67149961E-01+.77566324E-01+.89160028E-01+.10195701E+00
+.11595108E+00+.13109420E+00+.14728595E+00+.16436259E+00+.18208658E+00
+.20013783E+00+.21810838E+00+.23550269E+00+.25174621E+00+.26620518E+00
+.27822037E+00+.28715660E+00+.29246803E+00+.29377639E+00+.29095518E+00
+.28420795E+00+.27412385E+00+.11138825E-01+.88151503E-02+.68969094E-02
+.53309169E-02+.40684802E-02+.30597396E-02+.22675384E-02+.16579931E-02
+.11960532E-02+.85065528E-03+.59603879E-03+.41110934E-03+.27890254E-03
+.18598439E-03+.12178421E-03+.78232979E-04+.49254456E-04+.30360316E-04
+.18301701E-04+.10776522E-04+.61896523E-05+.34614158E-05+.18785698E-05
+.98134216E-06+.47985614E-06+.19332401E-06+.53400568E-08+.00000000E+00
+.00000000E+00+.00000000E+00+.00000000E+00+.00000000E+00+.00000000E+00
+.22798018E-03+.22798018E-03+.22798018E-03+.22798018E-03+.22798018E-03
+.22798018E-03+.22798018E-03+.22798018E-03+.22798017E-03+.22798017E-03
+.22798016E-03+.22798016E-03+.22798015E-03+.22798013E-03+.22798012E-03
+.22798010E-03+.22798009E-03+.22798006E-03+.22798004E-03+.22798001E-03
+.22797998E-03+.22797995E-03+.22797991E-03+.22797987E-03+.22797982E-03
+.22797976E-03+.22797970E-03+.22797963E-03+.22797956E-03+.22797947E-03
+.22797938E-03+.22797928E-03+.22797916E-03+.22797903E-03+.22797889E-03
+.22797874E-03+.22797856E-03+.22797837E-03+.22797816E-03+.22797792E-03
+.22797766E-03+.22797737E-03+.22797706E-03+.22797670E-03+.22797631E-03
+.22797588E-03+.22797540E-03+.22797488E-03+.22797429E-03+.22797365E-03
+.22797293E-03+.22797214E-03+.22797127E-03+.22797031E-03+.22796924E-03
+.22796807E-03+.22796676E-03+.22796532E-03+.22796373E-03+.22796197E-03
+.22796003E-03+.22795788E-03+.22795551E-03+.22795288E-03+.22794998E-03
+.22794678E-03+.22794323E-03+.22793932E-03+.22793499E-03+.22793020E-03
+.22792492E-03+.22791907E-03+.22791262E-03+.22790548E-03+.22789759E-03
+.22788887E-03+.22787924E-03+.22786859E-03+.22785682E-03+.22784382E-03
+.22782944E-03+.22781356E-03+.22779600E-03+.22777660E-03+.22775516E-03
+.22773147E-03+.22770528E-03+.22767634E-03+.22764436E-03+.22760902E-03
+.22756996E-03+.22752680E-03+.22747911E-03+.22742640E-03+.22736815E-03
+.22730379E-03+.22723266E-03+.22715407E-03+.22706722E-03+.22697125E-03
+.22686521E-03+.22674804E-03+.22661858E-03+.22647554E-03+.22631749E-03
+.22614288E-03+.22594997E-03+.22573684E-03+.22550140E-03+.22524132E-03
+.22495403E-03+.22463669E-03+.22428620E-03+.22389911E-03+.22347163E-03
+.22299958E-03+.22247836E-03+.22190291E-03+.22126766E-03+.22056646E-03
+.21979258E-03+.21893861E-03+.21799642E-03+.21695707E-03+.21581078E-03
+.21454681E-03+.21315344E-03+.21161784E-03+.20992599E-03+.20806262E-03
+.20601111E-03+.20375340E-03+.20126990E-03+.19853945E-03+.19553921E-03
+.19224461E-03+.18862935E-03+.18466539E-03+.18032297E-03+.17557069E-03
+.17037570E-03+.16470391E-03+.15852035E-03+.15178963E-03+.14447661E-03
+.13654729E-03+.12796987E-03+.11871625E-03+.10876388E-03+.98098034E-04
+.86714788E-04+.74624600E-04+.61856802E-04+.48465104E-04+.34534312E-04
+.20188506E-04+.56009312E-05-.89940943E-05-.23286917E-04-.36875547E-04
-.49245511E-04-.59746105E-04-.67562556E-04-.71683576E-04-.70863569E-04
-.63578775E-04-.47977004E-04-.21820091E-04+.17583525E-04+.73459473E-04
+.14966617E-03+.25081617E-03+.38242206E-03+.55106428E-03+.76457669E-03
+.10322498E-02+.13650587E-02+.17759213E-02+.22799911E-02+.28949802E-02
+.36415139E-02+.45435132E-02+.56286011E-02+.69285255E-02+.84795864E-02
+.10323051E-01+.12505537E-01+.15079323E-01+.18102564E-01+.21639338E-01
+.25759476E-01+.30538087E-01+.36054688E-01+.42391813E-01+.49632995E-01
+.57859956E-01+.67148881E-01+.77565612E-01+.89159664E-01+.10195696E+00
+.11595128E+00+.13109461E+00+.14728650E+00+.16436322E+00+.18208721E+00
+.20013841E+00+.21810886E+00+.23550304E+00+.25174642E+00+.26620527E+00
+.27822037E+00+.28715660E+00+.29246803E+00+.29377639E+00+.29095518E+00
+.28420795E+00+.27412385E+00+.11138825E-01+.88151503E-02+.68969094E-02
+.53309169E-02+.40684802E-02+.30597396E-02+.22675384E-02+.16579931E-02
+.11960532E-02+.85065528E-03+.59603879E-03+.41110934E-03+.27890254E-03
+.18598439E-03+.12178421E-03+.78232979E-04+.49254456E-04+.30360316E-04
+.18301701E-04+.10776522E-04+.61896523E-05+.34614158E-05+.18785698E-05
+.98134216E-06+.47985614E-06+.19332401E-06+.53400568E-08+.00000000E+00
+.00000000E+00+.00000000E+00+.00000000E+00+.00000000E+00+.00000000E+00
+.29488359E+02+.31000260E+02+.32589677E+02+.34260586E+02+.36017172E+02
+.37863821E+02+.39805150E+02+.41846014E+02+.43991515E+02+.46247019E+02
+.48618165E+02+.51110883E+02+.53731406E+02+.56486286E+02+.59382413E+02
+.62427027E+02+.65627743E+02+.68992563E+02+.72529902E+02+.76248604E+02
+.80157969E+02+.84267771E+02+.88588288E+02+.93130322E+02+.97905232E+02
+.10292496E+03+.10820205E+03+.11374970E+03+.11958179E+03+.12571289E+03
+.13215834E+03+.13893425E+03+.14605757E+03+.15354611E+03+.16141859E+03
+.16969470E+03+.17839513E+03+.18754164E+03+.19715709E+03+.20726552E+03
+.21789222E+03+.22906375E+03+.24080804E+03+.25315446E+03+.26613387E+03
+.27977873E+03+.29412316E+03+.30920300E+03+.32505597E+03+.34172170E+03
+.35924185E+03+.37766022E+03+.39702285E+03+.41737814E+03+.43877698E+03
+.46127286E+03+.48492200E+03+.50978350E+03+.53591952E+03+.56339535E+03
+.59227967E+03+.62264465E+03+.65456616E+03+.68812395E+03+.72340186E+03
+.76048800E+03+.79947502E+03+.84046026E+03+.88354608E+03+.92884004E+03
+.97645521E+03+.10265104E+04+.10791306E+04+.11344470E+04+.11925976E+04
+.12537273E+04+.13179886E+04+.13855417E+04+.14565546E+04+.15312044E+04
+.16096768E+04+.16921669E+04+.17788799E+04+.18700313E+04+.19658474E+04
+.20665659E+04+.21724365E+04+.22837215E+04+.24006962E+04+.25236498E+04
+.26528859E+04+.27887230E+04+.29314955E+04+.30815544E+04+.32392676E+04
+.34050214E+04+.35792205E+04+.37622894E+04+.39546729E+04+.41568370E+04
+.43692697E+04+.45924818E+04+.48270078E+04+.50734067E+04+.53322627E+04
+.56041861E+04+.58898138E+04+.61898099E+04+.65048664E+04+.68357038E+04
+.71830708E+04+.75477450E+04+.79305325E+04+.83322674E+04+.87538117E+04
+.91960535E+04+.96599060E+04+.10146306E+05+.10656209E+05+.11190588E+05
+.11750430E+05+.12336727E+05+.12950473E+05+.13592654E+05+.14264237E+05
+.14966162E+05+.15699325E+05+.16464561E+05+.17262625E+05+.18094167E+05
+.18959705E+05+.19859588E+05+.20793963E+05+.21762719E+05+.22765441E+05
+.23801338E+05+.24869172E+05+.25967165E+05+.27092893E+05+.28243166E+05
+.29413878E+05+.30599834E+05+.31794551E+05+.32990015E+05+.34176396E+05
+.35341721E+05+.36471470E+05+.37548119E+05+.38550590E+05+.39453615E+05
+.40227007E+05+.40834833E+05+.41234512E+05+.41375886E+05+.41200364E+05
+.40640322E+05+.39619110E+05+.38052193E+05+.35850342E+05+.32926198E+05
+.29206087E+05+.24649468E+05+.19278329E+05+.13217480E+05+.67421636E+04
+.31980552E+03-.53834030E+04-.95787649E+04-.11563410E+05-.11056283E+05
-.85169600E+04-.51405693E+04-.22945184E+04-.69369869E+03-.12547810E+03
-.11447354E+02-.41736459E+00-.44354432E-02-.89739749E-05-.24050260E-08
+.33861184E-08-.52402095E-08-.71945973E-08+.80291716E-08+.61246569E-08
-.12746242E-07+.37121080E-08+.16534414E-08+.12319346E-08-.49090421E-08
+.36907128E-08+.91676022E-08-.16533414E-08-.10385205E-07+.84421067E-08
-.37301214E-08+.30937089E-08+.33588132E-08+.34968845E-09-.10882410E-08
-.18925662E-08-.11300297E-08+.17053136E-08-.50393472E-09+.58689014E-09
-.10756292E-08+.19477526E-08-.79621313E-09+.60115349E-09+.10193867E-08
+.21033678E-09+.12076827E-08+.00000000E+00+.00000000E+00+.00000000E+00
+.00000000E+00+.00000000E+00+.00000000E+00+.00000000E+00+.00000000E+00
+.00000000E+00+.00000000E+00+.00000000E+00+.00000000E+00+.00000000E+00
+.00000000E+00+.00000000E+00+.00000000E+00+.00000000E+00+.00000000E+00
+.00000000E+00+.00000000E+00+.00000000E+00+.00000000E+00+.00000000E+00
+.00000000E+00+.00000000E+00+.00000000E+00+.00000000E+00+.00000000E+00
+.00000000E+00+.00000000E+00+.00000000E+00+.00000000E+00+.00000000E+00
+.00000000E+00+.00000000E+00+.00000000E+00+.00000000E+00+.00000000E+00
+.10129566E-05+.10472899E-05+.10827870E-05+.11194871E-05+.11582800E-05
+.12008803E-05+.12468218E-05+.12962174E-05+.13491508E-05+.14056921E-05
+.14659275E-05+.15299652E-05+.15979237E-05+.16699370E-05+.17461525E-05
+.18267319E-05+.19118505E-05+.20016980E-05+.20964778E-05+.21964082E-05
+.23017220E-05+.24126672E-05+.25295073E-05+.26525221E-05+.27820078E-05
+.29182779E-05+.30616639E-05+.32125157E-05+.33712030E-05+.35381154E-05
+.37136639E-05+.38982813E-05+.40924239E-05+.42965720E-05+.45112313E-05
+.47369339E-05+.49742401E-05+.52237392E-05+.54860511E-05+.57618279E-05
+.60517555E-05+.63565551E-05+.66769853E-05+.70138434E-05+.73679680E-05
+.77402407E-05+.81315881E-05+.85429845E-05+.89754541E-05+.94300733E-05
+.99079738E-05+.10410345E-04+.10938437E-04+.11493563E-04+.12077105E-04
+.12690513E-04+.13335314E-04+.14013109E-04+.14725583E-04+.15474507E-04
+.16261739E-04+.17089235E-04+.17959048E-04+.18873336E-04+.19834366E-04
+.20844519E-04+.21906299E-04+.23022334E-04+.24195386E-04+.25428356E-04
+.26724292E-04+.28086394E-04+.29518024E-04+.31022714E-04+.32604170E-04
+.34266286E-04+.36013152E-04+.37849059E-04+.39778515E-04+.41806249E-04
+.43937229E-04+.46176665E-04+.48530028E-04+.51003056E-04+.53601770E-04
+.56332487E-04+.59201832E-04+.62216753E-04+.65384533E-04+.68712808E-04
+.72209582E-04+.75883240E-04+.79742567E-04+.83796761E-04+.88055455E-04
+.92528730E-04+.97227130E-04+.10216169E-03+.10734393E-03+.11278591E-03
+.11850021E-03+.12449996E-03+.13079885E-03+.13741118E-03+.14435181E-03
+.15163623E-03+.15928052E-03+.16730142E-03+.17571625E-03+.18454299E-03
+.19380023E-03+.20350718E-03+.21368364E-03+.22434997E-03+.23552708E-03
+.24723637E-03+.25949969E-03+.27233922E-03+.28577746E-03+.29983704E-03
+.31454063E-03+.32991079E-03+.34596972E-03+.36273911E-03+.38023979E-03
+.39849144E-03+.41751221E-03+.43731828E-03+.45792330E-03+.47933777E-03
+.50156838E-03+.52461709E-03+.54848020E-03+.57314719E-03+.59859943E-03
+.62480860E-03+.65173497E-03+.67932531E-03+.70751055E-03+.73620303E-03
+.76529337E-03+.79464685E-03+.82409918E-03+.85345180E-03+.88246627E-03
+.91085802E-03+.93828907E-03+.96435975E-03+.98859916E-03+.10104544E-02
+.10292780E-02+.10443141E-02+.10546819E-02+.10593579E-02+.10571545E-02
+.10466969E-02+.10263960E-02+.99441831E-03+.94865191E-03+.88666775E-03
+.80567653E-03+.70248021E-03+.57341768E-03+.41430425E-03+.22036426E-03
-.13843567E-04-.29450852E-03-.62865851E-03-.10242592E-02-.14903215E-02
-.20370184E-02-.26758091E-02-.34195714E-02-.42827409E-02-.52814537E-02
-.64336929E-02-.77594322E-02-.92807743E-02-.11022077E-01-.13010058E-01
-.15273869E-01-.17845128E-01-.20757890E-01-.24048537E-01-.27755572E-01
-.31919270E-01-.36581182E-01-.41783423E-01-.47567725E-01-.53974197E-01
-.61039746E-01-.68796107E-01-.77267438E-01-.86467438E-01-.96395956E-01
-.10703511E+00-.11834494E+00-.13025868E+00-.14267784E+00-.15546733E+00
-.16845106E+00-.18140847E+00-.19407275E+00-.20613160E+00-.21723161E+00
-.22698743E+00-.23499713E+00-.24086485E+00-.24423169E+00-.24481487E+00
-.24245403E+00-.23716127E+00-.22916927E+00-.21896879E+00-.20732413E+00
-.19525345E+00-.18396110E+00+.00000000E+00+.00000000E+00+.00000000E+00
+.00000000E+00+.00000000E+00+.00000000E+00+.00000000E+00+.00000000E+00
+.00000000E+00+.00000000E+00+.00000000E+00+.00000000E+00+.00000000E+00
+.00000000E+00+.00000000E+00+.00000000E+00+.00000000E+00+.00000000E+00
+.00000000E+00+.00000000E+00+.00000000E+00+.00000000E+00+.00000000E+00
+.00000000E+00+.00000000E+00+.00000000E+00+.00000000E+00+.00000000E+00
+.00000000E+00+.00000000E+00+.00000000E+00+.00000000E+00+.00000000E+00
+.74886488E-06+.78726000E-06+.82762368E-06+.87005686E-06+.91466585E-06
+.96156200E-06+.10108626E-05+.10626909E-05+.11171764E-05+.11744556E-05
+.12346715E-05+.12979747E-05+.13645236E-05+.14344845E-05+.15080325E-05
+.15853513E-05+.16666343E-05+.17520848E-05+.18419165E-05+.19363540E-05
+.20356333E-05+.21400029E-05+.22497236E-05+.23650698E-05+.24863299E-05
+.26138072E-05+.27478203E-05+.28887044E-05+.30368119E-05+.31925129E-05
+.33561968E-05+.35282730E-05+.37091717E-05+.38993452E-05+.40992690E-05
+.43094430E-05+.45303927E-05+.47626707E-05+.50068576E-05+.52635641E-05
+.55334320E-05+.58171360E-05+.61153854E-05+.64289261E-05+.67585418E-05
+.71050568E-05+.74693373E-05+.78522940E-05+.82548845E-05+.86781152E-05
+.91230441E-05+.95907836E-05+.10082503E-04+.10599431E-04+.11142860E-04
+.11714149E-04+.12314725E-04+.12946090E-04+.13609821E-04+.14307578E-04
+.15041103E-04+.15812230E-04+.16622885E-04+.17475094E-04+.18370986E-04
+.19312799E-04+.20302885E-04+.21343716E-04+.22437892E-04+.23588145E-04
+.24797345E-04+.26068510E-04+.27404814E-04+.28809588E-04+.30286338E-04
+.31838745E-04+.33470679E-04+.35186206E-04+.36989600E-04+.38885351E-04
+.40878178E-04+.42973037E-04+.45175138E-04+.47489952E-04+.49923227E-04
+.52481000E-04+.55169613E-04+.57995726E-04+.60966331E-04+.64088772E-04
+.67370756E-04+.70820376E-04+.74446123E-04+.78256908E-04+.82262079E-04
+.86471441E-04+.90895275E-04+.95544360E-04+.10042999E-03+.10556400E-03
+.11095879E-03+.11662732E-03+.12258317E-03+.12884054E-03+.13541426E-03
+.14231983E-03+.14957342E-03+.15719190E-03+.16519285E-03+.17359455E-03
+.18241604E-03+.19167704E-03+.20139803E-03+.21160021E-03+.22230544E-03
+.23353631E-03+.24531598E-03+.25766825E-03+.27061740E-03+.28418816E-03
+.29840556E-03+.31329482E-03+.32888119E-03+.34518970E-03+.36224498E-03
+.38007090E-03+.39869026E-03+.41812432E-03+.43839234E-03+.45951094E-03
+.48149344E-03+.50434896E-03+.52808151E-03+.55268879E-03+.57816086E-03
+.60447858E-03+.63161176E-03+.65951703E-03+.68813537E-03+.71738923E-03
+.74717917E-03+.77738006E-03+.80783658E-03+.83835812E-03+.86871289E-03
+.89862116E-03+.92774747E-03+.95569183E-03+.98197959E-03+.10060500E-02
+.10272430E-02+.10447847E-02+.10577708E-02+.10651472E-02+.10656899E-02
+.10579808E-02+.10403813E-02+.10110036E-02+.96767745E-03+.90791401E-03
+.82886550E-03+.72728002E-03+.59945108E-03+.44116052E-03+.24761320E-03
+.13363352E-04-.26776427E-03-.60275947E-03-.99952437E-03-.14669849E-02
-.20152178E-02-.26555918E-02-.34009165E-02-.42655886E-02-.52657322E-02
-.64193321E-02-.77463681E-02-.92689488E-02-.11011437E-01-.13000555E-01
-.15265458E-01-.17837767E-01-.20751537E-01-.24043154E-01-.27751117E-01
-.31915705E-01-.36578466E-01-.41781511E-01-.47566572E-01-.53973752E-01
-.61039954E-01-.68796911E-01-.77268774E-01-.86469236E-01-.96398143E-01
-.10703761E+00-.11834767E+00-.13026155E+00-.14268076E+00-.15547022E+00
-.16845384E+00-.18141106E+00-.19407508E+00-.20613362E+00-.21723327E+00
-.22698872E+00-.23499807E+00-.24086546E+00-.24423201E+00-.24481499E+00
-.24245403E+00-.23716127E+00-.22916927E+00-.21896879E+00-.20732413E+00
-.19525345E+00-.18396110E+00+.00000000E+00+.00000000E+00+.00000000E+00
+.00000000E+00+.00000000E+00+.00000000E+00+.00000000E+00+.00000000E+00
+.00000000E+00+.00000000E+00+.00000000E+00+.00000000E+00+.00000000E+00
+.00000000E+00+.00000000E+00+.00000000E+00+.00000000E+00+.00000000E+00
+.00000000E+00+.00000000E+00+.00000000E+00+.00000000E+00+.00000000E+00
+.00000000E+00+.00000000E+00+.00000000E+00+.00000000E+00+.00000000E+00
+.00000000E+00+.00000000E+00+.00000000E+00+.00000000E+00+.00000000E+00
+.63621230E-03+.70312333E-03+.77707146E-03+.85879678E-03+.94911889E-03
+.10489405E-02+.11592605E-02+.12811833E-02+.14159290E-02+.15648463E-02
+.17294256E-02+.19113143E-02+.21123326E-02+.23344927E-02+.25800179E-02
+.28513657E-02+.31512519E-02+.34826781E-02+.38489612E-02+.42537674E-02
+.47011482E-02+.51955813E-02+.57420153E-02+.63459193E-02+.70133376E-02
+.77509502E-02+.85661396E-02+.94670648E-02+.10462743E-01+.11563139E-01
+.12779267E-01+.14123299E-01+.15608686E-01+.17250295E-01+.19064557E-01
+.21069630E-01+.23285583E-01+.25734593E-01+.28441172E-01+.31432409E-01
+.34738244E-01+.38391761E-01+.42429530E-01+.46891961E-01+.51823718E-01
+.57274161E-01+.63297842E-01+.69955049E-01+.77312412E-01+.85443568E-01
+.94429898E-01+.10436134E+00+.11533730E+00+.12746763E+00+.14087374E+00
+.15568980E+00+.17206409E+00+.19016051E+00+.21016017E+00+.23226324E+00
+.25669093E+00+.28368773E+00+.31352384E+00+.34649786E+00+.38293982E+00
+.42321443E+00+.46772479E+00+.51691636E+00+.57128146E+00+.63136419E+00
+.69776586E+00+.77115104E+00+.85225416E+00+.94188689E+00+.10409463E+01
+.11504237E+01+.12714147E+01+.14051302E+01+.15529083E+01+.17162279E+01
+.18967234E+01+.20962009E+01+.23166567E+01+.25602968E+01+.28295591E+01
+.31271380E+01+.34560111E+01+.38194688E+01+.42211479E+01+.46650672E+01
+.51556678E+01+.56978579E+01+.62970615E+01+.69592726E+01+.76911150E+01
+.84999088E+01+.93937431E+01+.10381557E+02+.11473227E+02+.12679671E+02
+.14012949E+02+.15486390E+02+.17114721E+02+.18914217E+02+.20902858E+02
+.23100513E+02+.25529133E+02+.28212974E+02+.31178831E+02+.34456309E+02
+.38078116E+02+.42080383E+02+.46503022E+02+.51390121E+02+.56790380E+02
+.62757583E+02+.69351135E+02+.76636633E+02+.84686518E+02+.93580772E+02
+.10340770E+03+.11426478E+03+.12625961E+03+.13951093E+03+.15414978E+03
+.17032072E+03+.18818322E+03+.20791312E+03+.22970434E+03+.25377058E+03
+.28034737E+03+.30969412E+03+.34209648E+03+.37786884E+03+.41735701E+03
+.46094119E+03+.50903897E+03+.56210873E+03+.62065302E+03+.68522209E+03
+.75641755E+03+.83489575E+03+.92137107E+03+.10166185E+04+.11214752E+04
+.12368406E+04+.13636738E+04+.15029871E+04+.16558335E+04+.18232852E+04
+.20063999E+04+.22061666E+04+.24234247E+04+.26587429E+04+.29122401E+04
+.31833275E+04+.34703398E+04+.37700201E+04+.40768171E+04+.43819623E+04
+.46723238E+04+.49291122E+04+.51266778E+04+.52319361E+04+.52054172E+04
+.50055161E+04+.45979031E+04+.39712696E+04+.31571680E+04+.22446956E+04
+.13727763E+04+.68503371E+03+.25951680E+03+.67304067E+02+.97324579E+01
-.39100008E+00-.13681557E+01-.15268457E+01-.16681482E+01-.18210117E+01
-.19863492E+01-.21646901E+01-.23563813E+01-.25614743E+01-.27795631E+01
-.30095513E+01-.32493262E+01-.34953094E+01-.37418557E+01-.39804810E+01
-.41989352E+01-.43802127E+01-.45017521E+01-.45353414E+01-.44486440E+01
-.42096877E+01-.37957610E+01-.32071276E+01-.24825907E+01-.17078188E+01
-.10020209E+01-.47436893E+00-.16812690E+00-.40321661E-01-.57089894E-02
-.39692281E-03-.10568132E-04-.77030752E-07-.98532082E-10+.38560934E-12
+.14337214E-11-.93776342E-12-.79035167E-36-.63456162E-49-.13019006E-66
-.16884792E-90-.93862073-123+.00000000E+00+.00000000E+00+.00000000E+00
+.00000000E+00+.00000000E+00+.00000000E+00+.00000000E+00+.00000000E+00
+.00000000E+00+.00000000E+00+.00000000E+00+.00000000E+00+.00000000E+00
+.00000000E+00+.00000000E+00+.00000000E+00+.00000000E+00+.00000000E+00
+.00000000E+00+.00000000E+00+.00000000E+00+.00000000E+00+.00000000E+00
+.00000000E+00+.00000000E+00+.00000000E+00+.00000000E+00+.00000000E+00
+.00000000E+00+.00000000E+00+.00000000E+00+.00000000E+00+.00000000E+00
+.55106822E-09+.59696476E-09+.64668386E-09+.70054389E-09+.75999793E-09
+.82766001E-09+.90346178E-09+.98815001E-09+.10825233E-08+.11874377E-08
+.13038611E-08+.14328942E-08+.15757603E-08+.17338260E-08+.19086115E-08
+.21018057E-08+.23152824E-08+.25511182E-08+.28116131E-08+.30993132E-08
+.34170354E-08+.37678955E-08+.41553389E-08+.45831749E-08+.50556145E-08
+.55773121E-08+.61534120E-08+.67895996E-08+.74921576E-08+.82680293E-08
+.91248871E-08+.10071209E-07+.11116365E-07+.12270706E-07+.13545674E-07
+.14953907E-07+.16509376E-07+.18227514E-07+.20125377E-07+.22221811E-07
+.24537643E-07+.27095884E-07+.29921962E-07+.33043977E-07+.36492979E-07
+.40303277E-07+.44512785E-07+.49163398E-07+.54301410E-07+.59977978E-07
+.66249630E-07+.73178831E-07+.80834606E-07+.89293228E-07+.98638982E-07
+.10896500E-06+.12037420E-06+.13298030E-06+.14690897E-06+.16229906E-06
+.17930402E-06+.19809338E-06+.21885450E-06+.24179440E-06+.26714184E-06
+.29514956E-06+.32609689E-06+.36029242E-06+.39807716E-06+.43982790E-06
+.48596097E-06+.53693639E-06+.59326243E-06+.65550070E-06+.72427170E-06
+.80026104E-06+.88422621E-06+.97700412E-06+.10795195E-05+.11927938E-05
+.13179559E-05+.14562526E-05+.16090617E-05+.17779049E-05+.19644637E-05
+.21705956E-05+.23983522E-05+.26500004E-05+.29280439E-05+.32352485E-05
+.35746693E-05+.39496808E-05+.43640103E-05+.48217744E-05+.53275201E-05
+.58862687E-05+.65035661E-05+.71855367E-05+.79389436E-05+.87712550E-05
+.96907175E-05+.10706436E-04+.11828465E-04+.13067902E-04+.14437001E-04
+.15949288E-04+.17619693E-04+.19464699E-04+.21502492E-04+.23753148E-04
+.26238817E-04+.28983943E-04+.32015493E-04+.35363221E-04+.39059945E-04
+.43141867E-04+.47648910E-04+.52625100E-04+.58118981E-04+.64184066E-04
+.70879346E-04+.78269832E-04+.86427164E-04+.95430268E-04+.10536608E-03
+.11633036E-03+.12842852E-03+.14177661E-03+.15650235E-03+.17274626E-03
+.19066291E-03+.21042225E-03+.23221110E-03+.25623474E-03+.28271869E-03
+.31191051E-03+.34408194E-03+.37953105E-03+.41858466E-03+.46160087E-03
+.50897189E-03+.56112692E-03+.61853538E-03+.68171023E-03+.75121156E-03
+.82765035E-03+.91169244E-03+.10040626E-02+.11055489E-02+.12170068E-02
+.13393642E-02+.14736249E-02+.16208740E-02+.17822810E-02+.19591046E-02
+.21526949E-02+.23644970E-02+.25960517E-02+.28489963E-02+.31250631E-02
+.34260754E-02+.37539416E-02+.41106451E-02+.44982301E-02+.49187826E-02
+.53744038E-02+.58671771E-02+.63991243E-02+.69721508E-02+.75879767E-02
+.82480522E-02+.89534518E-02+.97047470E-02+.10501850E-01+.11343826E-01
+.12228668E-01+.13153029E-01+.14111900E-01+.15098234E-01+.16102509E-01
+.17112204E-01+.18111208E-01+.19079131E-01+.19990520E-01+.20813973E-01
+.21511147E-01+.22035666E-01+.22331927E-01+.22333835E-01+.21963476E-01
+.21129788E-01+.19727286E-01+.17634923E-01+.14715212E-01+.10813760E-01
+.57594064E-02-.63478689E-03-.85694165E-02-.18255148E-01-.29907293E-01
-.43738178E-01-.59946937E-01-.78706459E-01-.10014735E+00-.12433910E+00
-.15126901E+00-.18082013E+00-.21275041E+00-.24667618E+00-.28206451E+00
-.31824016E+00-.35441343E+00-.38973524E+00-.42338416E+00-.45468656E+00
-.48326482E+00-.50920001E+00+.00000000E+00+.00000000E+00+.00000000E+00
+.00000000E+00+.00000000E+00+.00000000E+00+.00000000E+00+.00000000E+00
+.00000000E+00+.00000000E+00+.00000000E+00+.00000000E+00+.00000000E+00
+.00000000E+00+.00000000E+00+.00000000E+00+.00000000E+00+.00000000E+00
+.00000000E+00+.00000000E+00+.00000000E+00+.00000000E+00+.00000000E+00
+.00000000E+00+.00000000E+00+.00000000E+00+.00000000E+00+.00000000E+00
+.00000000E+00+.00000000E+00+.00000000E+00+.00000000E+00+.00000000E+00
+.43646646E-09+.48237004E-09+.53310134E-09+.58916810E-09+.65113259E-09
+.71961408E-09+.79529796E-09+.87894172E-09+.97138254E-09+.10735456E-08
+.11864535E-08+.13112362E-08+.14491426E-08+.16015530E-08+.17699929E-08
+.19561481E-08+.21618818E-08+.23892530E-08+.26405375E-08+.29182504E-08
+.32251710E-08+.35643714E-08+.39392465E-08+.43535482E-08+.48114232E-08
+.53174542E-08+.58767059E-08+.64947756E-08+.71778495E-08+.79327642E-08
+.87670754E-08+.96891335E-08+.10708167E-07+.11834375E-07+.13079029E-07
+.14454588E-07+.15974817E-07+.17654933E-07+.19511752E-07+.21563857E-07
+.23831788E-07+.26338243E-07+.29108309E-07+.32169710E-07+.35553087E-07
+.39292302E-07+.43424780E-07+.47991882E-07+.53039318E-07+.58617605E-07
+.64782575E-07+.71595930E-07+.79125862E-07+.87447734E-07+.96644838E-07
+.10680922E-06+.11804262E-06+.13045745E-06+.14417798E-06+.15934152E-06
+.17609985E-06+.19462067E-06+.21508937E-06+.23771079E-06+.26271133E-06
+.29034122E-06+.32087697E-06+.35462420E-06+.39192064E-06+.43313958E-06
+.47869353E-06+.52903838E-06+.58467799E-06+.64616918E-06+.71412735E-06
+.78923259E-06+.87223650E-06+.96396976E-06+.10653503E-05+.11773928E-05
+.13012182E-05+.14380659E-05+.15893050E-05+.17564489E-05+.19411701E-05
+.21453169E-05+.23709318E-05+.26202722E-05+.28958325E-05+.32003697E-05
+.35369301E-05+.39088806E-05+.43199416E-05+.47742247E-05+.52762733E-05
+.58311083E-05+.64442778E-05+.71219130E-05+.78707887E-05+.86983911E-05
+.96129927E-05+.10623734E-04+.11740715E-04+.12975094E-04+.14339204E-04
+.15846665E-04+.17512530E-04+.19353428E-04+.21387730E-04+.23635729E-04
+.26119845E-04+.28864841E-04+.31898072E-04+.35249748E-04+.38953235E-04
+.43045381E-04+.47566875E-04+.52562644E-04+.58082289E-04+.64180567E-04
+.70917918E-04+.78361045E-04+.86583557E-04+.95666667E-04+.10569996E-03
+.11678224E-03+.12902246E-03+.14254071E-03+.15746936E-03+.17395425E-03
+.19215599E-03+.21225143E-03+.23443518E-03+.25892136E-03+.28594537E-03
+.31576589E-03+.34866704E-03+.38496061E-03+.42498856E-03+.46912558E-03
+.51778188E-03+.57140609E-03+.63048828E-03+.69556314E-03+.76721326E-03
+.84607237E-03+.93282875E-03+.10282284E-02+.11330785E-02+.12482498E-02
+.13746800E-02+.15133758E-02+.16654143E-02+.18319448E-02+.20141890E-02
+.22134405E-02+.24310637E-02+.26684919E-02+.29272244E-02+.32088238E-02
+.35149137E-02+.38471776E-02+.42073606E-02+.45972751E-02+.50188001E-02
+.54738674E-02+.59644515E-02+.64925763E-02+.70603009E-02+.76696701E-02
+.83226042E-02+.90207092E-02+.97650236E-02+.10555755E-01+.11392070E-01
+.12271927E-01+.13191901E-01+.14146904E-01+.15129821E-01+.16131066E-01
+.17138067E-01+.18134665E-01+.19100430E-01+.20009874E-01+.20831564E-01
+.21527130E-01+.22050174E-01+.22345074E-01+.22345716E-01+.21974174E-01
+.21139373E-01+.19735820E-01+.17642461E-01+.14721803E-01+.10819452E-01
+.57642457E-02-.63075193E-03-.85661346E-02-.18252563E-01-.29905342E-01
-.43736793E-01-.59946042E-01-.78705970E-01-.10014718E+00-.12433916E+00
-.15126921E+00-.18082038E+00-.21275065E+00-.24667635E+00-.28206459E+00
-.31824016E+00-.35441343E+00-.38973524E+00-.42338416E+00-.45468656E+00
-.48326482E+00-.50920001E+00+.00000000E+00+.00000000E+00+.00000000E+00
+.00000000E+00+.00000000E+00+.00000000E+00+.00000000E+00+.00000000E+00
+.00000000E+00+.00000000E+00+.00000000E+00+.00000000E+00+.00000000E+00
+.00000000E+00+.00000000E+00+.00000000E+00+.00000000E+00+.00000000E+00
+.00000000E+00+.00000000E+00+.00000000E+00+.00000000E+00+.00000000E+00
+.00000000E+00+.00000000E+00+.00000000E+00+.00000000E+00+.00000000E+00
+.00000000E+00+.00000000E+00+.00000000E+00+.00000000E+00+.00000000E+00
