This is TeX, Version 3.14159 (Web2C 7.3.1) (format=latex 2001.3.1)  22 APR 2002 17:51
**manual.tex
(manual.tex
LaTeX2e <1999/12/01> patch level 1
Babel <v3.6Z> and hyphenation patterns for american, french, german, ngerman, n
ohyphenation, loaded.
(/usr/share/texmf/tex/latex/base/article.cls
Document Class: article 1999/09/10 v1.4a Standard LaTeX document class
(/usr/share/texmf/tex/latex/base/size12.clo
File: size12.clo 1999/09/10 v1.4a Standard LaTeX file (size option)
)
\c@part=\count79
\c@section=\count80
\c@subsection=\count81
\c@subsubsection=\count82
\c@paragraph=\count83
\c@subparagraph=\count84
\c@figure=\count85
\c@table=\count86
\abovecaptionskip=\skip41
\belowcaptionskip=\skip42
\bibindent=\dimen102
)
(/usr/share/texmf/tex/latex/psnfss/times.sty
Package: times 1999/03/29 PSNFSS v.7.2 Times font as default roman : S Rahtz
)
(/usr/share/texmf/tex/latex/base/ifthen.sty
Package: ifthen 1999/09/10 v1.1b Standard LaTeX ifthen package (DPC)
)
(/usr/share/texmf/tex/latex/graphics/graphics.sty
Package: graphics 1999/02/16 v1.0l Standard LaTeX Graphics (DPC,SPQR)

(/usr/share/texmf/tex/latex/graphics/trig.sty
Package: trig 1999/03/16 v1.09 sin cos tan (DPC)
)
(/usr/share/texmf/tex/latex/config/graphics.cfg)
Package graphics Info: Driver file: dvips.def on input line 80.

(/usr/share/texmf/tex/latex/graphics/dvips.def
File: dvips.def 1999/02/16 v3.0i Driver-dependant file (DPC,SPQR)
))
(/usr/share/texmf/tex/latex/graphics/color.sty
Package: color 1999/02/16 v1.0i Standard LaTeX Color (DPC)

(/usr/share/texmf/tex/latex/config/color.cfg)
Package color Info: Driver file: dvips.def on input line 125.

(/usr/share/texmf/tex/latex/graphics/dvipsnam.def
File: dvipsnam.def 1999/02/16 v3.0i Driver-dependant file (DPC,SPQR)
))
(/usr/share/texmf/tex/latex/misc/shadow.sty
Style Option: `shadow' v1.2.1 <16 September 1996> (M.O.)
\txtwdth=\dimen103
\sht=\dimen104
\shw=\dimen105
\shbox=\box26
\sboxsep=\dimen106
\sboxrule=\dimen107
\sdim=\dimen108
) (manual.aux)
\openout1 = `manual.aux'.

LaTeX Font Info:    Checking defaults for OML/cmm/m/it on input line 71.
LaTeX Font Info:    ... okay on input line 71.
LaTeX Font Info:    Checking defaults for T1/cmr/m/n on input line 71.
LaTeX Font Info:    ... okay on input line 71.
LaTeX Font Info:    Checking defaults for OT1/cmr/m/n on input line 71.
LaTeX Font Info:    ... okay on input line 71.
LaTeX Font Info:    Checking defaults for OMS/cmsy/m/n on input line 71.
LaTeX Font Info:    ... okay on input line 71.
LaTeX Font Info:    Checking defaults for OMX/cmex/m/n on input line 71.
LaTeX Font Info:    ... okay on input line 71.
LaTeX Font Info:    Checking defaults for U/cmr/m/n on input line 71.
LaTeX Font Info:    ... okay on input line 71.
LaTeX Font Info:    Try loading font information for OT1+ptm on input line 71.
 (/usr/share/texmf/tex/latex/psnfss/ot1ptm.fd
File: ot1ptm.fd 1998/07/06 Fontinst v1.800 font definitions for OT1/ptm.
)
LaTeX Font Info:    Font shape `OT1/ptm/bx/n' in size <20.74> not available
(Font)              Font shape `OT1/ptm/b/n' tried instead on input line 72.
LaTeX Font Info:    Font shape `OT1/ptm/bx/n' in size <24.88> not available
(Font)              Font shape `OT1/ptm/b/n' tried instead on input line 72.
File: Figs/big.eps Graphic file (type eps)
 <Figs/big.eps>
LaTeX Font Info:    External font `cmex10' loaded for size
(Font)              <14.4> on input line 72.
LaTeX Font Info:    External font `cmex10' loaded for size
(Font)              <7> on input line 72.


LaTeX Warning: No \author given.

LaTeX Font Info:    External font `cmex10' loaded for size
(Font)              <12> on input line 76.
LaTeX Font Info:    External font `cmex10' loaded for size
(Font)              <8> on input line 76.
LaTeX Font Info:    External font `cmex10' loaded for size
(Font)              <6> on input line 76.
LaTeX Font Info:    External font `cmex10' loaded for size
(Font)              <5> on input line 77.
[1

] [2]
LaTeX Font Info:    Font shape `OT1/ptm/bx/n' in size <17.28> not available
(Font)              Font shape `OT1/ptm/b/n' tried instead on input line 79.
 (manual.toc
LaTeX Font Info:    Font shape `OT1/ptm/bx/n' in size <12> not available
(Font)              Font shape `OT1/ptm/b/n' tried instead on input line 1.
 [3] [4] [5] [6] [7])
\tf@toc=\write3
\openout3 = `manual.toc'.

 [8] [1] [2] [3] [4] [5]
LaTeX Font Info:    Font shape `OT1/ptm/bx/n' in size <14.4> not available
(Font)              Font shape `OT1/ptm/b/n' tried instead on input line 342.
LaTeX Font Info:    Try loading font information for OT1+pcr on input line 350.


(/usr/share/texmf/tex/latex/psnfss/ot1pcr.fd
File: ot1pcr.fd 1998/07/06 Fontinst v1.800 font definitions for OT1/pcr.
) [6]
LaTeX Font Info:    Try loading font information for OMS+ptm on input line 401.


(/usr/share/texmf/tex/latex/psnfss/omsptm.fd
File: omsptm.fd 
)
LaTeX Font Info:    Font shape `OMS/ptm/m/n' in size <12> not available
(Font)              Font shape `OMS/cmsy/m/n' tried instead on input line 401.
 [7] [8] [9] [10]
Overfull \hbox (4.6402pt too wide) in paragraph at lines 622--626
[]\OT1/ptm/m/n/12 The sec-ond line de-fines a vari-able \OT1/pcr/m/n/12 ROOT\OT
1/ptm/m/n/12 . In the fol-low-ing com-mands $ROOT
 []

[11] [12] [13]
Underfull \hbox (badness 10000) in paragraph at lines 742--745

 []


Underfull \hbox (badness 10000) in paragraph at lines 749--751

 []


Underfull \hbox (badness 10000) in paragraph at lines 758--759

 []

[14]
Underfull \hbox (badness 10000) in paragraph at lines 763--765

 []

[15]
Overfull \hbox (36.97206pt too wide) in paragraph at lines 810--810
[] 
 []


Underfull \hbox (badness 10000) in paragraph at lines 810--811

 []


Underfull \hbox (badness 10000) in paragraph at lines 818--819

 []

[16]
Underfull \hbox (badness 10000) in paragraph at lines 824--825

 []


Underfull \hbox (badness 10000) in paragraph at lines 829--831

 []


Underfull \hbox (badness 10000) in paragraph at lines 836--837

 []


Underfull \hbox (badness 10000) in paragraph at lines 842--843

 []


Underfull \hbox (badness 10000) in paragraph at lines 848--849

 []


Underfull \hbox (badness 10000) in paragraph at lines 858--859

 []

[17]
Underfull \hbox (badness 10000) in paragraph at lines 867--868

 []


Underfull \hbox (badness 10000) in paragraph at lines 873--876

 []


Underfull \hbox (badness 10000) in paragraph at lines 913--913

 []


Underfull \hbox (badness 1990) in paragraph at lines 913--913
[]\OT1/ptm/b/n/12 (81) \OT1/ptm/m/n/12 Perdew-Zunger[[]] + Becke gra-di-ent cor
rection[[]] +
 []


Underfull \hbox (badness 10000) in paragraph at lines 913--913

 []

[18]
Overfull \hbox (12.8751pt too wide) in paragraph at lines 913--914
[][][]
 []


Underfull \hbox (badness 10000) in paragraph at lines 913--914

 []


Underfull \hbox (badness 10000) in paragraph at lines 913--914

 []


Underfull \hbox (badness 10000) in paragraph at lines 921--922

 []


Underfull \hbox (badness 10000) in paragraph at lines 927--938

 []

[19]
Underfull \hbox (badness 7704) in paragraph at lines 951--951
[]\OT1/ptm/m/n/12 plane wave cut-off for the wave func-tions in Ry-d-berg
 []


Underfull \hbox (badness 10000) in paragraph at lines 951--952

 []


Underfull \hbox (badness 10000) in paragraph at lines 957--957
[]\OT1/ptm/m/n/12 plane wave cut-off for the charge den-sity in Ry-d-berg
 []


Underfull \hbox (badness 10000) in paragraph at lines 957--958

 []


Underfull \hbox (badness 10000) in paragraph at lines 964--965

 []

[20]
Underfull \hbox (badness 10000) in paragraph at lines 977--978

 []


Underfull \hbox (badness 10000) in paragraph at lines 983--984

 []


Underfull \hbox (badness 10000) in paragraph at lines 989--1010

 []


Underfull \hbox (badness 10000) in paragraph at lines 989--1010

 []

[21]
Underfull \hbox (badness 3108) in paragraph at lines 1026--1026
[]\OT1/ptm/m/n/12 mass $\OML/cmm/m/it/12 m[]$ \OT1/ptm/m/n/12 for the wave func
-tion dy-nam-ics. For proper
 []


Underfull \hbox (badness 1540) in paragraph at lines 1026--1026
\OT1/ptm/m/n/12 mass renor-mal-iza-tion (dis-count-ing the nu-clear mass by the

 []


Underfull \hbox (badness 5077) in paragraph at lines 1026--1026
\OT1/ptm/m/n/12 ef-fec-tive mass of the wave-func-tion cloud) the value of
 []


Underfull \hbox (badness 10000) in paragraph at lines 1026--1026
[]\OT1/ptm/m/n/12 10 $\OT1/cmr/m/n/12 ^^A[]$ \OT1/ptm/m/n/12 (for $\OT1/cmr/m/n
/12 ^^A$ \OT1/ptm/m/n/12 see "!CON-
 []


Underfull \hbox (badness 10000) in paragraph at lines 1026--1027

 []


Underfull \hbox (badness 10000) in paragraph at lines 1043--1044

 []

[22]
Underfull \hbox (badness 10000) in paragraph at lines 1049--1049
[]\OT1/ptm/m/n/12 optional, not used if ``!CON-
 []


Underfull \hbox (badness 10000) in paragraph at lines 1049--1050

 []


Underfull \hbox (badness 10000) in paragraph at lines 1065--1105

 []


Underfull \hbox (badness 10000) in paragraph at lines 1065--1105

 []

[23]
Underfull \hbox (badness 10000) in paragraph at lines 1117--1130

 []

[24]
Underfull \hbox (badness 10000) in paragraph at lines 1136--1137

 []


Underfull \hbox (badness 10000) in paragraph at lines 1143--1144

 []


Underfull \hbox (badness 10000) in paragraph at lines 1150--1151

 []

[25]
Underfull \hbox (badness 10000) in paragraph at lines 1157--1158

 []


Underfull \hbox (badness 2521) in paragraph at lines 1187--1187
\OT1/ptm/m/n/12 Thermostat for the wave func-tions. The ther-mo-stat acts
 []


Underfull \hbox (badness 6063) in paragraph at lines 1187--1187
\OT1/ptm/m/n/12 like a Nose-Hoover ther-mo-stat, but the tar-get tem-per-a-
 []


Underfull \hbox (badness 2547) in paragraph at lines 1187--1187
\OT1/ptm/m/n/12 ture is ad-justed at each time step ac-cord-ing to the es-ti-
 []


Underfull \hbox (badness 1721) in paragraph at lines 1187--1187
\OT1/ptm/m/n/12 mated Born-Oppenheimer ki-netic en-ergy ob-tained from the
 []


Underfull \hbox (badness 2941) in paragraph at lines 1187--1187
\OT1/ptm/m/n/12 in-stan-ta-neous atomic ve-loc-i-ties, the wave func-tion masse
s
 []


Underfull \hbox (badness 5622) in paragraph at lines 1187--1187
\OT1/ptm/m/n/12 and the val-ues of !STRUCTURE!SPECIES:PS$\OML/cmm/m/it/12 <$\OT
1/ptm/m/n/12 G2$\OML/cmm/m/it/12 >$ \OT1/ptm/m/n/12 and
 []


Underfull \hbox (badness 10000) in paragraph at lines 1162--1188

 []


Underfull \hbox (badness 10000) in paragraph at lines 1194--1195

 []

[26]
Underfull \hbox (badness 10000) in paragraph at lines 1203--1204

 []


Underfull \hbox (badness 10000) in paragraph at lines 1209--1209
[]\OT1/ptm/m/n/12 see !CON-
 []


Overfull \hbox (27.32585pt too wide) in paragraph at lines 1209--1209
\OT1/ptm/m/n/12 TROL!PSIDYN!THERMOSTAT:FREQ[THz] 
 []


Underfull \hbox (badness 10000) in paragraph at lines 1209--1210

 []


Underfull \hbox (badness 10000) in paragraph at lines 1215--1215
[]\OT1/ptm/m/n/12 optional; not used if !CON-
 []


Overfull \hbox (10.66998pt too wide) in paragraph at lines 1215--1215
\OT1/ptm/m/n/12 TROL!PSIDYN!THERMOSTAT:PERIOD
 []


Underfull \hbox (badness 10000) in paragraph at lines 1215--1216

 []


Underfull \hbox (badness 10000) in paragraph at lines 1224--1225

 []

[27]
Underfull \hbox (badness 10000) in paragraph at lines 1230--1231

 []


Underfull \hbox (badness 10000) in paragraph at lines 1236--1237

 []


Underfull \hbox (badness 10000) in paragraph at lines 1241--1282

 []


Underfull \hbox (badness 10000) in paragraph at lines 1241--1282

 []


Underfull \hbox (badness 10000) in paragraph at lines 1241--1282

 []


Underfull \hbox (badness 10000) in paragraph at lines 1241--1282

 []

[28]
Underfull \hbox (badness 10000) in paragraph at lines 1287--1288

 []


Underfull \hbox (badness 10000) in paragraph at lines 1292--1298

 []

[29]
Underfull \hbox (badness 10000) in paragraph at lines 1304--1305

 []


Underfull \hbox (badness 10000) in paragraph at lines 1311--1312

 []


Underfull \hbox (badness 10000) in paragraph at lines 1318--1319

 []


Underfull \hbox (badness 10000) in paragraph at lines 1325--1326

 []

[30]
Underfull \hbox (badness 10000) in paragraph at lines 1330--1334

 []


Underfull \hbox (badness 10000) in paragraph at lines 1341--1342

 []


Underfull \hbox (badness 10000) in paragraph at lines 1348--1349

 []


Underfull \hbox (badness 10000) in paragraph at lines 1355--1355
[]\OT1/ptm/m/n/12 Each of the NPULSES heat pulses will stretch over
 []


Underfull \hbox (badness 10000) in paragraph at lines 1355--1356

 []


Underfull \hbox (badness 10000) in paragraph at lines 1361--1374

 []

[31]
Underfull \hbox (badness 10000) in paragraph at lines 1379--1380

 []


Underfull \hbox (badness 10000) in paragraph at lines 1385--1386

 []


Underfull \hbox (badness 10000) in paragraph at lines 1391--1391
[]\OT1/ptm/m/n/12 see !CON-
 []


Overfull \hbox (17.98996pt too wide) in paragraph at lines 1391--1391
\OT1/ptm/m/n/12 TROL!RDYN!THERMOSTAT:FREQ[THz] 
 []


Underfull \hbox (badness 10000) in paragraph at lines 1391--1392

 []


Underfull \hbox (badness 10000) in paragraph at lines 1397--1397
[]\OT1/ptm/m/n/12 optional; not used if !CON-
 []


Overfull \hbox (1.33409pt too wide) in paragraph at lines 1397--1397
\OT1/ptm/m/n/12 TROL!RDYN!THERMOSTAT:PERIOD
 []


Underfull \hbox (badness 10000) in paragraph at lines 1397--1398

 []

[32]
Underfull \hbox (badness 10000) in paragraph at lines 1413--1414

 []


Underfull \hbox (badness 10000) in paragraph at lines 1419--1420

 []


Underfull \hbox (badness 10000) in paragraph at lines 1536--1536

 []


Underfull \hbox (badness 10000) in paragraph at lines 1536--1536

 []


Underfull \hbox (badness 10000) in paragraph at lines 1536--1536

 []


Underfull \hbox (badness 10000) in paragraph at lines 1536--1536

 []


Underfull \hbox (badness 10000) in paragraph at lines 1536--1536

 []


Underfull \hbox (badness 10000) in paragraph at lines 1536--1536

 []


Underfull \hbox (badness 10000) in paragraph at lines 1536--1536

 []

[33] [34]
Underfull \hbox (badness 10000) in paragraph at lines 1536--1536

 []


Underfull \hbox (badness 10000) in paragraph at lines 1536--1536

 []


Underfull \hbox (badness 10000) in paragraph at lines 1536--1536

 []

[35]
Underfull \hbox (badness 10000) in paragraph at lines 1536--1536

 []


Underfull \hbox (badness 10000) in paragraph at lines 1536--1536

 []


Underfull \hbox (badness 10000) in paragraph at lines 1536--1536

 []


Underfull \hbox (badness 10000) in paragraph at lines 1536--1536

 []


Underfull \hbox (badness 10000) in paragraph at lines 1536--1539

 []

[36]
Underfull \hbox (badness 10000) in paragraph at lines 1542--1585

 []


Underfull \hbox (badness 10000) in paragraph at lines 1542--1585

 []


Underfull \hbox (badness 10000) in paragraph at lines 1542--1585

 []


Underfull \hbox (badness 10000) in paragraph at lines 1542--1585

 []


Underfull \hbox (badness 10000) in paragraph at lines 1542--1585

 []


Underfull \hbox (badness 10000) in paragraph at lines 1542--1585

 []


Underfull \hbox (badness 10000) in paragraph at lines 1542--1585

 []

[37]
Underfull \hbox (badness 10000) in paragraph at lines 1587--1594

 []


Underfull \hbox (badness 10000) in paragraph at lines 1599--1600

 []


Underfull \hbox (badness 10000) in paragraph at lines 1605--1606

 []


Underfull \hbox (badness 10000) in paragraph at lines 1612--1613

 []

[38]
Underfull \hbox (badness 10000) in paragraph at lines 1619--1620

 []


Underfull \hbox (badness 10000) in paragraph at lines 1625--1626

 []


Underfull \hbox (badness 10000) in paragraph at lines 1633--1634

 []


Underfull \hbox (badness 10000) in paragraph at lines 1638--1641

 []

[39]
Underfull \hbox (badness 10000) in paragraph at lines 1647--1648

 []


Underfull \hbox (badness 10000) in paragraph at lines 1654--1655

 []


Underfull \hbox (badness 10000) in paragraph at lines 1661--1662

 []


Underfull \hbox (badness 10000) in paragraph at lines 1668--1669

 []


Underfull \hbox (badness 10000) in paragraph at lines 1673--1679

 []

[40]
Underfull \hbox (badness 10000) in paragraph at lines 1684--1685

 []


Underfull \hbox (badness 10000) in paragraph at lines 1690--1691

 []


Underfull \hbox (badness 10000) in paragraph at lines 1697--1698

 []


Underfull \hbox (badness 10000) in paragraph at lines 1705--1706

 []

[41]
Underfull \hbox (badness 10000) in paragraph at lines 1711--1712

 []


Underfull \hbox (badness 10000) in paragraph at lines 1717--1722

 []


Underfull \hbox (badness 10000) in paragraph at lines 1727--1728

 []


Underfull \hbox (badness 10000) in paragraph at lines 1733--1734

 []


Underfull \hbox (badness 10000) in paragraph at lines 1739--1740

 []


Underfull \hbox (badness 10000) in paragraph at lines 1746--1747

 []

[42]
Underfull \hbox (badness 10000) in paragraph at lines 1752--1753

 []


Underfull \hbox (badness 10000) in paragraph at lines 1758--1759

 []


Underfull \hbox (badness 10000) in paragraph at lines 1764--1765

 []


Underfull \hbox (badness 10000) in paragraph at lines 1770--1771

 []

[43]
Underfull \hbox (badness 10000) in paragraph at lines 1775--1778

 []


Underfull \hbox (badness 10000) in paragraph at lines 1784--1785

 []


Underfull \hbox (badness 10000) in paragraph at lines 1791--1792

 []


Underfull \hbox (badness 10000) in paragraph at lines 1798--1799

 []


Underfull \hbox (badness 10000) in paragraph at lines 1805--1806

 []

[44]
Underfull \hbox (badness 10000) in paragraph at lines 1810--1816

 []


Underfull \hbox (badness 10000) in paragraph at lines 1822--1823

 []


Underfull \hbox (badness 10000) in paragraph at lines 1829--1830

 []


Underfull \hbox (badness 10000) in paragraph at lines 1835--1836

 []


Underfull \hbox (badness 10000) in paragraph at lines 1916--1918

 []

[45]
Underfull \hbox (badness 10000) in paragraph at lines 1922--1924

 []


Underfull \hbox (badness 10000) in paragraph at lines 1929--1930

 []


Underfull \hbox (badness 10000) in paragraph at lines 1935--1936

 []


Underfull \hbox (badness 10000) in paragraph at lines 1941--1942

 []


Underfull \hbox (badness 10000) in paragraph at lines 1947--1948

 []

[46]
Underfull \hbox (badness 10000) in paragraph at lines 1952--1972

 []


Underfull \hbox (badness 10000) in paragraph at lines 1977--1978

 []


Underfull \hbox (badness 10000) in paragraph at lines 1985--1986

 []

[47]
Underfull \hbox (badness 10000) in paragraph at lines 1993--1994

 []


Underfull \hbox (badness 10000) in paragraph at lines 2002--2003

 []


Underfull \hbox (badness 10000) in paragraph at lines 2010--2011

 []


Underfull \hbox (badness 10000) in paragraph at lines 2015--2024

 []

[48]
Underfull \hbox (badness 10000) in paragraph at lines 2028--2029

 []


Underfull \hbox (badness 10000) in paragraph at lines 2034--2035

 []


Underfull \hbox (badness 10000) in paragraph at lines 2041--2042

 []


Underfull \hbox (badness 10000) in paragraph at lines 2050--2051

 []

[49]
Underfull \hbox (badness 10000) in paragraph at lines 2061--2062

 []


Underfull \hbox (badness 10000) in paragraph at lines 2068--2072

 []


Underfull \hbox (badness 10000) in paragraph at lines 2077--2078

 []

[50]
Underfull \hbox (badness 10000) in paragraph at lines 2083--2084

 []


Underfull \hbox (badness 10000) in paragraph at lines 2090--2091

 []


Underfull \hbox (badness 10000) in paragraph at lines 2096--2097

 []

[51]
Overfull \hbox (41.99982pt too wide) in paragraph at lines 2129--2129
[]           \OT1/pcr/m/n/12 FILE='/u/blo.2/PAW/Setups/BP86/001H/h1.out'  !END[
] 
 []


Overfull \hbox (41.99982pt too wide) in paragraph at lines 2129--2129
[]           \OT1/pcr/m/n/12 FILE='/u/blo.2/PAW/Setups/BP86/006C/c1.out'  !END[
] 
 []


Overfull \hbox (41.99982pt too wide) in paragraph at lines 2129--2129
[]           \OT1/pcr/m/n/12 FILE='/u/blo.2/PAW/Setups/BP86/008O/o1.out'  !END[
] 
 []


Overfull \hbox (27.59982pt too wide) in paragraph at lines 2129--2129
[]  \OT1/pcr/m/n/12 !ATOM    NAME= 'H_1'  R= -0.50000  0.00000 -0.86600 !END[] 

 []


Overfull \hbox (27.59982pt too wide) in paragraph at lines 2129--2129
[]  \OT1/pcr/m/n/12 !ATOM    NAME= 'H_2'  R= -0.50000  0.00000  0.86600 !END[] 

 []


Overfull \hbox (27.59982pt too wide) in paragraph at lines 2129--2129
[]  \OT1/pcr/m/n/12 !ATOM    NAME= 'C_3'  R=  0.00000  0.00000  0.00000 !END[] 

 []


Overfull \hbox (27.59982pt too wide) in paragraph at lines 2129--2129
[]  \OT1/pcr/m/n/12 !ATOM    NAME= 'O_4'  R=  1.50000  0.00000  0.00000 !END[] 

 []


Overfull \hbox (27.59982pt too wide) in paragraph at lines 2129--2129
[]  \OT1/pcr/m/n/12 !ISOLATE NF=3 RC=0.5 RCFAC=1.5 GMAX2=3.0 DECOUPLE=T !END[] 

 []

[52]
Underfull \hbox (badness 10000) in paragraph at lines 2178--2182

 []


Underfull \hbox (badness 1033) in paragraph at lines 2194--2194
[]\OT1/ptm/m/n/12 specifies the length unit (in atomic units) for struc-tural i
n-
 []


Underfull \hbox (badness 1281) in paragraph at lines 2194--2194
\OT1/ptm/m/n/12 put in this file. All data are con-verted into atomic units
 []


Underfull \hbox (badness 10000) in paragraph at lines 2184--2196

 []


Underfull \hbox (badness 10000) in paragraph at lines 2184--2196

 []

[53]
Underfull \hbox (badness 10000) in paragraph at lines 2198--2209

 []


Underfull \hbox (badness 10000) in paragraph at lines 2198--2209

 []


Underfull \hbox (badness 10000) in paragraph at lines 2211--2213

 []


Underfull \hbox (badness 10000) in paragraph at lines 2219--2220

 []


Underfull \hbox (badness 10000) in paragraph at lines 2233--2234

 []

[54]
Underfull \hbox (badness 10000) in paragraph at lines 2247--2248

 []


Underfull \hbox (badness 10000) in paragraph at lines 2253--2255

 []


Underfull \hbox (badness 10000) in paragraph at lines 2263--2264

 []

[55]
Underfull \hbox (badness 10000) in paragraph at lines 2269--2270

 []


Underfull \hbox (badness 10000) in paragraph at lines 2275--2276

 []


Underfull \hbox (badness 10000) in paragraph at lines 2286--2287

 []


Underfull \hbox (badness 10000) in paragraph at lines 2295--2296

 []

[56]
Underfull \hbox (badness 10000) in paragraph at lines 2305--2306

 []


Underfull \hbox (badness 10000) in paragraph at lines 2314--2315

 []


Underfull \hbox (badness 10000) in paragraph at lines 2326--2327

 []

[57]
Underfull \hbox (badness 10000) in paragraph at lines 2333--2334

 []


Underfull \hbox (badness 10000) in paragraph at lines 2338--2340

 []


Underfull \hbox (badness 10000) in paragraph at lines 2349--2350

 []


Underfull \hbox (badness 3199) in paragraph at lines 2358--2358
[]\OT1/ptm/m/n/12 Atomic co-or-di-nates in Carte-sian co-or-di-nates and units 
of
 []


Underfull \hbox (badness 10000) in paragraph at lines 2358--2359

 []

[58]
Underfull \hbox (badness 2285) in paragraph at lines 2365--2365
[]\OT1/ptm/m/n/12 Mass of this atom. Over-writes value spec-i-fied in block
 []


Underfull \hbox (badness 1062) in paragraph at lines 2365--2365
[]\OT1/ptm/m/n/12 Value spec-i-fied for the cor-re-spond-ing
 []


Underfull \hbox (badness 10000) in paragraph at lines 2365--2366

 []


Underfull \hbox (badness 10000) in paragraph at lines 2371--2372

 []


Underfull \hbox (badness 10000) in paragraph at lines 2376--2414

 []


Underfull \hbox (badness 10000) in paragraph at lines 2376--2414

 []


Underfull \hbox (badness 10000) in paragraph at lines 2376--2414

 []


Underfull \hbox (badness 10000) in paragraph at lines 2376--2414

 []


Underfull \hbox (badness 10000) in paragraph at lines 2376--2414

 []

[59]
Underfull \hbox (badness 10000) in paragraph at lines 2422--2423

 []


Underfull \hbox (badness 10000) in paragraph at lines 2427--2435

 []

[60]
Underfull \hbox (badness 10000) in paragraph at lines 2441--2442

 []


Underfull \hbox (badness 10000) in paragraph at lines 2448--2463

 []


Underfull \hbox (badness 10000) in paragraph at lines 2448--2463

 []


Underfull \hbox (badness 10000) in paragraph at lines 2448--2463

 []

[61]
Underfull \hbox (badness 10000) in paragraph at lines 2465--2476

 []


Underfull \hbox (badness 10000) in paragraph at lines 2465--2476

 []


Underfull \hbox (badness 10000) in paragraph at lines 2481--2482

 []


Underfull \hbox (badness 1097) in paragraph at lines 2488--2488
[]\OT1/ptm/m/n/12 Scaling fac-tors for the de-cay con-stants. $\OML/cmm/m/it/12
 r[]\OT1/cmr/m/n/12 (\OML/cmm/m/it/12 i\OT1/cmr/m/n/12 ) = \OML/cmm/m/it/12 r[]
\OT1/cmr/m/n/12 (1) \OMS/cmsy/m/n/12 ^^C
 []


Underfull \hbox (badness 10000) in paragraph at lines 2488--2489

 []


Underfull \hbox (badness 10000) in paragraph at lines 2495--2496

 []

[62]
Underfull \hbox (badness 10000) in paragraph at lines 2501--2502

 []


Underfull \hbox (badness 10000) in paragraph at lines 2648--2648

 []


Underfull \hbox (badness 10000) in paragraph at lines 2648--2648

 []

[63]
Underfull \hbox (badness 10000) in paragraph at lines 2648--2648

 []


Underfull \hbox (badness 10000) in paragraph at lines 2648--2648

 []


Underfull \hbox (badness 10000) in paragraph at lines 2648--2648

 []


Underfull \hbox (badness 10000) in paragraph at lines 2648--2648

 []

[64]
Underfull \hbox (badness 10000) in paragraph at lines 2648--2648

 []


Underfull \hbox (badness 10000) in paragraph at lines 2648--2648

 []


Underfull \hbox (badness 10000) in paragraph at lines 2648--2648

 []


Underfull \hbox (badness 10000) in paragraph at lines 2648--2648

 []


Underfull \hbox (badness 5578) in paragraph at lines 2648--2648
[]\OT1/ptm/m/n/12 name of the first atom in the bond, cor-re-spond-ing to
 []


Underfull \hbox (badness 10000) in paragraph at lines 2648--2648

 []

[65]
Underfull \hbox (badness 2547) in paragraph at lines 2648--2648
[]\OT1/ptm/m/n/12 name of the sec-ond atom in the bond, cor-re-spond-ing to
 []


Underfull \hbox (badness 10000) in paragraph at lines 2648--2648

 []


Underfull \hbox (badness 10000) in paragraph at lines 2648--2648

 []


Underfull \hbox (badness 10000) in paragraph at lines 2648--2648

 []


Underfull \hbox (badness 10000) in paragraph at lines 2648--2648

 []


Underfull \hbox (badness 10000) in paragraph at lines 2648--2648

 []

[66]
Underfull \hbox (badness 10000) in paragraph at lines 2648--2648

 []


Underfull \hbox (badness 10000) in paragraph at lines 2648--2648

 []


Underfull \hbox (badness 10000) in paragraph at lines 2653--2654

 []


Underfull \hbox (badness 10000) in paragraph at lines 2658--2660

 []

[67]
Underfull \hbox (badness 10000) in paragraph at lines 2665--2666

 []


Underfull \hbox (badness 10000) in paragraph at lines 2671--2672

 []


Underfull \hbox (badness 10000) in paragraph at lines 2677--2678

 []


Underfull \hbox (badness 10000) in paragraph at lines 2686--2690

 []

[68]
Underfull \hbox (badness 10000) in paragraph at lines 2695--2696

 []


Underfull \hbox (badness 10000) in paragraph at lines 2701--2702

 []


Underfull \hbox (badness 10000) in paragraph at lines 2706--2709

 []


Underfull \hbox (badness 10000) in paragraph at lines 2713--2719

 []


Underfull \hbox (badness 10000) in paragraph at lines 2724--2725

 []

[69]
Underfull \hbox (badness 10000) in paragraph at lines 2730--2731

 []


Underfull \hbox (badness 10000) in paragraph at lines 2736--2737

 []


Underfull \hbox (badness 10000) in paragraph at lines 2742--2750

 []


Underfull \hbox (badness 10000) in paragraph at lines 2754--2757

 []

[70]
Underfull \hbox (badness 10000) in paragraph at lines 2762--2763

 []


Underfull \hbox (badness 10000) in paragraph at lines 2767--2769

 []


Underfull \hbox (badness 10000) in paragraph at lines 2774--2775

 []


Underfull \hbox (badness 10000) in paragraph at lines 2780--2781

 []


Underfull \hbox (badness 10000) in paragraph at lines 2785--2788

 []

[71]
Underfull \hbox (badness 10000) in paragraph at lines 2793--2794

 []


Underfull \hbox (badness 10000) in paragraph at lines 2799--2800

 []


Underfull \hbox (badness 10000) in paragraph at lines 2804--2807

 []


Underfull \hbox (badness 10000) in paragraph at lines 2812--2813

 []


Underfull \hbox (badness 10000) in paragraph at lines 2818--2819

 []

[72]
Underfull \hbox (badness 10000) in paragraph at lines 2823--2828

 []


Underfull \hbox (badness 10000) in paragraph at lines 2833--2834

 []


Underfull \hbox (badness 10000) in paragraph at lines 2839--2840

 []


Underfull \hbox (badness 10000) in paragraph at lines 2844--2846

 []


Underfull \hbox (badness 10000) in paragraph at lines 2851--2852

 []

[73]
Underfull \hbox (badness 10000) in paragraph at lines 2857--2858

 []


Underfull \hbox (badness 10000) in paragraph at lines 2867--2868

 []


Underfull \hbox (badness 10000) in paragraph at lines 2874--2875

 []


Underfull \hbox (badness 10000) in paragraph at lines 2880--2881

 []


Underfull \hbox (badness 10000) in paragraph at lines 2886--2887

 []

[74]
Underfull \hbox (badness 10000) in paragraph at lines 2893--2894

 []


Underfull \hbox (badness 10000) in paragraph at lines 2914--2914

 []


Underfull \hbox (badness 10000) in paragraph at lines 2914--2914

 []


Underfull \hbox (badness 10000) in paragraph at lines 2914--2915

 []


Underfull \hbox (badness 10000) in paragraph at lines 2919--2921

 []

[75]
Underfull \hbox (badness 10000) in paragraph at lines 2926--2927

 []


Underfull \hbox (badness 10000) in paragraph at lines 2932--2933

 []


Underfull \hbox (badness 10000) in paragraph at lines 2938--2939

 []


Underfull \hbox (badness 10000) in paragraph at lines 2948--2949

 []


Underfull \hbox (badness 10000) in paragraph at lines 2955--2956

 []

[76]
Underfull \hbox (badness 10000) in paragraph at lines 2961--2962

 []


Underfull \hbox (badness 10000) in paragraph at lines 2967--2968

 []


Underfull \hbox (badness 10000) in paragraph at lines 2974--2975

 []


Underfull \hbox (badness 10000) in paragraph at lines 2995--2995

 []


Underfull \hbox (badness 10000) in paragraph at lines 2995--2995

 []

[77]
Underfull \hbox (badness 10000) in paragraph at lines 2995--2996

 []


Underfull \hbox (badness 10000) in paragraph at lines 3000--3001

 []


Overfull \hbox (12.8751pt too wide) in paragraph at lines 3003--3004
[][][]
 []


Underfull \hbox (badness 10000) in paragraph at lines 3003--3004

 []


Underfull \hbox (badness 10000) in paragraph at lines 3003--3004

 []


Underfull \hbox (badness 10000) in paragraph at lines 3009--3010

 []


Underfull \hbox (badness 10000) in paragraph at lines 3015--3016

 []


Underfull \hbox (badness 10000) in paragraph at lines 3021--3022

 []

[78]
Underfull \hbox (badness 10000) in paragraph at lines 3027--3028

 []


Underfull \hbox (badness 10000) in paragraph at lines 3037--3038

 []


Underfull \hbox (badness 10000) in paragraph at lines 3044--3045

 []


Underfull \hbox (badness 10000) in paragraph at lines 3051--3052

 []

[79]
Underfull \hbox (badness 10000) in paragraph at lines 3057--3058

 []


Underfull \hbox (badness 10000) in paragraph at lines 3064--3065

 []


Underfull \hbox (badness 10000) in paragraph at lines 3085--3085

 []


Underfull \hbox (badness 10000) in paragraph at lines 3085--3085

 []


Underfull \hbox (badness 10000) in paragraph at lines 3085--3086

 []

[80]
Underfull \hbox (badness 10000) in paragraph at lines 3090--3093

 []


Underfull \hbox (badness 10000) in paragraph at lines 3098--3099

 []


Underfull \hbox (badness 10000) in paragraph at lines 3104--3105

 []


Underfull \hbox (badness 10000) in paragraph at lines 3114--3115

 []


Underfull \hbox (badness 10000) in paragraph at lines 3121--3122

 []

[81]
Underfull \hbox (badness 10000) in paragraph at lines 3127--3128

 []


Underfull \hbox (badness 10000) in paragraph at lines 3133--3134

 []


Underfull \hbox (badness 10000) in paragraph at lines 3140--3141

 []


Underfull \hbox (badness 10000) in paragraph at lines 3161--3161

 []


Underfull \hbox (badness 10000) in paragraph at lines 3161--3161

 []

[82]
Underfull \hbox (badness 10000) in paragraph at lines 3161--3163

 []


Underfull \hbox (badness 10000) in paragraph at lines 3165--3170

 []


Underfull \hbox (badness 10000) in paragraph at lines 3175--3176

 []


Underfull \hbox (badness 10000) in paragraph at lines 3181--3182

 []


Underfull \hbox (badness 10000) in paragraph at lines 3187--3188

 []

[83]
Underfull \hbox (badness 10000) in paragraph at lines 3197--3198

 []


Underfull \hbox (badness 10000) in paragraph at lines 3204--3205

 []


Underfull \hbox (badness 10000) in paragraph at lines 3210--3211

 []


Underfull \hbox (badness 10000) in paragraph at lines 3216--3217

 []


Underfull \hbox (badness 10000) in paragraph at lines 3223--3224

 []

[84]
Underfull \hbox (badness 10000) in paragraph at lines 3244--3244

 []


Underfull \hbox (badness 10000) in paragraph at lines 3244--3244

 []


Underfull \hbox (badness 10000) in paragraph at lines 3244--3245

 []


Underfull \hbox (badness 10000) in paragraph at lines 3249--3255

 []


Underfull \hbox (badness 10000) in paragraph at lines 3265--3266

 []

[85]
Underfull \hbox (badness 10000) in paragraph at lines 3272--3273

 []


Underfull \hbox (badness 10000) in paragraph at lines 3278--3279

 []


Underfull \hbox (badness 10000) in paragraph at lines 3284--3285

 []


Underfull \hbox (badness 10000) in paragraph at lines 3291--3292

 []

[86]
Underfull \hbox (badness 10000) in paragraph at lines 3312--3312

 []


Underfull \hbox (badness 10000) in paragraph at lines 3312--3312

 []


Underfull \hbox (badness 10000) in paragraph at lines 3312--3313

 []


Underfull \hbox (badness 10000) in paragraph at lines 3317--3319

 []


Underfull \hbox (badness 10000) in paragraph at lines 3324--3325

 []

[87]
Underfull \hbox (badness 10000) in paragraph at lines 3330--3331

 []


Underfull \hbox (badness 10000) in paragraph at lines 3497--3497

 []


Underfull \hbox (badness 10000) in paragraph at lines 3497--3499

 []


Underfull \hbox (badness 10000) in paragraph at lines 3497--3499

 []


Underfull \hbox (badness 10000) in paragraph at lines 3497--3499

 []


Underfull \hbox (badness 10000) in paragraph at lines 3497--3499

 []


Underfull \hbox (badness 10000) in paragraph at lines 3497--3499

 []


Underfull \hbox (badness 10000) in paragraph at lines 3497--3499

 []


Underfull \hbox (badness 10000) in paragraph at lines 3497--3499

 []

[88] [89] [90] [91]
Overfull \hbox (20.39983pt too wide) in paragraph at lines 3572--3572
[]  \OT1/pcr/m/n/12 !SUBSTANCE ID='H2CO' FILE='~/PAW/Sample/h2co.prot' !END[] 
 []


Underfull \hbox (badness 10000) in paragraph at lines 3581--3584

 []

[92]
Underfull \hbox (badness 10000) in paragraph at lines 3588--3590

 []


Underfull \hbox (badness 10000) in paragraph at lines 3596--3597

 []


Underfull \hbox (badness 10000) in paragraph at lines 3601--3604

 []


Underfull \hbox (badness 10000) in paragraph at lines 3609--3610

 []


Underfull \hbox (badness 10000) in paragraph at lines 3615--3616

 []

[93]
Underfull \hbox (badness 10000) in paragraph at lines 3620--3622

 []


Underfull \hbox (badness 10000) in paragraph at lines 3628--3629

 []


Underfull \hbox (badness 10000) in paragraph at lines 3633--3635

 []


Underfull \hbox (badness 10000) in paragraph at lines 3640--3641

 []


Underfull \hbox (badness 10000) in paragraph at lines 3647--3648

 []

[94]
Underfull \hbox (badness 10000) in paragraph at lines 3652--3654

 []


Underfull \hbox (badness 10000) in paragraph at lines 3659--3660

 []


Underfull \hbox (badness 10000) in paragraph at lines 3666--3667

 []

[95] [96]
Underfull \hbox (badness 10000) in paragraph at lines 3746--3749

 []

[97]
Underfull \hbox (badness 10000) in paragraph at lines 3753--3755

 []


Underfull \hbox (badness 10000) in paragraph at lines 3759--3761

 []


Underfull \hbox (badness 10000) in paragraph at lines 3766--3767

 []


Underfull \hbox (badness 10000) in paragraph at lines 3774--3775

 []


Underfull \hbox (badness 10000) in paragraph at lines 3780--3781

 []

[98]
Underfull \hbox (badness 10000) in paragraph at lines 3785--3790

 []


Underfull \hbox (badness 10000) in paragraph at lines 3795--3796

 []


Underfull \hbox (badness 10000) in paragraph at lines 3801--3802

 []

[99]
File: Figs/h2co-rho.epsf Graphic file (type eps)
 <Figs/h2co-rho.epsf> [100] [101] [102]
Underfull \hbox (badness 10000) in paragraph at lines 3920--3922

 []


Underfull \hbox (badness 10000) in paragraph at lines 3927--3929

 []


Underfull \hbox (badness 10000) in paragraph at lines 3936--3937

 []

[103]
Underfull \hbox (badness 10000) in paragraph at lines 3941--3953

 []


Underfull \hbox (badness 10000) in paragraph at lines 3958--3959

 []


Underfull \hbox (badness 10000) in paragraph at lines 3966--3967

 []


Underfull \hbox (badness 10000) in paragraph at lines 3972--3973

 []

[104]
Underfull \hbox (badness 10000) in paragraph at lines 3977--3980

 []


Underfull \hbox (badness 10000) in paragraph at lines 3985--3986

 []


Underfull \hbox (badness 10000) in paragraph at lines 3991--3992

 []


Underfull \hbox (badness 10000) in paragraph at lines 3997--3998

 []


Underfull \hbox (badness 10000) in paragraph at lines 4002--4006

 []

[105]
Underfull \hbox (badness 10000) in paragraph at lines 4012--4013

 []


Underfull \hbox (badness 10000) in paragraph at lines 4019--4020

 []


Underfull \hbox (badness 10000) in paragraph at lines 4025--4030

 []


Underfull \hbox (badness 10000) in paragraph at lines 4035--4035
[]\OT1/ptm/m/n/12 optional; in-com-pat-i-ble with ``!TC-
 []


Underfull \hbox (badness 10000) in paragraph at lines 4035--4036

 []

[106]
Underfull \hbox (badness 10000) in paragraph at lines 4041--4041
[]\OT1/ptm/m/n/12 optional; in-com-pat-i-ble with ``!TC-
 []


Underfull \hbox (badness 10000) in paragraph at lines 4041--4042

 []


Underfull \hbox (badness 10000) in paragraph at lines 4047--4048

 []


Underfull \hbox (badness 10000) in paragraph at lines 4052--4061

 []


Underfull \hbox (badness 10000) in paragraph at lines 4052--4061

 []


Underfull \hbox (badness 10000) in paragraph at lines 4068--4068
\OT1/ptm/m/n/12 for !TC-NTL!MOVIE:FORMAT='DX'
 []


Underfull \hbox (badness 10000) in paragraph at lines 4068--4068
\OT1/ptm/m/n/12 and by ``.movie.xyz'' for !TC-
 []


Underfull \hbox (badness 10000) in paragraph at lines 4068--4069

 []

[107]
Underfull \hbox (badness 10000) in paragraph at lines 4073--4076

 []


Underfull \hbox (badness 10000) in paragraph at lines 4082--4083

 []


Underfull \hbox (badness 10000) in paragraph at lines 4087--4089

 []


Underfull \hbox (badness 10000) in paragraph at lines 4096--4097

 []


Underfull \hbox (badness 10000) in paragraph at lines 4103--4103
[]\OT1/ptm/m/n/12 character; al-lowed val-ues are
 []


Underfull \hbox (badness 10000) in paragraph at lines 4103--4104

 []

[108]
Underfull \hbox (badness 10000) in paragraph at lines 4108--4110

 []


Underfull \hbox (badness 10000) in paragraph at lines 4116--4117

 []


Underfull \hbox (badness 10000) in paragraph at lines 4122--4123

 []


Underfull \hbox (badness 10000) in paragraph at lines 4127--4131

 []


Underfull \hbox (badness 10000) in paragraph at lines 4133--4136

 []


Underfull \hbox (badness 10000) in paragraph at lines 4142--4143

 []

[109]
Underfull \hbox (badness 10000) in paragraph at lines 4147--4149

 []


Underfull \hbox (badness 10000) in paragraph at lines 4153--4156

 []


Underfull \hbox (badness 10000) in paragraph at lines 4162--4163

 []


Underfull \hbox (badness 10000) in paragraph at lines 4167--4172

 []


Underfull \hbox (badness 10000) in paragraph at lines 4178--4179

 []

[110]
Underfull \hbox (badness 10000) in paragraph at lines 4185--4186

 []


Underfull \hbox (badness 10000) in paragraph at lines 4190--4192

 []


Underfull \hbox (badness 10000) in paragraph at lines 4198--4199

 []


Underfull \hbox (badness 10000) in paragraph at lines 4204--4205

 []

[111]
Underfull \hbox (badness 10000) in paragraph at lines 4209--4212

 []


Underfull \hbox (badness 10000) in paragraph at lines 4218--4219

 []


Underfull \hbox (badness 10000) in paragraph at lines 4223--4225

 []


Underfull \hbox (badness 10000) in paragraph at lines 4229--4233

 []


Underfull \hbox (badness 10000) in paragraph at lines 4239--4240

 []


Underfull \hbox (badness 10000) in paragraph at lines 4245--4246

 []

[112]
Underfull \hbox (badness 10000) in paragraph at lines 4250--4253

 []


Underfull \hbox (badness 10000) in paragraph at lines 4259--4260

 []


Underfull \hbox (badness 10000) in paragraph at lines 4264--4267

 []


Underfull \hbox (badness 10000) in paragraph at lines 4276--4277

 []

[113]
Underfull \hbox (badness 10000) in paragraph at lines 4281--4284

 []


Underfull \hbox (badness 10000) in paragraph at lines 4290--4291

 []


Underfull \hbox (badness 10000) in paragraph at lines 4295--4299

 []


Underfull \hbox (badness 10000) in paragraph at lines 4305--4306

 []


Underfull \hbox (badness 10000) in paragraph at lines 4311--4314

 []

[114]
Underfull \hbox (badness 10000) in paragraph at lines 4316--4326

 []


Underfull \hbox (badness 10000) in paragraph at lines 4328--4340

 []


Underfull \hbox (badness 10000) in paragraph at lines 4328--4340

 []


Underfull \hbox (badness 10000) in paragraph at lines 4342--4346

 []

[115]
Underfull \hbox (badness 10000) in paragraph at lines 4352--4353

 []


Underfull \hbox (badness 10000) in paragraph at lines 4358--4359

 []


Underfull \hbox (badness 10000) in paragraph at lines 4364--4368

 []


Underfull \hbox (badness 10000) in paragraph at lines 4372--4375

 []

[116]
Underfull \hbox (badness 10000) in paragraph at lines 4381--4382

 []


Underfull \hbox (badness 10000) in paragraph at lines 4386--4389

 []


Underfull \hbox (badness 10000) in paragraph at lines 4395--4396

 []


Underfull \hbox (badness 10000) in paragraph at lines 4402--4403

 []

[117]
Underfull \hbox (badness 10000) in paragraph at lines 4410--4411

 []


Underfull \hbox (badness 10000) in paragraph at lines 4415--4419

 []


Underfull \hbox (badness 10000) in paragraph at lines 4424--4425

 []


Underfull \hbox (badness 10000) in paragraph at lines 4432--4433

 []


Underfull \hbox (badness 10000) in paragraph at lines 4440--4441

 []

[118]
Underfull \hbox (badness 10000) in paragraph at lines 4448--4449

 []


Underfull \hbox (badness 10000) in paragraph at lines 4453--4461

 []


Underfull \hbox (badness 10000) in paragraph at lines 4466--4467

 []


Underfull \hbox (badness 10000) in paragraph at lines 4473--4474

 []

[119]
Underfull \hbox (badness 10000) in paragraph at lines 4480--4481

 []


Underfull \hbox (badness 10000) in paragraph at lines 4487--4488

 []


Underfull \hbox (badness 10000) in paragraph at lines 4494--4495

 []


Underfull \hbox (badness 10000) in paragraph at lines 4499--4501

 []


Underfull \hbox (badness 10000) in paragraph at lines 4506--4507

 []

[120]
Underfull \hbox (badness 10000) in paragraph at lines 4512--4513

 []


Underfull \hbox (badness 10000) in paragraph at lines 4517--4519

 []


Underfull \hbox (badness 10000) in paragraph at lines 4524--4525

 []


Underfull \hbox (badness 10000) in paragraph at lines 4530--4531

 []


Underfull \hbox (badness 10000) in paragraph at lines 4540--4541

 []

[121] [122] [123]
File: Figs/h2copdos.eps Graphic file (type eps)
 <Figs/h2copdos.eps> [124] [125] [126] [127] [128] [129]
Underfull \hbox (badness 10000) in paragraph at lines 4871--4874

 []


Underfull \hbox (badness 10000) in paragraph at lines 4878--4880

 []


Underfull \hbox (badness 10000) in paragraph at lines 4886--4887

 []


Underfull \hbox (badness 10000) in paragraph at lines 4892--4893

 []


Underfull \hbox (badness 10000) in paragraph at lines 4898--4899

 []


Underfull \hbox (badness 10000) in paragraph at lines 4905--4906

 []

[130]
Underfull \hbox (badness 10000) in paragraph at lines 4915--4916

 []


Underfull \hbox (badness 10000) in paragraph at lines 4920--4922

 []


Underfull \hbox (badness 10000) in paragraph at lines 4926--4928

 []


Underfull \hbox (badness 10000) in paragraph at lines 4947--4948

 []

[131]
Underfull \hbox (badness 10000) in paragraph at lines 4955--4956

 []


Underfull \hbox (badness 10000) in paragraph at lines 4961--4962

 []


Underfull \hbox (badness 10000) in paragraph at lines 4966--4968

 []

[132]
Underfull \hbox (badness 10000) in paragraph at lines 4973--4974

 []


Underfull \hbox (badness 10000) in paragraph at lines 4978--4980

 []


Underfull \hbox (badness 10000) in paragraph at lines 4986--4987

 []


Underfull \hbox (badness 10000) in paragraph at lines 4992--4993

 []


Underfull \hbox (badness 10000) in paragraph at lines 5002--5002
[]\OT1/ptm/m/n/12 optional; in-com-pat-i-ble with name;
 []


Underfull \hbox (badness 10000) in paragraph at lines 5002--5003

 []

[133]
Overfull \hbox (47.8697pt too wide) in paragraph at lines 5008--5010
\OT1/ptm/m/n/12 spec-i-fied.  [][]
 []


Underfull \hbox (badness 10000) in paragraph at lines 5008--5010

 []


Underfull \hbox (badness 10000) in paragraph at lines 5008--5010

 []


Underfull \hbox (badness 10000) in paragraph at lines 5016--5017

 []


Underfull \hbox (badness 10000) in paragraph at lines 5022--5023

 []


Underfull \hbox (badness 10000) in paragraph at lines 5029--5030

 []

[134]
Underfull \hbox (badness 10000) in paragraph at lines 5036--5037

 []


Underfull \hbox (badness 10000) in paragraph at lines 5043--5044

 []


Underfull \hbox (badness 10000) in paragraph at lines 5048--5061

 []


Underfull \hbox (badness 10000) in paragraph at lines 5066--5067

 []

[135]
Underfull \hbox (badness 10000) in paragraph at lines 5078--5079

 []


Underfull \hbox (badness 10000) in paragraph at lines 5083--5085

 []


Underfull \hbox (badness 10000) in paragraph at lines 5090--5091

 []


Underfull \hbox (badness 10000) in paragraph at lines 5103--5104

 []

[136]
Underfull \hbox (badness 10000) in paragraph at lines 5117--5118

 []


Underfull \hbox (badness 10000) in paragraph at lines 5122--5124

 []


Underfull \hbox (badness 10000) in paragraph at lines 5128--5132

 []

[137]
Underfull \hbox (badness 10000) in paragraph at lines 5137--5138

 []


Underfull \hbox (badness 10000) in paragraph at lines 5142--5143

 []


Overfull \hbox (12.8751pt too wide) in paragraph at lines 5147--5148
[][][]
 []


Underfull \hbox (badness 10000) in paragraph at lines 5147--5148

 []


Underfull \hbox (badness 10000) in paragraph at lines 5147--5148

 []


Underfull \hbox (badness 10000) in paragraph at lines 5152--5153

 []


Overfull \hbox (12.8751pt too wide) in paragraph at lines 5157--5158
[][][]
 []


Underfull \hbox (badness 10000) in paragraph at lines 5157--5158

 []


Underfull \hbox (badness 10000) in paragraph at lines 5157--5158

 []


Underfull \hbox (badness 10000) in paragraph at lines 5162--5183

 []

[138]
Underfull \hbox (badness 10000) in paragraph at lines 5189--5190

 []


Underfull \hbox (badness 10000) in paragraph at lines 5195--5196

 []

[139]
Underfull \hbox (badness 10000) in paragraph at lines 5201--5202

 []


Underfull \hbox (badness 10000) in paragraph at lines 5207--5208

 []


Underfull \hbox (badness 10000) in paragraph at lines 5213--5214

 []


Underfull \hbox (badness 10000) in paragraph at lines 5219--5220

 []

[140]
Overfull \hbox (41.99982pt too wide) in paragraph at lines 5265--5265
[] \OT1/pcr/m/n/12 !VTILDE  TYPE='POLYNOMIAL' RC=1.0 POWER=3 POT(0)=-2.58 !END[
] 
 []


Overfull \hbox (34.79982pt too wide) in paragraph at lines 5265--5265
[] \OT1/pcr/m/n/12 !PSCORE  TYPE='POLYNOMIAL' RC=1.0 POWER=3 RHO(0)=0.05 !END[]
 
 []


Underfull \hbox (badness 10000) in paragraph at lines 5276--5278

 []

[141]
Underfull \hbox (badness 10000) in paragraph at lines 5282--5284

 []


Underfull \hbox (badness 10000) in paragraph at lines 5289--5290

 []


Underfull \hbox (badness 10000) in paragraph at lines 5295--5296

 []


Underfull \hbox (badness 10000) in paragraph at lines 5301--5302

 []


Underfull \hbox (badness 10000) in paragraph at lines 5306--5308

 []

[142]
Underfull \hbox (badness 10000) in paragraph at lines 5313--5314

 []


Underfull \hbox (badness 10000) in paragraph at lines 5318--5321

 []


Underfull \hbox (badness 10000) in paragraph at lines 5326--5327

 []


Underfull \hbox (badness 10000) in paragraph at lines 5332--5333

 []


Underfull \hbox (badness 10000) in paragraph at lines 5338--5339

 []

[143]
Underfull \hbox (badness 10000) in paragraph at lines 5343--5345

 []


Underfull \hbox (badness 10000) in paragraph at lines 5349--5351

 []


Underfull \hbox (badness 10000) in paragraph at lines 5356--5357

 []


Underfull \hbox (badness 10000) in paragraph at lines 5362--5363

 []


Underfull \hbox (badness 10000) in paragraph at lines 5368--5369

 []

[144]
Underfull \hbox (badness 10000) in paragraph at lines 5373--5375

 []


Underfull \hbox (badness 10000) in paragraph at lines 5379--5381

 []


Underfull \hbox (badness 10000) in paragraph at lines 5386--5387

 []


Underfull \hbox (badness 10000) in paragraph at lines 5392--5393

 []


Underfull \hbox (badness 10000) in paragraph at lines 5398--5399

 []


Underfull \hbox (badness 10000) in paragraph at lines 5403--5406

 []

[145]
Underfull \hbox (badness 10000) in paragraph at lines 5421--5422

 []


Underfull \hbox (badness 10000) in paragraph at lines 5427--5428

 []


Underfull \hbox (badness 10000) in paragraph at lines 5434--5435

 []


Underfull \hbox (badness 10000) in paragraph at lines 5440--5441

 []

[146]
Underfull \hbox (badness 10000) in paragraph at lines 5445--5447

 []


Underfull \hbox (badness 10000) in paragraph at lines 5452--5453

 []


Underfull \hbox (badness 10000) in paragraph at lines 5457--5459

 []


Underfull \hbox (badness 10000) in paragraph at lines 5464--5465

 []


Underfull \hbox (badness 10000) in paragraph at lines 5470--5471

 []

[147]
Underfull \hbox (badness 10000) in paragraph at lines 5476--5477

 []


Underfull \hbox (badness 10000) in paragraph at lines 5482--5483

 []


Underfull \hbox (badness 10000) in paragraph at lines 5487--5490

 []


Underfull \hbox (badness 10000) in paragraph at lines 5495--5496

 []


Underfull \hbox (badness 10000) in paragraph at lines 5502--5503

 []


Underfull \hbox (badness 10000) in paragraph at lines 5509--5510

 []

[148]
Underfull \hbox (badness 10000) in paragraph at lines 5516--5517

 []


Underfull \hbox (badness 10000) in paragraph at lines 5522--5523

 []


Underfull \hbox (badness 10000) in paragraph at lines 5528--5529

 []

[149]
Overfull \hbox (47.78049pt too wide) in paragraph at lines 5539--5546
\OT1/ptm/m/n/12 func-tion are printed, un-less dy-nam-i-cal oc-cu-pa-tions are 
se-lected (i.e. \OT1/pcr/m/n/12 !CONTROL!MERMIN\OT1/ptm/m/n/12 ).
 []


Overfull \hbox (4.19952pt too wide) in paragraph at lines 5585--5585
[]\OT1/pcr/m/n/10.95 REAL(8)      :: WAVE(NR1,NR2,NR3) ! density or wave functi
on[] 
 []

[150]
LaTeX Font Info:    External font `cmex10' loaded for size
(Font)              <10.95> on input line 5588.

Overfull \hbox (10.76952pt too wide) in paragraph at lines 5634--5634
[]\OT1/pcr/m/n/10.95 INTEGER(4)  :: LNX(NSP)      !#(PARTIAL WAVES PER ATOM (L,
N))[] 
 []


Overfull \hbox (17.33951pt too wide) in paragraph at lines 5634--5634
[]\OT1/pcr/m/n/10.95 REAL(8)     :: XK(3)         ! K-POINT IN RELATIVE COORDIN
ATES[] 
 []


Overfull \hbox (23.9095pt too wide) in paragraph at lines 5634--5634
[]\OT1/pcr/m/n/10.95 !*********************************************************
*****[] 
 []


Overfull \hbox (17.33951pt too wide) in paragraph at lines 5634--5634
[]\OT1/pcr/m/n/10.95 &                                   ,OV(1:LNX(ISP),1:LNX(I
SP))[] 
 []

[151] [152]
Overfull \hbox (4.19952pt too wide) in paragraph at lines 5794--5794
[]\OT1/pcr/m/n/10.95 GE.............=    2.002319     :ELECRON GYROMAGNETIC RAT
IO[] 
 []


Overfull \hbox (4.19952pt too wide) in paragraph at lines 5794--5794
[]\OT1/pcr/m/n/10.95 KB.............=    3.166679E-06 :BOLTZMANN CONSTANT IN A.
U.[] 
 []

[153] [154] [155]
Overfull \hbox (8.94733pt too wide) in paragraph at lines 5834--5838
\OT1/ptm/m/n/10.95 The hy-per-fine pa-ram-e-ters mea-sure the split-ting of sev
-eral tran-si-tions, each of which switches
 []

[156]
Overfull \hbox (17.44003pt too wide) in paragraph at lines 5906--5909
\OT1/ptm/m/n/10.95 The mag-netic field is ei-ther given in mil-liTesla, in Oer-
sted or in Gauss (1 Oe=1 gauss=10$[]$ T). 
 []

[157]
Overfull \hbox (4.19952pt too wide) in paragraph at lines 5956--5956
[]\OT1/pcr/m/n/10.95 SY   Z  MASS[U] R(COV) R(ASA) R(VDW) CONFIGURATION  #(NODE
S)[] 
 []


Overfull \hbox (4.19952pt too wide) in paragraph at lines 5956--5956
[]\OT1/pcr/m/n/10.95 ----------------------------------------------------------
--[] 
 []

[158]
Overfull \hbox (4.19952pt too wide) in paragraph at lines 5998--5998
[]\OT1/pcr/m/n/10.95 SY   Z  MASS[U] R(COV) R(ASA) R(VDW) CONFIGURATION  #(NODE
S)[] 
 []


Overfull \hbox (4.19952pt too wide) in paragraph at lines 5998--5998
[]\OT1/pcr/m/n/10.95 ----------------------------------------------------------
--[] 
 []

[159]
Overfull \hbox (4.19952pt too wide) in paragraph at lines 6040--6040
[]\OT1/pcr/m/n/10.95 SY   Z  MASS[U] R(COV) R(ASA) R(VDW) CONFIGURATION  #(NODE
S)[] 
 []


Overfull \hbox (4.19952pt too wide) in paragraph at lines 6040--6040
[]\OT1/pcr/m/n/10.95 ----------------------------------------------------------
--[] 
 []


Overfull \hbox (4.19952pt too wide) in paragraph at lines 6040--6040
[]\OT1/pcr/m/n/10.95 FR  87  223.020  4.724  5.222  9.260 [RN]S1         S6P5D3
F1[] 
 []


Overfull \hbox (4.19952pt too wide) in paragraph at lines 6040--6040
[]\OT1/pcr/m/n/10.95 RA  88  226.025  3.779  4.178  6.949 [RN]S2         S6P5D3
F1[] 
 []


Overfull \hbox (4.19952pt too wide) in paragraph at lines 6040--6040
[]\OT1/pcr/m/n/10.95 AC  89  227.028  3.118  3.446  6.572 [RN]S2D1       S6P5D3
F1[] 
 []


Overfull \hbox (4.19952pt too wide) in paragraph at lines 6040--6040
[]\OT1/pcr/m/n/10.95 TH  90  232.038  3.118  3.446  6.418 [RN]S2D2       S6P5D3
F1[] 
 []


Overfull \hbox (4.19952pt too wide) in paragraph at lines 6040--6040
[]\OT1/pcr/m/n/10.95 PA  91  231.036  3.118  3.446  6.470 [RN]S2D1F2     S6P5D3
F1[] 
 []


Overfull \hbox (4.19952pt too wide) in paragraph at lines 6040--6040
[]\OT1/pcr/m/n/10.95 U   92  238.029  2.683  2.966  6.416 [RN]S2D1F3     S6P5D3
F1[] 
 []


Overfull \hbox (4.19952pt too wide) in paragraph at lines 6040--6040
[]\OT1/pcr/m/n/10.95 NP  93  237.048  3.080  3.405  6.470 [RN]S2D1F4     S6P5D3
F1[] 
 []


Overfull \hbox (4.19952pt too wide) in paragraph at lines 6040--6040
[]\OT1/pcr/m/n/10.95 PU  94  244.064  3.061  3.384  6.470 [RN]S2F6       S6P5D3
F1[] 
 []


Overfull \hbox (4.19952pt too wide) in paragraph at lines 6040--6040
[]\OT1/pcr/m/n/10.95 AM  95  243.061  3.496  3.864  6.389 [RN]S2F7       S6P5D3
F1[] 
 []


Overfull \hbox (4.19952pt too wide) in paragraph at lines 6040--6040
[]\OT1/pcr/m/n/10.95 CM  96  247.070  3.042  3.363  6.285 [RN]S2D1F7     S6P5D3
F1[] 
 []


Overfull \hbox (4.19952pt too wide) in paragraph at lines 6040--6040
[]\OT1/pcr/m/n/10.95 BK  97  247.070  3.005  3.321  6.310 [RN]S2F9       S6P5D3
F1[] 
 []


Overfull \hbox (4.19952pt too wide) in paragraph at lines 6040--6040
[]\OT1/pcr/m/n/10.95 CF  98  251.080  3.005  3.321  6.261 [RN]S2F10      S6P5D3
F1[] 
 []


Overfull \hbox (4.19952pt too wide) in paragraph at lines 6040--6040
[]\OT1/pcr/m/n/10.95 ES  99  252.083  2.986  3.300  6.234 [RN]S2F11      S6P5D3
F1[] 
 []


Overfull \hbox (4.19952pt too wide) in paragraph at lines 6040--6040
[]\OT1/pcr/m/n/10.95 FM 100  257.095  2.967  3.279  6.210 [RN]S2F12      S6P5D3
F1[] 
 []


Overfull \hbox (4.19952pt too wide) in paragraph at lines 6040--6040
[]\OT1/pcr/m/n/10.95 MD 101  258.099  2.948  3.259  6.187 [RN]S2F13      S6P5D3
F1[] 
 []


Overfull \hbox (4.19952pt too wide) in paragraph at lines 6040--6040
[]\OT1/pcr/m/n/10.95 NO 102  259.101  3.288  3.634  6.138 [RN]S2F14      S6P5D3
F1[] 
 []


Overfull \hbox (4.19952pt too wide) in paragraph at lines 6040--6040
[]\OT1/pcr/m/n/10.95 LR 103  260.105  2.948  3.259  6.115 [RN]S2D1F14    S6P5D3
F1[] 
 []


Overfull \hbox (4.19952pt too wide) in paragraph at lines 6040--6040
[]\OT1/pcr/m/n/10.95 RF 104  261.109  2.721  3.008  6.614 [RN]S2D2F14    S6P5D3
F1[] 
 []


Overfull \hbox (4.19952pt too wide) in paragraph at lines 6040--6040
[]\OT1/pcr/m/n/10.95 HA 105  262.114  2.532  2.799  6.614 [RN]S2D3F14    S6P5D3
F1[] 
 []

[160] [161] [162] [163] [164] [165]
Overfull \hbox (4.96997pt too wide) in paragraph at lines 6255--6258
[]\OT1/ptm/m/n/12 A com-pressed tar file con-tain-ing the PAW di-rec-tory and a
tomic
 []


Overfull \hbox (21.15996pt too wide) in paragraph at lines 6275--6280
[]\OT1/ptm/m/n/12 is a tool for pub-li-ca-tion ready xy-graphs. De-vel-oped ori
g-i-nally by Paul J. Turner
 []

[166]
Underfull \hbox (badness 5133) in paragraph at lines 6300--6305
[]\OT1/ptm/m/n/12 The En-gi-neer-ing and Sci-en-tific Soubrou-tines Li-brary
 []


Underfull \hbox (badness 1460) in paragraph at lines 6300--6305
\OT1/ptm/m/n/12 (ESSL)[[]]. The first ver-sion is for pow-erpc pro-ces-sors the
 other
 []


Underfull \hbox (badness 2005) in paragraph at lines 6300--6305
\OT1/ptm/m/n/12 for the power2 ar-chi-tec-ture. You can check the ver-sion num-
bers
 []

[167]
Overfull \hbox (24.87163pt too wide) in paragraph at lines 6349--6352
\OT1/ptm/m/n/12 tro-duce \OT1/ptm/m/it/12 your \OT1/ptm/m/n/12 ac-tual name for
 the PAW di-rec-tory, in-stead of ``\OT1/pcr/m/n/12 /home/blo/PAW\OT1/ptm/m/n/1
2 ''. 
 []

[168] [169] [170]
Underfull \hbox (badness 10000) in paragraph at lines 6491--6492
[]\OT1/ptm/m/n/12 !CONTROL!GENERIC:STOREPSIR 
 []


Underfull \hbox (badness 10000) in paragraph at lines 6492--6493
[]\OT1/ptm/m/n/12 !CONTROL!PSIDYN:AUTO 
 []


Underfull \hbox (badness 10000) in paragraph at lines 6493--6494
[]\OT1/ptm/m/n/12 !CONTROL!RDYN:AUTO 
 []


Underfull \hbox (badness 10000) in paragraph at lines 6494--6495
[]\OT1/ptm/m/n/12 !CONTROL!FILES!FILE:IDENT 
 []


Underfull \hbox (badness 10000) in paragraph at lines 6495--6496
[]\OT1/ptm/m/n/12 !STRUCTURE!GENERIC:NBAND 
 []


Underfull \hbox (badness 10000) in paragraph at lines 6496--6497
[]\OT1/ptm/m/n/12 !STRUCTURE!GENERIC:NSPIN 
 []


Underfull \hbox (badness 10000) in paragraph at lines 6497--6498
[]\OT1/ptm/m/n/12 !STRUCTURE!GENERIC:CHARGE[-QEL]
 []


Underfull \hbox (badness 10000) in paragraph at lines 6498--6499
[]\OT1/ptm/m/n/12 !STRUCTURE!GENERIC:SPIN[-QEL] 
 []


Underfull \hbox (badness 10000) in paragraph at lines 6499--6500
[]\OT1/ptm/m/n/12 !STRUCTURE!OCCUP 
 []

[171]
Underfull \hbox (badness 10000) in paragraph at lines 6500--6501
[]\OT1/ptm/m/n/12 !CNTL!PSIDYN:SAVEORTHO 
 []


Underfull \hbox (badness 10000) in paragraph at lines 6502--6503
[]\OT1/ptm/m/n/12 !CONTROL!RNOSE 
 []


Underfull \hbox (badness 10000) in paragraph at lines 6503--6504
[]\OT1/ptm/m/n/12 !CONTROL!PSINOSE 
 []

[172] [173] [174] [175]
Underfull \hbox (badness 10000) in paragraph at lines 6896--6900
[]\OT1/ptm/m/n/12 Cerius$[]$ is a prod-uct of Molec-u-lar Sim-u-la-tions Inc. S
ee
 []

[176]
Underfull \hbox (badness 1189) in paragraph at lines 6938--6942
[]\OT1/ptm/m/n/12 ``Adiabaticity in first-principles molec-u-lar dy-nam-ics'', 
P.E. Bl[]ochl and
 []


Underfull \hbox (badness 1924) in paragraph at lines 6963--6966
[]\OT1/ptm/m/n/12 For in-for-ma-tion of soft-ware from the free soft-ware foun-
da-tion, see
 []

[177] [178] (manual.aux) ) 
Here is how much of TeX's memory you used:
 848 strings out of 25901
 10117 string characters out of 197579
 57308 words of memory out of 384000
 3807 multiletter control sequences out of 10000+15000
 16384 words of font info for 46 fonts, out of 400000 for 1000
 14 hyphenation exceptions out of 1000
 24i,10n,24p,467b,400s stack positions out of 300i,100n,500p,50000b,4000s

Output written on manual.dvi (186 pages, 401824 bytes).
