This is TeX, Version 3.14159 (Web2C 7.3.1) (format=latex 2001.1.19)  29 APR 2001 10:09
**changes.tex
(changes.tex
LaTeX2e <1999/12/01> patch level 1
Babel <v3.6Z> and hyphenation patterns for american, french, german, ngerman, n
ohyphenation, loaded.
(/usr/share/texmf/tex/latex/base/article.cls
Document Class: article 1999/09/10 v1.4a Standard LaTeX document class
(/usr/share/texmf/tex/latex/base/size12.clo
File: size12.clo 1999/09/10 v1.4a Standard LaTeX file (size option)
)
\c@part=\count79
\c@section=\count80
\c@subsection=\count81
\c@subsubsection=\count82
\c@paragraph=\count83
\c@subparagraph=\count84
\c@figure=\count85
\c@table=\count86
\abovecaptionskip=\skip41
\belowcaptionskip=\skip42
\bibindent=\dimen102
)
(/usr/share/texmf/tex/latex/psnfss/times.sty
Package: times 1999/03/29 PSNFSS v.7.2 Times font as default roman : S Rahtz
)
(/usr/share/texmf/tex/latex/base/ifthen.sty
Package: ifthen 1999/09/10 v1.1b Standard LaTeX ifthen package (DPC)
)
(/usr/share/texmf/tex/latex/graphics/graphics.sty
Package: graphics 1999/02/16 v1.0l Standard LaTeX Graphics (DPC,SPQR)

(/usr/share/texmf/tex/latex/graphics/trig.sty
Package: trig 1999/03/16 v1.09 sin cos tan (DPC)
)
(/usr/share/texmf/tex/latex/config/graphics.cfg)
Package graphics Info: Driver file: dvips.def on input line 80.

(/usr/share/texmf/tex/latex/graphics/dvips.def
File: dvips.def 1999/02/16 v3.0i Driver-dependant file (DPC,SPQR)
))
(/usr/share/texmf/tex/latex/graphics/color.sty
Package: color 1999/02/16 v1.0i Standard LaTeX Color (DPC)

(/usr/share/texmf/tex/latex/config/color.cfg)
Package color Info: Driver file: dvips.def on input line 125.

(/usr/share/texmf/tex/latex/graphics/dvipsnam.def
File: dvipsnam.def 1999/02/16 v3.0i Driver-dependant file (DPC,SPQR)
))
(/usr/share/texmf/tex/latex/misc/shadow.sty
Style Option: `shadow' v1.2.1 <16 September 1996> (M.O.)
\txtwdth=\dimen103
\sht=\dimen104
\shw=\dimen105
\shbox=\box26
\sboxsep=\dimen106
\sboxrule=\dimen107
\sdim=\dimen108
) (changes.aux)
\openout1 = `changes.aux'.

LaTeX Font Info:    Checking defaults for OML/cmm/m/it on input line 71.
LaTeX Font Info:    ... okay on input line 71.
LaTeX Font Info:    Checking defaults for T1/cmr/m/n on input line 71.
LaTeX Font Info:    ... okay on input line 71.
LaTeX Font Info:    Checking defaults for OT1/cmr/m/n on input line 71.
LaTeX Font Info:    ... okay on input line 71.
LaTeX Font Info:    Checking defaults for OMS/cmsy/m/n on input line 71.
LaTeX Font Info:    ... okay on input line 71.
LaTeX Font Info:    Checking defaults for OMX/cmex/m/n on input line 71.
LaTeX Font Info:    ... okay on input line 71.
LaTeX Font Info:    Checking defaults for U/cmr/m/n on input line 71.
LaTeX Font Info:    ... okay on input line 71.
LaTeX Font Info:    Try loading font information for OT1+ptm on input line 71.
 (/usr/share/texmf/tex/latex/psnfss/ot1ptm.fd
File: ot1ptm.fd 1998/07/06 Fontinst v1.800 font definitions for OT1/ptm.
)
LaTeX Font Info:    Font shape `OT1/ptm/bx/n' in size <20.74> not available
(Font)              Font shape `OT1/ptm/b/n' tried instead on input line 72.
LaTeX Font Info:    Font shape `OT1/ptm/bx/n' in size <24.88> not available
(Font)              Font shape `OT1/ptm/b/n' tried instead on input line 72.
File: big.eps Graphic file (type eps)
 <big.eps>
LaTeX Font Info:    External font `cmex10' loaded for size
(Font)              <14.4> on input line 72.
LaTeX Font Info:    External font `cmex10' loaded for size
(Font)              <7> on input line 72.


LaTeX Warning: No \author given.

LaTeX Font Info:    External font `cmex10' loaded for size
(Font)              <12> on input line 76.
LaTeX Font Info:    External font `cmex10' loaded for size
(Font)              <8> on input line 76.
LaTeX Font Info:    External font `cmex10' loaded for size
(Font)              <6> on input line 76.
LaTeX Font Info:    External font `cmex10' loaded for size
(Font)              <5> on input line 77.
LaTeX Font Info:    Font shape `OT1/ptm/bx/n' in size <10> not available
(Font)              Font shape `OT1/ptm/b/n' tried instead on input line 77.

LaTeX Warning: Citation `Pdcat' on page 1 undefined on input line 77.

[1

] [2]
LaTeX Font Info:    Font shape `OT1/ptm/bx/n' in size <17.28> not available
(Font)              Font shape `OT1/ptm/b/n' tried instead on input line 79.
 (changes.toc
LaTeX Font Info:    Font shape `OT1/ptm/bx/n' in size <12> not available
(Font)              Font shape `OT1/ptm/b/n' tried instead on input line 1.
)
\tf@toc=\write3
\openout3 = `changes.toc'.

 [3]
LaTeX Font Info:    Try loading font information for OMS+ptm on input line 87.
 (/usr/share/texmf/tex/latex/psnfss/omsptm.fd
File: omsptm.fd 
)
LaTeX Font Info:    Font shape `OMS/ptm/m/n' in size <12> not available
(Font)              Font shape `OMS/cmsy/m/n' tried instead on input line 87.
LaTeX Font Info:    Try loading font information for OT1+pcr on input line 88.

(/usr/share/texmf/tex/latex/psnfss/ot1pcr.fd
File: ot1pcr.fd 1998/07/06 Fontinst v1.800 font definitions for OT1/pcr.
)
Overfull \hbox (92.9745pt too wide) in paragraph at lines 121--121
 []\OT1/pcr/m/n/12 /usr/absoft/lib/libfio.a(lowlevel.o): In function `_temp_fil
e':[] 
 []


Overfull \hbox (208.17445pt too wide) in paragraph at lines 121--121
 []\OT1/pcr/m/n/12 lowlevel.o(.text+0x10): the use of `tempnam' is dangerous, b
etter use `mkstemp'[] 
 []


Overfull \hbox (136.17448pt too wide) in paragraph at lines 121--121
 []\OT1/pcr/m/n/12 /home/blo/Tree/PAW//Objects/dbg/paw_library.o: In function `
passf5_':[] 
 []


Overfull \hbox (35.37453pt too wide) in paragraph at lines 121--121
 []\OT1/pcr/m/n/12 paw_library_d.f90:407: undefined reference to `dgetri_'[] 
 []


Overfull \hbox (28.17453pt too wide) in paragraph at lines 121--121
 []\OT1/pcr/m/n/12 paw_library_d.f90:468: undefined reference to `dspev_'[] 
 []


Overfull \hbox (28.17453pt too wide) in paragraph at lines 121--121
 []\OT1/pcr/m/n/12 paw_library_d.f90:547: undefined reference to `zhpev_'[] 
 []


Overfull \hbox (42.57452pt too wide) in paragraph at lines 121--121
 []\OT1/pcr/m/n/12 paw_library_d.f90:1294: undefined reference to `dgelss_'[] 
 []


Overfull \hbox (452.97435pt too wide) in paragraph at lines 121--121
 []\OT1/pcr/m/n/12 /home/blo/Tree/Libraries/Packages/ATLAS//lib/Linux_ATHLON//l
iblapack.a(ATL_dgetrfC.o): In function `ATL_dgetrfC':[] 
 []


Overfull \hbox (92.9745pt too wide) in paragraph at lines 121--121
 []\OT1/pcr/m/n/12 ATL_dgetrfC.o(.text+0xf1): undefined reference to `cblas_dtr
sm'[] 
 []


Overfull \hbox (100.1745pt too wide) in paragraph at lines 121--121
 []\OT1/pcr/m/n/12 ATL_dgetrfC.o(.text+0x131): undefined reference to `cblas_dg
emm'[] 
 []


Overfull \hbox (107.3745pt too wide) in paragraph at lines 121--121
 []\OT1/pcr/m/n/12 ATL_dgetrfC.o(.text+0x1b9): undefined reference to `cblas_id
amax'[] 
 []


Overfull \hbox (100.1745pt too wide) in paragraph at lines 121--121
 []\OT1/pcr/m/n/12 ATL_dgetrfC.o(.text+0x201): undefined reference to `cblas_ds
cal'[] 
 []


Overfull \hbox (452.97435pt too wide) in paragraph at lines 121--121
 []\OT1/pcr/m/n/12 /home/blo/Tree/Libraries/Packages/ATLAS//lib/Linux_ATHLON//l
iblapack.a(ATL_dgetrfR.o): In function `ATL_dgetrfR':[] 
 []


Overfull \hbox (92.9745pt too wide) in paragraph at lines 121--121
 []\OT1/pcr/m/n/12 ATL_dgetrfR.o(.text+0xf2): undefined reference to `cblas_dtr
sm'[] 
 []


Overfull \hbox (100.1745pt too wide) in paragraph at lines 121--121
 []\OT1/pcr/m/n/12 ATL_dgetrfR.o(.text+0x130): undefined reference to `cblas_dg
emm'[] 
 []


Overfull \hbox (107.3745pt too wide) in paragraph at lines 121--121
 []\OT1/pcr/m/n/12 ATL_dgetrfR.o(.text+0x1b5): undefined reference to `cblas_id
amax'[] 
 []


Overfull \hbox (100.1745pt too wide) in paragraph at lines 121--121
 []\OT1/pcr/m/n/12 ATL_dgetrfR.o(.text+0x1f9): undefined reference to `cblas_ds
cal'[] 
 []

[1] (changes.aux)

LaTeX Warning: There were undefined references.

 ) 
Here is how much of TeX's memory you used:
 790 strings out of 25901
 9486 string characters out of 197578
 53308 words of memory out of 384000
 3754 multiletter control sequences out of 10000+15000
 13649 words of font info for 39 fonts, out of 400000 for 1000
 14 hyphenation exceptions out of 1000
 26i,8n,24p,181b,279s stack positions out of 300i,100n,500p,50000b,4000s

Output written on changes.dvi (4 pages, 4516 bytes).
